1699282526765	geckodriver	INFO	Listening on 127.0.0.1:60160
1699282529808	mozrunner::runner	INFO	Running command: "C:\\Program Files\\Mozilla Firefox\\firefox.exe" "--marionette" "--remote-debugging-port" "60161" "--remote-allow-hosts" "localhost" "-no-remote" "-profile" "C:\\Users\\siddh\\AppData\\Local\\Temp\\rust_mozprofileYENdkX"
console.warn: services.settings: Ignoring preference override of remote settings server
console.warn: services.settings: Allow by setting MOZ_REMOTE_SETTINGS_DEVTOOLS=1 in the environment
1699282530437	Marionette	INFO	Marionette enabled
Dynamically enable window occlusion 0
1699282530510	Marionette	INFO	Listening on port 60212
WebDriver BiDi listening on ws://127.0.0.1:60161
Read port: 60212
1699282530723	RemoteAgent	WARN	TLS certificate errors will be ignored for this session
DevTools listening on ws://127.0.0.1:60161/devtools/browser/4b6ac4c1-4441-44ea-83dc-96b8eb26aaa6
JavaScript warning: https://pagead2.googlesyndication.com/bg/4WwaGfWzeDAeGvs0ZrtmWMJUG7fu6zGPBJzQt4duOkA.js line 2 > eval line 3313 > eval line 1 > eval line 1 > eval, line 1: WEBGL_debug_renderer_info is deprecated in Firefox and will be removed. Please use RENDERER.
1699282560512	addons.xpi	ERROR	System addon update list error SyntaxError: XMLHttpRequest.open: 'http://%(server)s/dummy-system-addons.xml' is not a valid URL.
1699282627722	Marionette	INFO	Stopped listening on port 60212
JavaScript warning: https://surveys-static.survicate.com/widget_core-20.5.13.js, line 1: Script terminated by timeout at:
consumeRequests/<@https://surveys-static.survicate.com/widget_core-20.5.13.js:1:216111

Dynamically enable window occlusion 1
1699282640069	geckodriver	INFO	Listening on 127.0.0.1:60786
1699282643111	mozrunner::runner	INFO	Running command: "C:\\Program Files\\Mozilla Firefox\\firefox.exe" "--marionette" "--remote-debugging-port" "60787" "--remote-allow-hosts" "localhost" "-no-remote" "-profile" "C:\\Users\\siddh\\AppData\\Local\\Temp\\rust_mozprofilecImPXC"
console.warn: services.settings: Ignoring preference override of remote settings server
console.warn: services.settings: Allow by setting MOZ_REMOTE_SETTINGS_DEVTOOLS=1 in the environment
1699282644055	Marionette	INFO	Marionette enabled
Dynamically enable window occlusion 0
1699282644192	Marionette	INFO	Listening on port 60838
WebDriver BiDi listening on ws://127.0.0.1:60787
Read port: 60838
1699282644570	RemoteAgent	WARN	TLS certificate errors will be ignored for this session
DevTools listening on ws://127.0.0.1:60787/devtools/browser/817a128a-f34a-4c29-815d-187278a3b21b
console.error: (new InvalidStateError("JSWindowActorChild.sendAsyncMessage: JSWindowActorChild cannot send at the moment", (void 0), 565))
console.error: (new InvalidStateError("JSWindowActorChild.sendAsyncMessage: JSWindowActorChild cannot send at the moment", (void 0), 565))
JavaScript error: resource:///modules/FaviconLoader.sys.mjs, line 580: InvalidStateError: JSWindowActorChild.sendAsyncMessage: JSWindowActorChild cannot send at the moment
JavaScript error: resource:///modules/FaviconLoader.sys.mjs, line 580: InvalidStateError: JSWindowActorChild.sendAsyncMessage: JSWindowActorChild cannot send at the moment
JavaScript warning: https://pagead2.googlesyndication.com/bg/4WwaGfWzeDAeGvs0ZrtmWMJUG7fu6zGPBJzQt4duOkA.js line 2 > eval line 3580 > eval line 1 > eval line 1 > eval, line 1: WEBGL_debug_renderer_info is deprecated in Firefox and will be removed. Please use RENDERER.
1699282674101	addons.xpi	ERROR	System addon update list error SyntaxError: XMLHttpRequest.open: 'http://%(server)s/dummy-system-addons.xml' is not a valid URL.
1699282932078	geckodriver	INFO	Listening on 127.0.0.1:62770
1699282935125	mozrunner::runner	INFO	Running command: "C:\\Program Files\\Mozilla Firefox\\firefox.exe" "--marionette" "--remote-debugging-port" "62771" "--remote-allow-hosts" "localhost" "-no-remote" "-profile" "C:\\Users\\siddh\\AppData\\Local\\Temp\\rust_mozprofile95fM4u"
console.warn: services.settings: Ignoring preference override of remote settings server
console.warn: services.settings: Allow by setting MOZ_REMOTE_SETTINGS_DEVTOOLS=1 in the environment
1699282935735	Marionette	INFO	Marionette enabled
Dynamically enable window occlusion 0
1699282935836	Marionette	INFO	Listening on port 62815
WebDriver BiDi listening on ws://127.0.0.1:62771
Read port: 62815
1699282936063	RemoteAgent	WARN	TLS certificate errors will be ignored for this session
DevTools listening on ws://127.0.0.1:62771/devtools/browser/2fdc895a-de0b-4edb-b473-4db90e12c9c7
JavaScript warning: https://pagead2.googlesyndication.com/bg/4WwaGfWzeDAeGvs0ZrtmWMJUG7fu6zGPBJzQt4duOkA.js line 2 > eval line 692 > eval line 1 > eval line 1 > eval, line 1: WEBGL_debug_renderer_info is deprecated in Firefox and will be removed. Please use RENDERER.
1699282966028	addons.xpi	ERROR	System addon update list error SyntaxError: XMLHttpRequest.open: 'http://%(server)s/dummy-system-addons.xml' is not a valid URL.
JavaScript warning: https://pagead2.googlesyndication.com/bg/4WwaGfWzeDAeGvs0ZrtmWMJUG7fu6zGPBJzQt4duOkA.js line 2 > eval line 6436 > eval line 1 > eval line 1 > eval, line 1: WEBGL_debug_renderer_info is deprecated in Firefox and will be removed. Please use RENDERER.
1699283033946	Marionette	INFO	Stopped listening on port 62815
JavaScript warning: https://cdn.doubleverify.com/dv-measurements4866.js, line 2: Script terminated by timeout at:
2478/runSafelyWhenInvoked/<@https://cdn.doubleverify.com/dv-measurements4866.js:2:266478

JavaScript warning: https://surveys-static.survicate.com/widget_core-20.5.13.js, line 1: Script terminated by timeout at:
consumeRequests/<@https://surveys-static.survicate.com/widget_core-20.5.13.js:1:216111

Dynamically enable window occlusion 1
1699283045049	geckodriver	INFO	Listening on 127.0.0.1:50462
1699283048101	mozrunner::runner	INFO	Running command: "C:\\Program Files\\Mozilla Firefox\\firefox.exe" "--marionette" "--remote-debugging-port" "50463" "--remote-allow-hosts" "localhost" "-no-remote" "-profile" "C:\\Users\\siddh\\AppData\\Local\\Temp\\rust_mozprofileiDYrVd"
console.warn: services.settings: Ignoring preference override of remote settings server
console.warn: services.settings: Allow by setting MOZ_REMOTE_SETTINGS_DEVTOOLS=1 in the environment
1699283048729	Marionette	INFO	Marionette enabled
Dynamically enable window occlusion 0
1699283048802	Marionette	INFO	Listening on port 50509
WebDriver BiDi listening on ws://127.0.0.1:50463
Read port: 50509
1699283048998	RemoteAgent	WARN	TLS certificate errors will be ignored for this session
DevTools listening on ws://127.0.0.1:50463/devtools/browser/cdfb3eda-40e8-482d-9b93-04fb483f103d
JavaScript warning: https://pagead2.googlesyndication.com/bg/4WwaGfWzeDAeGvs0ZrtmWMJUG7fu6zGPBJzQt4duOkA.js line 2 > eval line 2968 > eval line 1 > eval line 1 > eval, line 1: WEBGL_debug_renderer_info is deprecated in Firefox and will be removed. Please use RENDERER.
1699283079253	addons.xpi	ERROR	System addon update list error SyntaxError: XMLHttpRequest.open: 'http://%(server)s/dummy-system-addons.xml' is not a valid URL.
1699283109480	Marionette	WARN	Ignoring event 'DOMContentLoaded' because document has an invalid readyState of 'complete'.
JavaScript error: https://stc.aeplcdn.com/staticminv2/js/bootstrap.772ab6b527.en.js, line 1: ChunkLoadError: Loading chunk defaultvendors-b64ad3764e669b46d34322d6b0b1679b failed.
(error: https://stc.aeplcdn.com/staticminv2/js/defaultvendors-b64ad3764e669b46d34322d6b0b1679b.b900415645.en.js)
JavaScript error: https://stc.aeplcdn.com/staticminv2/js/bootstrap.772ab6b527.en.js, line 1: ChunkLoadError: Loading chunk emicalculatorctapwa failed.
(error: https://stc.aeplcdn.com/staticminv2/js/emicalculatorctapwa.b9029238f4.en.js)
JavaScript error: https://stc.aeplcdn.com/staticminv2/js/bootstrap.772ab6b527.en.js, line 1: ChunkLoadError: Loading chunk defaultvendors-c3fbfad5cf562e0215c3958bbc9898fc failed.
(error: https://stc.aeplcdn.com/staticminv2/js/defaultvendors-c3fbfad5cf562e0215c3958bbc9898fc.282de9a8cc.en.js)
JavaScript error: https://stc.aeplcdn.com/staticminv2/js/bootstrap.772ab6b527.en.js, line 1: ChunkLoadError: Loading chunk loadable-global-location-popup failed.
(error: https://stc.aeplcdn.com/staticminv2/js/loadable-global-location-popup.9fb9f9462b.en.js)
1699283261302	geckodriver	INFO	Listening on 127.0.0.1:52011
1699283264346	mozrunner::runner	INFO	Running command: "C:\\Program Files\\Mozilla Firefox\\firefox.exe" "--marionette" "--remote-debugging-port" "52012" "--remote-allow-hosts" "localhost" "-no-remote" "-profile" "C:\\Users\\siddh\\AppData\\Local\\Temp\\rust_mozprofilex2ZjPQ"
console.warn: services.settings: Ignoring preference override of remote settings server
console.warn: services.settings: Allow by setting MOZ_REMOTE_SETTINGS_DEVTOOLS=1 in the environment
1699283264945	Marionette	INFO	Marionette enabled
Dynamically enable window occlusion 0
1699283265013	Marionette	INFO	Listening on port 52044
WebDriver BiDi listening on ws://127.0.0.1:52012
Read port: 52044
1699283265262	RemoteAgent	WARN	TLS certificate errors will be ignored for this session
DevTools listening on ws://127.0.0.1:52012/devtools/browser/97b8229e-30e6-40be-bebc-b03f259c3728
JavaScript warning: https://pagead2.googlesyndication.com/bg/4WwaGfWzeDAeGvs0ZrtmWMJUG7fu6zGPBJzQt4duOkA.js line 2 > eval line 7722 > eval line 1 > eval line 1 > eval, line 1: WEBGL_debug_renderer_info is deprecated in Firefox and will be removed. Please use RENDERER.
1699283295365	addons.xpi	ERROR	System addon update list error SyntaxError: XMLHttpRequest.open: 'http://%(server)s/dummy-system-addons.xml' is not a valid URL.
1699283394087	Marionette	WARN	Ignoring event 'DOMContentLoaded' because document has an invalid readyState of 'complete'.
JavaScript error: https://stc.aeplcdn.com/staticminv2/js/bootstrap.772ab6b527.en.js, line 1: ChunkLoadError: Loading chunk defaultvendors-b64ad3764e669b46d34322d6b0b1679b failed.
(error: https://stc.aeplcdn.com/staticminv2/js/defaultvendors-b64ad3764e669b46d34322d6b0b1679b.b900415645.en.js)
JavaScript error: https://stc.aeplcdn.com/staticminv2/js/bootstrap.772ab6b527.en.js, line 1: ChunkLoadError: Loading chunk emicalculatorctapwa failed.
(error: https://stc.aeplcdn.com/staticminv2/js/emicalculatorctapwa.b9029238f4.en.js)
JavaScript error: https://stc.aeplcdn.com/staticminv2/js/bootstrap.772ab6b527.en.js, line 1: ChunkLoadError: Loading chunk defaultvendors-c3fbfad5cf562e0215c3958bbc9898fc failed.
(error: https://stc.aeplcdn.com/staticminv2/js/defaultvendors-c3fbfad5cf562e0215c3958bbc9898fc.282de9a8cc.en.js)
JavaScript error: https://stc.aeplcdn.com/staticminv2/js/bootstrap.772ab6b527.en.js, line 1: ChunkLoadError: Loading chunk loadable-global-location-popup failed.
(error: https://stc.aeplcdn.com/staticminv2/js/loadable-global-location-popup.9fb9f9462b.en.js)
JavaScript warning: https://www.youtube.com/s/player/9d15588c/www-embed-player.vflset/www-embed-player.js, line 884: Script terminated by timeout at:
R@https://www.youtube.com/s/player/9d15588c/www-embed-player.vflset/www-embed-player.js:884:131
Yx<@https://www.youtube.com/s/player/9d15588c/www-embed-player.vflset/www-embed-player.js:1874:98
ll/<@https://www.youtube.com/s/player/9d15588c/www-embed-player.vflset/www-embed-player.js:868:63

JavaScript warning: https://www.google.com/js/th/FHpo6pEqcSRgVdNkQyOrWf56osNa_SwdaUPxzrL5JrM.js line 2 > eval line 5884 > eval line 1 > eval line 1 > eval, line 1: WEBGL_debug_renderer_info is deprecated in Firefox and will be removed. Please use RENDERER.
JavaScript error: https://stc.aeplcdn.com/staticminv2/js/bootstrap.772ab6b527.en.js, line 1: ChunkLoadError: Loading chunk defaultvendors-c308d2cf88701799bdd53704299dc1f2 failed.
(error: https://stc.aeplcdn.com/staticminv2/js/defaultvendors-c308d2cf88701799bdd53704299dc1f2.af638972a1.en.js)
JavaScript error: https://stc.aeplcdn.com/staticminv2/js/bootstrap.772ab6b527.en.js, line 1: ChunkLoadError: Loading chunk defaultvendors-c308d2cf88701799bdd53704299dc1f2 failed.
(error: https://stc.aeplcdn.com/staticminv2/js/defaultvendors-c308d2cf88701799bdd53704299dc1f2.af638972a1.en.js)
JavaScript error: https://stc.aeplcdn.com/staticminv2/js/bootstrap.772ab6b527.en.js, line 1: ChunkLoadError: Loading chunk location-popup-content-pv2 failed.
(error: https://stc.aeplcdn.com/staticminv2/js/location-popup-content-pv2.9455f6862f.en.js)
JavaScript error: https://stc.aeplcdn.com/staticminv2/js/bootstrap.772ab6b527.en.js, line 1: ChunkLoadError: Loading chunk location-popup-content-pv2 failed.
(error: https://stc.aeplcdn.com/staticminv2/js/location-popup-content-pv2.9455f6862f.en.js)
JavaScript error: https://stc.aeplcdn.com/staticminv2/js/bootstrap.772ab6b527.en.js, line 1: ChunkLoadError: Loading chunk defaultvendors-b64ad3764e669b46d34322d6b0b1679b failed.
(error: https://stc.aeplcdn.com/staticminv2/js/defaultvendors-b64ad3764e669b46d34322d6b0b1679b.b900415645.en.js)
JavaScript error: https://stc.aeplcdn.com/staticminv2/js/bootstrap.772ab6b527.en.js, line 1: ChunkLoadError: Loading chunk emicalculatorctapwa failed.
(error: https://stc.aeplcdn.com/staticminv2/js/emicalculatorctapwa.b9029238f4.en.js)
JavaScript error: https://stc.aeplcdn.com/staticminv2/js/bootstrap.772ab6b527.en.js, line 1: ChunkLoadError: Loading chunk defaultvendors-c3fbfad5cf562e0215c3958bbc9898fc failed.
(error: https://stc.aeplcdn.com/staticminv2/js/defaultvendors-c3fbfad5cf562e0215c3958bbc9898fc.282de9a8cc.en.js)
JavaScript error: https://stc.aeplcdn.com/staticminv2/js/bootstrap.772ab6b527.en.js, line 1: ChunkLoadError: Loading chunk loadable-global-location-popup failed.
(error: https://stc.aeplcdn.com/staticminv2/js/loadable-global-location-popup.9fb9f9462b.en.js)
JavaScript error: https://stc.aeplcdn.com/staticminv2/js/bootstrap.772ab6b527.en.js, line 1: ChunkLoadError: Loading chunk adsense- failed.
(error: https://stc.aeplcdn.com/staticminv2/js/adsense-.f1be6155e1.en.js)
1699283468477	Marionette	WARN	Ignoring event 'DOMContentLoaded' because document has an invalid readyState of 'complete'.
JavaScript error: https://stc.aeplcdn.com/staticminv2/js/bootstrap.772ab6b527.en.js, line 1: ChunkLoadError: Loading chunk defaultvendors-c3fbfad5cf562e0215c3958bbc9898fc failed.
(error: https://stc.aeplcdn.com/staticminv2/js/defaultvendors-c3fbfad5cf562e0215c3958bbc9898fc.282de9a8cc.en.js)
JavaScript error: https://stc.aeplcdn.com/staticminv2/js/bootstrap.772ab6b527.en.js, line 1: ChunkLoadError: Loading chunk loadable-global-location-popup failed.
(error: https://stc.aeplcdn.com/staticminv2/js/loadable-global-location-popup.9fb9f9462b.en.js)
JavaScript error: https://stc.aeplcdn.com/staticminv2/js/bootstrap.772ab6b527.en.js, line 1: ChunkLoadError: Loading chunk defaultvendors-b64ad3764e669b46d34322d6b0b1679b failed.
(error: https://stc.aeplcdn.com/staticminv2/js/defaultvendors-b64ad3764e669b46d34322d6b0b1679b.b900415645.en.js)
JavaScript error: https://stc.aeplcdn.com/staticminv2/js/bootstrap.772ab6b527.en.js, line 1: ChunkLoadError: Loading chunk emicalculatorctapwa failed.
(error: https://stc.aeplcdn.com/staticminv2/js/emicalculatorctapwa.b9029238f4.en.js)
JavaScript error: https://stc.aeplcdn.com/staticminv2/js/bootstrap.772ab6b527.en.js, line 1: ChunkLoadError: Loading chunk defaultvendors-c3fbfad5cf562e0215c3958bbc9898fc failed.
(error: https://stc.aeplcdn.com/staticminv2/js/defaultvendors-c3fbfad5cf562e0215c3958bbc9898fc.282de9a8cc.en.js)
JavaScript error: https://stc.aeplcdn.com/staticminv2/js/bootstrap.772ab6b527.en.js, line 1: ChunkLoadError: Loading chunk loadable-global-location-popup failed.
(error: https://stc.aeplcdn.com/staticminv2/js/loadable-global-location-popup.9fb9f9462b.en.js)
JavaScript error: https://stc.aeplcdn.com/staticminv2/js/bootstrap.772ab6b527.en.js, line 1: ChunkLoadError: Loading chunk defaultvendors-c3fbfad5cf562e0215c3958bbc9898fc failed.
(error: https://stc.aeplcdn.com/staticminv2/js/defaultvendors-c3fbfad5cf562e0215c3958bbc9898fc.282de9a8cc.en.js)
JavaScript error: https://stc.aeplcdn.com/staticminv2/js/bootstrap.772ab6b527.en.js, line 1: ChunkLoadError: Loading chunk loadable-global-location-popup failed.
(error: https://stc.aeplcdn.com/staticminv2/js/loadable-global-location-popup.9fb9f9462b.en.js)
JavaScript error: https://stc.aeplcdn.com/staticminv2/js/bootstrap.772ab6b527.en.js, line 1: ChunkLoadError: Loading chunk defaultvendors-b64ad3764e669b46d34322d6b0b1679b failed.
(error: https://stc.aeplcdn.com/staticminv2/js/defaultvendors-b64ad3764e669b46d34322d6b0b1679b.b900415645.en.js)
JavaScript error: https://stc.aeplcdn.com/staticminv2/js/bootstrap.772ab6b527.en.js, line 1: ChunkLoadError: Loading chunk emicalculatorctapwa failed.
(error: https://stc.aeplcdn.com/staticminv2/js/emicalculatorctapwa.b9029238f4.en.js)
JavaScript error: https://stc.aeplcdn.com/staticminv2/js/bootstrap.772ab6b527.en.js, line 1: ChunkLoadError: Loading chunk defaultvendors-c3fbfad5cf562e0215c3958bbc9898fc failed.
(error: https://stc.aeplcdn.com/staticminv2/js/defaultvendors-c3fbfad5cf562e0215c3958bbc9898fc.282de9a8cc.en.js)
JavaScript error: https://stc.aeplcdn.com/staticminv2/js/bootstrap.772ab6b527.en.js, line 1: ChunkLoadError: Loading chunk loadable-global-location-popup failed.
(error: https://stc.aeplcdn.com/staticminv2/js/loadable-global-location-popup.9fb9f9462b.en.js)
1699283579805	Marionette	WARN	Ignoring event 'DOMContentLoaded' because document has an invalid readyState of 'complete'.
JavaScript error: https://stc.aeplcdn.com/staticminv2/js/bootstrap.772ab6b527.en.js, line 1: ChunkLoadError: Loading chunk defaultvendors-b64ad3764e669b46d34322d6b0b1679b failed.
(error: https://stc.aeplcdn.com/staticminv2/js/defaultvendors-b64ad3764e669b46d34322d6b0b1679b.b900415645.en.js)
JavaScript error: https://stc.aeplcdn.com/staticminv2/js/bootstrap.772ab6b527.en.js, line 1: ChunkLoadError: Loading chunk emicalculatorctapwa failed.
(error: https://stc.aeplcdn.com/staticminv2/js/emicalculatorctapwa.b9029238f4.en.js)
JavaScript error: https://stc.aeplcdn.com/staticminv2/js/bootstrap.772ab6b527.en.js, line 1: ChunkLoadError: Loading chunk defaultvendors-c3fbfad5cf562e0215c3958bbc9898fc failed.
(error: https://stc.aeplcdn.com/staticminv2/js/defaultvendors-c3fbfad5cf562e0215c3958bbc9898fc.282de9a8cc.en.js)
JavaScript error: https://stc.aeplcdn.com/staticminv2/js/bootstrap.772ab6b527.en.js, line 1: ChunkLoadError: Loading chunk loadable-global-location-popup failed.
(error: https://stc.aeplcdn.com/staticminv2/js/loadable-global-location-popup.9fb9f9462b.en.js)
1699283592562	Marionette	WARN	Ignoring event 'DOMContentLoaded' because document has an invalid readyState of 'complete'.
JavaScript error: https://stc.aeplcdn.com/staticminv2/js/bootstrap.772ab6b527.en.js, line 1: ChunkLoadError: Loading chunk defaultvendors-b64ad3764e669b46d34322d6b0b1679b failed.
(error: https://stc.aeplcdn.com/staticminv2/js/defaultvendors-b64ad3764e669b46d34322d6b0b1679b.b900415645.en.js)
JavaScript error: https://stc.aeplcdn.com/staticminv2/js/bootstrap.772ab6b527.en.js, line 1: ChunkLoadError: Loading chunk emicalculatorctapwa failed.
(error: https://stc.aeplcdn.com/staticminv2/js/emicalculatorctapwa.b9029238f4.en.js)
JavaScript error: https://stc.aeplcdn.com/staticminv2/js/bootstrap.772ab6b527.en.js, line 1: ChunkLoadError: Loading chunk defaultvendors-c3fbfad5cf562e0215c3958bbc9898fc failed.
(error: https://stc.aeplcdn.com/staticminv2/js/defaultvendors-c3fbfad5cf562e0215c3958bbc9898fc.282de9a8cc.en.js)
JavaScript error: https://stc.aeplcdn.com/staticminv2/js/bootstrap.772ab6b527.en.js, line 1: ChunkLoadError: Loading chunk loadable-global-location-popup failed.
(error: https://stc.aeplcdn.com/staticminv2/js/loadable-global-location-popup.9fb9f9462b.en.js)
1699283599987	Marionette	WARN	Ignoring event 'DOMContentLoaded' because document has an invalid readyState of 'complete'.
JavaScript error: https://stc.aeplcdn.com/staticminv2/js/bootstrap.772ab6b527.en.js, line 1: ChunkLoadError: Loading chunk defaultvendors-b64ad3764e669b46d34322d6b0b1679b failed.
(error: https://stc.aeplcdn.com/staticminv2/js/defaultvendors-b64ad3764e669b46d34322d6b0b1679b.b900415645.en.js)
JavaScript error: https://stc.aeplcdn.com/staticminv2/js/bootstrap.772ab6b527.en.js, line 1: ChunkLoadError: Loading chunk emicalculatorctapwa failed.
(error: https://stc.aeplcdn.com/staticminv2/js/emicalculatorctapwa.b9029238f4.en.js)
JavaScript error: https://stc.aeplcdn.com/staticminv2/js/bootstrap.772ab6b527.en.js, line 1: ChunkLoadError: Loading chunk defaultvendors-c3fbfad5cf562e0215c3958bbc9898fc failed.
(error: https://stc.aeplcdn.com/staticminv2/js/defaultvendors-c3fbfad5cf562e0215c3958bbc9898fc.282de9a8cc.en.js)
JavaScript error: https://stc.aeplcdn.com/staticminv2/js/bootstrap.772ab6b527.en.js, line 1: ChunkLoadError: Loading chunk loadable-global-location-popup failed.
(error: https://stc.aeplcdn.com/staticminv2/js/loadable-global-location-popup.9fb9f9462b.en.js)
JavaScript error: resource://gre/actors/ContentMetaChild.sys.mjs, line 179: InvalidStateError: JSWindowActorChild.sendAsyncMessage: JSWindowActorChild cannot send at the moment
JavaScript error: https://stc.aeplcdn.com/staticminv2/js/bootstrap.772ab6b527.en.js, line 1: ChunkLoadError: Loading chunk adsense- failed.
(error: https://stc.aeplcdn.com/staticminv2/js/adsense-.f1be6155e1.en.js)
JavaScript error: https://stc.aeplcdn.com/staticminv2/js/bootstrap.772ab6b527.en.js, line 1: ChunkLoadError: Loading chunk defaultvendors-b64ad3764e669b46d34322d6b0b1679b failed.
(error: https://stc.aeplcdn.com/staticminv2/js/defaultvendors-b64ad3764e669b46d34322d6b0b1679b.b900415645.en.js)
JavaScript error: https://stc.aeplcdn.com/staticminv2/js/bootstrap.772ab6b527.en.js, line 1: ChunkLoadError: Loading chunk emicalculatorctapwa failed.
(error: https://stc.aeplcdn.com/staticminv2/js/emicalculatorctapwa.b9029238f4.en.js)
JavaScript error: https://stc.aeplcdn.com/staticminv2/js/bootstrap.772ab6b527.en.js, line 1: ChunkLoadError: Loading chunk defaultvendors-c3fbfad5cf562e0215c3958bbc9898fc failed.
(error: https://stc.aeplcdn.com/staticminv2/js/defaultvendors-c3fbfad5cf562e0215c3958bbc9898fc.282de9a8cc.en.js)
JavaScript error: https://stc.aeplcdn.com/staticminv2/js/bootstrap.772ab6b527.en.js, line 1: ChunkLoadError: Loading chunk loadable-global-location-popup failed.
(error: https://stc.aeplcdn.com/staticminv2/js/loadable-global-location-popup.9fb9f9462b.en.js)
1699283673374	Marionette	WARN	Ignoring event 'DOMContentLoaded' because document has an invalid readyState of 'complete'.
JavaScript error: https://stc.aeplcdn.com/staticminv2/js/bootstrap.772ab6b527.en.js, line 1: ChunkLoadError: Loading chunk defaultvendors-c3fbfad5cf562e0215c3958bbc9898fc failed.
(error: https://stc.aeplcdn.com/staticminv2/js/defaultvendors-c3fbfad5cf562e0215c3958bbc9898fc.282de9a8cc.en.js)
JavaScript error: https://stc.aeplcdn.com/staticminv2/js/bootstrap.772ab6b527.en.js, line 1: ChunkLoadError: Loading chunk loadable-global-location-popup failed.
(error: https://stc.aeplcdn.com/staticminv2/js/loadable-global-location-popup.9fb9f9462b.en.js)
JavaScript error: resource://gre/actors/ContentMetaChild.sys.mjs, line 179: InvalidStateError: JSWindowActorChild.sendAsyncMessage: JSWindowActorChild cannot send at the moment
1699283746088	Marionette	WARN	Ignoring event 'DOMContentLoaded' because document has an invalid readyState of 'complete'.
JavaScript error: https://stc.aeplcdn.com/staticminv2/js/bootstrap.772ab6b527.en.js, line 1: ChunkLoadError: Loading chunk defaultvendors-b64ad3764e669b46d34322d6b0b1679b failed.
(error: https://stc.aeplcdn.com/staticminv2/js/defaultvendors-b64ad3764e669b46d34322d6b0b1679b.b900415645.en.js)
JavaScript error: https://stc.aeplcdn.com/staticminv2/js/bootstrap.772ab6b527.en.js, line 1: ChunkLoadError: Loading chunk emicalculatorctapwa failed.
(error: https://stc.aeplcdn.com/staticminv2/js/emicalculatorctapwa.b9029238f4.en.js)
JavaScript error: https://stc.aeplcdn.com/staticminv2/js/bootstrap.772ab6b527.en.js, line 1: ChunkLoadError: Loading chunk defaultvendors-c3fbfad5cf562e0215c3958bbc9898fc failed.
(error: https://stc.aeplcdn.com/staticminv2/js/defaultvendors-c3fbfad5cf562e0215c3958bbc9898fc.282de9a8cc.en.js)
JavaScript error: https://stc.aeplcdn.com/staticminv2/js/bootstrap.772ab6b527.en.js, line 1: ChunkLoadError: Loading chunk loadable-global-location-popup failed.
(error: https://stc.aeplcdn.com/staticminv2/js/loadable-global-location-popup.9fb9f9462b.en.js)
JavaScript error: https://stc.aeplcdn.com/staticminv2/js/bootstrap.772ab6b527.en.js, line 1: ChunkLoadError: Loading chunk defaultvendors-b64ad3764e669b46d34322d6b0b1679b failed.
(error: https://stc.aeplcdn.com/staticminv2/js/defaultvendors-b64ad3764e669b46d34322d6b0b1679b.b900415645.en.js)
JavaScript error: https://stc.aeplcdn.com/staticminv2/js/bootstrap.772ab6b527.en.js, line 1: ChunkLoadError: Loading chunk emicalculatorctapwa failed.
(error: https://stc.aeplcdn.com/staticminv2/js/emicalculatorctapwa.b9029238f4.en.js)
JavaScript error: https://stc.aeplcdn.com/staticminv2/js/bootstrap.772ab6b527.en.js, line 1: ChunkLoadError: Loading chunk defaultvendors-c3fbfad5cf562e0215c3958bbc9898fc failed.
(error: https://stc.aeplcdn.com/staticminv2/js/defaultvendors-c3fbfad5cf562e0215c3958bbc9898fc.282de9a8cc.en.js)
JavaScript error: https://stc.aeplcdn.com/staticminv2/js/bootstrap.772ab6b527.en.js, line 1: ChunkLoadError: Loading chunk loadable-global-location-popup failed.
(error: https://stc.aeplcdn.com/staticminv2/js/loadable-global-location-popup.9fb9f9462b.en.js)
1699283904630	Marionette	WARN	Ignoring event 'DOMContentLoaded' because document has an invalid readyState of 'complete'.
JavaScript error: https://stc.aeplcdn.com/staticminv2/js/bootstrap.772ab6b527.en.js, line 1: ChunkLoadError: Loading chunk defaultvendors-c3fbfad5cf562e0215c3958bbc9898fc failed.
(error: https://stc.aeplcdn.com/staticminv2/js/defaultvendors-c3fbfad5cf562e0215c3958bbc9898fc.282de9a8cc.en.js)
JavaScript error: https://stc.aeplcdn.com/staticminv2/js/bootstrap.772ab6b527.en.js, line 1: ChunkLoadError: Loading chunk loadable-global-location-popup failed.
(error: https://stc.aeplcdn.com/staticminv2/js/loadable-global-location-popup.9fb9f9462b.en.js)
1699284011579	Marionette	WARN	Ignoring event 'DOMContentLoaded' because document has an invalid readyState of 'complete'.
JavaScript error: https://stc.aeplcdn.com/staticminv2/js/bootstrap.772ab6b527.en.js, line 1: ChunkLoadError: Loading chunk defaultvendors-c3fbfad5cf562e0215c3958bbc9898fc failed.
(error: https://stc.aeplcdn.com/staticminv2/js/defaultvendors-c3fbfad5cf562e0215c3958bbc9898fc.282de9a8cc.en.js)
JavaScript error: https://stc.aeplcdn.com/staticminv2/js/bootstrap.772ab6b527.en.js, line 1: ChunkLoadError: Loading chunk loadable-global-location-popup failed.
(error: https://stc.aeplcdn.com/staticminv2/js/loadable-global-location-popup.9fb9f9462b.en.js)
JavaScript error: https://stc.aeplcdn.com/staticminv2/js/bootstrap.772ab6b527.en.js, line 1: ChunkLoadError: Loading chunk defaultvendors-b64ad3764e669b46d34322d6b0b1679b failed.
(error: https://stc.aeplcdn.com/staticminv2/js/defaultvendors-b64ad3764e669b46d34322d6b0b1679b.b900415645.en.js)
JavaScript error: https://stc.aeplcdn.com/staticminv2/js/bootstrap.772ab6b527.en.js, line 1: ChunkLoadError: Loading chunk emicalculatorctapwa failed.
(error: https://stc.aeplcdn.com/staticminv2/js/emicalculatorctapwa.b9029238f4.en.js)
JavaScript error: https://stc.aeplcdn.com/staticminv2/js/bootstrap.772ab6b527.en.js, line 1: ChunkLoadError: Loading chunk defaultvendors-c3fbfad5cf562e0215c3958bbc9898fc failed.
(error: https://stc.aeplcdn.com/staticminv2/js/defaultvendors-c3fbfad5cf562e0215c3958bbc9898fc.282de9a8cc.en.js)
JavaScript error: https://stc.aeplcdn.com/staticminv2/js/bootstrap.772ab6b527.en.js, line 1: ChunkLoadError: Loading chunk loadable-global-location-popup failed.
(error: https://stc.aeplcdn.com/staticminv2/js/loadable-global-location-popup.9fb9f9462b.en.js)
1699284030057	Marionette	WARN	Ignoring event 'DOMContentLoaded' because document has an invalid readyState of 'complete'.
JavaScript error: https://stc.aeplcdn.com/staticminv2/js/bootstrap.772ab6b527.en.js, line 1: ChunkLoadError: Loading chunk defaultvendors-b64ad3764e669b46d34322d6b0b1679b failed.
(error: https://stc.aeplcdn.com/staticminv2/js/defaultvendors-b64ad3764e669b46d34322d6b0b1679b.b900415645.en.js)
JavaScript error: https://stc.aeplcdn.com/staticminv2/js/bootstrap.772ab6b527.en.js, line 1: ChunkLoadError: Loading chunk emicalculatorctapwa failed.
(error: https://stc.aeplcdn.com/staticminv2/js/emicalculatorctapwa.b9029238f4.en.js)
JavaScript error: https://stc.aeplcdn.com/staticminv2/js/bootstrap.772ab6b527.en.js, line 1: ChunkLoadError: Loading chunk defaultvendors-c3fbfad5cf562e0215c3958bbc9898fc failed.
(error: https://stc.aeplcdn.com/staticminv2/js/defaultvendors-c3fbfad5cf562e0215c3958bbc9898fc.282de9a8cc.en.js)
JavaScript error: https://stc.aeplcdn.com/staticminv2/js/bootstrap.772ab6b527.en.js, line 1: ChunkLoadError: Loading chunk loadable-global-location-popup failed.
(error: https://stc.aeplcdn.com/staticminv2/js/loadable-global-location-popup.9fb9f9462b.en.js)
1699284035121	Marionette	WARN	Ignoring event 'DOMContentLoaded' because document has an invalid readyState of 'complete'.
JavaScript error: https://stc.aeplcdn.com/staticminv2/js/bootstrap.772ab6b527.en.js, line 1: ChunkLoadError: Loading chunk defaultvendors-c3fbfad5cf562e0215c3958bbc9898fc failed.
(error: https://stc.aeplcdn.com/staticminv2/js/defaultvendors-c3fbfad5cf562e0215c3958bbc9898fc.282de9a8cc.en.js)
JavaScript error: https://stc.aeplcdn.com/staticminv2/js/bootstrap.772ab6b527.en.js, line 1: ChunkLoadError: Loading chunk loadable-global-location-popup failed.
(error: https://stc.aeplcdn.com/staticminv2/js/loadable-global-location-popup.9fb9f9462b.en.js)
JavaScript error: https://stc.aeplcdn.com/staticminv2/js/bootstrap.772ab6b527.en.js, line 1: ChunkLoadError: Loading chunk defaultvendors-c308d2cf88701799bdd53704299dc1f2 failed.
(error: https://stc.aeplcdn.com/staticminv2/js/defaultvendors-c308d2cf88701799bdd53704299dc1f2.af638972a1.en.js)
JavaScript error: https://stc.aeplcdn.com/staticminv2/js/bootstrap.772ab6b527.en.js, line 1: ChunkLoadError: Loading chunk defaultvendors-c308d2cf88701799bdd53704299dc1f2 failed.
(error: https://stc.aeplcdn.com/staticminv2/js/defaultvendors-c308d2cf88701799bdd53704299dc1f2.af638972a1.en.js)
JavaScript error: https://stc.aeplcdn.com/staticminv2/js/bootstrap.772ab6b527.en.js, line 1: ChunkLoadError: Loading chunk location-popup-content-pv2 failed.
(error: https://stc.aeplcdn.com/staticminv2/js/location-popup-content-pv2.9455f6862f.en.js)
JavaScript error: https://stc.aeplcdn.com/staticminv2/js/bootstrap.772ab6b527.en.js, line 1: ChunkLoadError: Loading chunk location-popup-content-pv2 failed.
(error: https://stc.aeplcdn.com/staticminv2/js/location-popup-content-pv2.9455f6862f.en.js)
JavaScript error: https://stc.aeplcdn.com/staticminv2/js/bootstrap.772ab6b527.en.js, line 1: ChunkLoadError: Loading chunk defaultvendors-c3fbfad5cf562e0215c3958bbc9898fc failed.
(error: https://stc.aeplcdn.com/staticminv2/js/defaultvendors-c3fbfad5cf562e0215c3958bbc9898fc.282de9a8cc.en.js)
JavaScript error: https://stc.aeplcdn.com/staticminv2/js/bootstrap.772ab6b527.en.js, line 1: ChunkLoadError: Loading chunk loadable-global-location-popup failed.
(error: https://stc.aeplcdn.com/staticminv2/js/loadable-global-location-popup.9fb9f9462b.en.js)
1699284100500	Marionette	WARN	Ignoring event 'DOMContentLoaded' because document has an invalid readyState of 'complete'.
JavaScript error: https://stc.aeplcdn.com/staticminv2/js/bootstrap.772ab6b527.en.js, line 1: ChunkLoadError: Loading chunk defaultvendors-b64ad3764e669b46d34322d6b0b1679b failed.
(error: https://stc.aeplcdn.com/staticminv2/js/defaultvendors-b64ad3764e669b46d34322d6b0b1679b.b900415645.en.js)
JavaScript error: https://stc.aeplcdn.com/staticminv2/js/bootstrap.772ab6b527.en.js, line 1: ChunkLoadError: Loading chunk emicalculatorctapwa failed.
(error: https://stc.aeplcdn.com/staticminv2/js/emicalculatorctapwa.b9029238f4.en.js)
JavaScript error: https://stc.aeplcdn.com/staticminv2/js/bootstrap.772ab6b527.en.js, line 1: ChunkLoadError: Loading chunk defaultvendors-c3fbfad5cf562e0215c3958bbc9898fc failed.
(error: https://stc.aeplcdn.com/staticminv2/js/defaultvendors-c3fbfad5cf562e0215c3958bbc9898fc.282de9a8cc.en.js)
JavaScript error: https://stc.aeplcdn.com/staticminv2/js/bootstrap.772ab6b527.en.js, line 1: ChunkLoadError: Loading chunk loadable-global-location-popup failed.
(error: https://stc.aeplcdn.com/staticminv2/js/loadable-global-location-popup.9fb9f9462b.en.js)
1699284125863	Marionette	WARN	Ignoring event 'DOMContentLoaded' because document has an invalid readyState of 'complete'.
JavaScript error: https://stc.aeplcdn.com/staticminv2/js/bootstrap.772ab6b527.en.js, line 1: ChunkLoadError: Loading chunk defaultvendors-b64ad3764e669b46d34322d6b0b1679b failed.
(error: https://stc.aeplcdn.com/staticminv2/js/defaultvendors-b64ad3764e669b46d34322d6b0b1679b.b900415645.en.js)
JavaScript error: https://stc.aeplcdn.com/staticminv2/js/bootstrap.772ab6b527.en.js, line 1: ChunkLoadError: Loading chunk emicalculatorctapwa failed.
(error: https://stc.aeplcdn.com/staticminv2/js/emicalculatorctapwa.b9029238f4.en.js)
JavaScript error: https://stc.aeplcdn.com/staticminv2/js/bootstrap.772ab6b527.en.js, line 1: ChunkLoadError: Loading chunk defaultvendors-c3fbfad5cf562e0215c3958bbc9898fc failed.
(error: https://stc.aeplcdn.com/staticminv2/js/defaultvendors-c3fbfad5cf562e0215c3958bbc9898fc.282de9a8cc.en.js)
JavaScript error: https://stc.aeplcdn.com/staticminv2/js/bootstrap.772ab6b527.en.js, line 1: ChunkLoadError: Loading chunk loadable-global-location-popup failed.
(error: https://stc.aeplcdn.com/staticminv2/js/loadable-global-location-popup.9fb9f9462b.en.js)
JavaScript error: https://stc.aeplcdn.com/staticminv2/js/bootstrap.772ab6b527.en.js, line 1: ChunkLoadError: Loading chunk defaultvendors-c3fbfad5cf562e0215c3958bbc9898fc failed.
(error: https://stc.aeplcdn.com/staticminv2/js/defaultvendors-c3fbfad5cf562e0215c3958bbc9898fc.282de9a8cc.en.js)
JavaScript error: https://stc.aeplcdn.com/staticminv2/js/bootstrap.772ab6b527.en.js, line 1: ChunkLoadError: Loading chunk loadable-global-location-popup failed.
(error: https://stc.aeplcdn.com/staticminv2/js/loadable-global-location-popup.9fb9f9462b.en.js)
JavaScript error: https://stc.aeplcdn.com/staticminv2/js/bootstrap.772ab6b527.en.js, line 1: ChunkLoadError: Loading chunk adsense- failed.
(error: https://stc.aeplcdn.com/staticminv2/js/adsense-.f1be6155e1.en.js)
JavaScript error: https://stc.aeplcdn.com/staticminv2/js/bootstrap.772ab6b527.en.js, line 1: ChunkLoadError: Loading chunk defaultvendors-c308d2cf88701799bdd53704299dc1f2 failed.
(error: https://stc.aeplcdn.com/staticminv2/js/defaultvendors-c308d2cf88701799bdd53704299dc1f2.af638972a1.en.js)
JavaScript error: https://stc.aeplcdn.com/staticminv2/js/bootstrap.772ab6b527.en.js, line 1: ChunkLoadError: Loading chunk defaultvendors-c308d2cf88701799bdd53704299dc1f2 failed.
(error: https://stc.aeplcdn.com/staticminv2/js/defaultvendors-c308d2cf88701799bdd53704299dc1f2.af638972a1.en.js)
JavaScript error: https://stc.aeplcdn.com/staticminv2/js/bootstrap.772ab6b527.en.js, line 1: ChunkLoadError: Loading chunk location-popup-content-pv2 failed.
(error: https://stc.aeplcdn.com/staticminv2/js/location-popup-content-pv2.9455f6862f.en.js)
JavaScript error: https://stc.aeplcdn.com/staticminv2/js/bootstrap.772ab6b527.en.js, line 1: ChunkLoadError: Loading chunk location-popup-content-pv2 failed.
(error: https://stc.aeplcdn.com/staticminv2/js/location-popup-content-pv2.9455f6862f.en.js)
JavaScript error: https://stc.aeplcdn.com/staticminv2/js/bootstrap.772ab6b527.en.js, line 1: ChunkLoadError: Loading chunk adsense- failed.
(error: https://stc.aeplcdn.com/staticminv2/js/adsense-.f1be6155e1.en.js)
JavaScript error: resource://gre/actors/ContentMetaChild.sys.mjs, line 179: InvalidStateError: JSWindowActorChild.sendAsyncMessage: JSWindowActorChild cannot send at the moment
1699284314658	Marionette	WARN	Ignoring event 'DOMContentLoaded' because document has an invalid readyState of 'complete'.
1699284384633	Marionette	WARN	Ignoring event 'DOMContentLoaded' because document has an invalid readyState of 'complete'.
JavaScript error: https://stc.aeplcdn.com/staticminv2/js/bootstrap.772ab6b527.en.js, line 1: ChunkLoadError: Loading chunk defaultvendors-b64ad3764e669b46d34322d6b0b1679b failed.
(error: https://stc.aeplcdn.com/staticminv2/js/defaultvendors-b64ad3764e669b46d34322d6b0b1679b.b900415645.en.js)
JavaScript error: https://stc.aeplcdn.com/staticminv2/js/bootstrap.772ab6b527.en.js, line 1: ChunkLoadError: Loading chunk emicalculatorctapwa failed.
(error: https://stc.aeplcdn.com/staticminv2/js/emicalculatorctapwa.b9029238f4.en.js)
JavaScript error: https://stc.aeplcdn.com/staticminv2/js/bootstrap.772ab6b527.en.js, line 1: ChunkLoadError: Loading chunk defaultvendors-c3fbfad5cf562e0215c3958bbc9898fc failed.
(error: https://stc.aeplcdn.com/staticminv2/js/defaultvendors-c3fbfad5cf562e0215c3958bbc9898fc.282de9a8cc.en.js)
JavaScript error: https://stc.aeplcdn.com/staticminv2/js/bootstrap.772ab6b527.en.js, line 1: ChunkLoadError: Loading chunk loadable-global-location-popup failed.
(error: https://stc.aeplcdn.com/staticminv2/js/loadable-global-location-popup.9fb9f9462b.en.js)
1699284393948	Marionette	WARN	Ignoring event 'DOMContentLoaded' because document has an invalid readyState of 'complete'.
JavaScript error: https://stc.aeplcdn.com/staticminv2/js/bootstrap.772ab6b527.en.js, line 1: ChunkLoadError: Loading chunk defaultvendors-b64ad3764e669b46d34322d6b0b1679b failed.
(error: https://stc.aeplcdn.com/staticminv2/js/defaultvendors-b64ad3764e669b46d34322d6b0b1679b.b900415645.en.js)
JavaScript error: https://stc.aeplcdn.com/staticminv2/js/bootstrap.772ab6b527.en.js, line 1: ChunkLoadError: Loading chunk emicalculatorctapwa failed.
(error: https://stc.aeplcdn.com/staticminv2/js/emicalculatorctapwa.b9029238f4.en.js)
JavaScript error: https://stc.aeplcdn.com/staticminv2/js/bootstrap.772ab6b527.en.js, line 1: ChunkLoadError: Loading chunk defaultvendors-c3fbfad5cf562e0215c3958bbc9898fc failed.
(error: https://stc.aeplcdn.com/staticminv2/js/defaultvendors-c3fbfad5cf562e0215c3958bbc9898fc.282de9a8cc.en.js)
JavaScript error: https://stc.aeplcdn.com/staticminv2/js/bootstrap.772ab6b527.en.js, line 1: ChunkLoadError: Loading chunk loadable-global-location-popup failed.
(error: https://stc.aeplcdn.com/staticminv2/js/loadable-global-location-popup.9fb9f9462b.en.js)
1699284398238	Marionette	WARN	Ignoring event 'DOMContentLoaded' because document has an invalid readyState of 'complete'.
JavaScript error: https://stc.aeplcdn.com/staticminv2/js/bootstrap.772ab6b527.en.js, line 1: ChunkLoadError: Loading chunk defaultvendors-c3fbfad5cf562e0215c3958bbc9898fc failed.
(error: https://stc.aeplcdn.com/staticminv2/js/defaultvendors-c3fbfad5cf562e0215c3958bbc9898fc.282de9a8cc.en.js)
JavaScript error: https://stc.aeplcdn.com/staticminv2/js/bootstrap.772ab6b527.en.js, line 1: ChunkLoadError: Loading chunk loadable-global-location-popup failed.
(error: https://stc.aeplcdn.com/staticminv2/js/loadable-global-location-popup.9fb9f9462b.en.js)
JavaScript error: resource://gre/actors/ContentMetaChild.sys.mjs, line 179: InvalidStateError: JSWindowActorChild.sendAsyncMessage: JSWindowActorChild cannot send at the moment
JavaScript error: https://stc.aeplcdn.com/staticminv2/js/bootstrap.772ab6b527.en.js, line 1: ChunkLoadError: Loading chunk defaultvendors-b64ad3764e669b46d34322d6b0b1679b failed.
(error: https://stc.aeplcdn.com/staticminv2/js/defaultvendors-b64ad3764e669b46d34322d6b0b1679b.b900415645.en.js)
JavaScript error: https://stc.aeplcdn.com/staticminv2/js/bootstrap.772ab6b527.en.js, line 1: ChunkLoadError: Loading chunk emicalculatorctapwa failed.
(error: https://stc.aeplcdn.com/staticminv2/js/emicalculatorctapwa.b9029238f4.en.js)
JavaScript error: https://stc.aeplcdn.com/staticminv2/js/bootstrap.772ab6b527.en.js, line 1: ChunkLoadError: Loading chunk defaultvendors-c3fbfad5cf562e0215c3958bbc9898fc failed.
(error: https://stc.aeplcdn.com/staticminv2/js/defaultvendors-c3fbfad5cf562e0215c3958bbc9898fc.282de9a8cc.en.js)
JavaScript error: https://stc.aeplcdn.com/staticminv2/js/bootstrap.772ab6b527.en.js, line 1: ChunkLoadError: Loading chunk loadable-global-location-popup failed.
(error: https://stc.aeplcdn.com/staticminv2/js/loadable-global-location-popup.9fb9f9462b.en.js)
JavaScript error: https://stc.aeplcdn.com/staticminv2/js/bootstrap.772ab6b527.en.js, line 1: ChunkLoadError: Loading chunk defaultvendors-c3fbfad5cf562e0215c3958bbc9898fc failed.
(error: https://stc.aeplcdn.com/staticminv2/js/defaultvendors-c3fbfad5cf562e0215c3958bbc9898fc.282de9a8cc.en.js)
JavaScript error: https://stc.aeplcdn.com/staticminv2/js/bootstrap.772ab6b527.en.js, line 1: ChunkLoadError: Loading chunk loadable-global-location-popup failed.
(error: https://stc.aeplcdn.com/staticminv2/js/loadable-global-location-popup.9fb9f9462b.en.js)
JavaScript error: resource://gre/actors/ContentMetaChild.sys.mjs, line 179: InvalidStateError: JSWindowActorChild.sendAsyncMessage: JSWindowActorChild cannot send at the moment
JavaScript error: https://stc.aeplcdn.com/staticminv2/js/bootstrap.772ab6b527.en.js, line 1: ChunkLoadError: Loading chunk defaultvendors-b64ad3764e669b46d34322d6b0b1679b failed.
(error: https://stc.aeplcdn.com/staticminv2/js/defaultvendors-b64ad3764e669b46d34322d6b0b1679b.b900415645.en.js)
JavaScript error: https://stc.aeplcdn.com/staticminv2/js/bootstrap.772ab6b527.en.js, line 1: ChunkLoadError: Loading chunk emicalculatorctapwa failed.
(error: https://stc.aeplcdn.com/staticminv2/js/emicalculatorctapwa.b9029238f4.en.js)
JavaScript error: https://stc.aeplcdn.com/staticminv2/js/bootstrap.772ab6b527.en.js, line 1: ChunkLoadError: Loading chunk defaultvendors-c3fbfad5cf562e0215c3958bbc9898fc failed.
(error: https://stc.aeplcdn.com/staticminv2/js/defaultvendors-c3fbfad5cf562e0215c3958bbc9898fc.282de9a8cc.en.js)
JavaScript error: https://stc.aeplcdn.com/staticminv2/js/bootstrap.772ab6b527.en.js, line 1: ChunkLoadError: Loading chunk loadable-global-location-popup failed.
(error: https://stc.aeplcdn.com/staticminv2/js/loadable-global-location-popup.9fb9f9462b.en.js)
1699284569766	Marionette	WARN	Ignoring event 'DOMContentLoaded' because document has an invalid readyState of 'complete'.
1699284596548	Marionette	WARN	Ignoring event 'DOMContentLoaded' because document has an invalid readyState of 'complete'.
JavaScript error: https://stc.aeplcdn.com/staticminv2/js/bootstrap.772ab6b527.en.js, line 1: ChunkLoadError: Loading chunk defaultvendors-b64ad3764e669b46d34322d6b0b1679b failed.
(error: https://stc.aeplcdn.com/staticminv2/js/defaultvendors-b64ad3764e669b46d34322d6b0b1679b.b900415645.en.js)
JavaScript error: https://stc.aeplcdn.com/staticminv2/js/bootstrap.772ab6b527.en.js, line 1: ChunkLoadError: Loading chunk emicalculatorctapwa failed.
(error: https://stc.aeplcdn.com/staticminv2/js/emicalculatorctapwa.b9029238f4.en.js)
JavaScript error: https://stc.aeplcdn.com/staticminv2/js/bootstrap.772ab6b527.en.js, line 1: ChunkLoadError: Loading chunk defaultvendors-c3fbfad5cf562e0215c3958bbc9898fc failed.
(error: https://stc.aeplcdn.com/staticminv2/js/defaultvendors-c3fbfad5cf562e0215c3958bbc9898fc.282de9a8cc.en.js)
JavaScript error: https://stc.aeplcdn.com/staticminv2/js/bootstrap.772ab6b527.en.js, line 1: ChunkLoadError: Loading chunk loadable-global-location-popup failed.
(error: https://stc.aeplcdn.com/staticminv2/js/loadable-global-location-popup.9fb9f9462b.en.js)
JavaScript warning: https://www.google.com/js/th/FHpo6pEqcSRgVdNkQyOrWf56osNa_SwdaUPxzrL5JrM.js line 2 > eval line 3061 > eval line 1 > eval line 1 > eval, line 1: Script terminated by timeout at:
Nl@https://www.google.com/js/th/FHpo6pEqcSRgVdNkQyOrWf56osNa_SwdaUPxzrL5JrM.js line 2 > eval line 3061 > eval line 1 > eval line 1 > eval:1:54
P@https://www.google.com/js/th/FHpo6pEqcSRgVdNkQyOrWf56osNa_SwdaUPxzrL5JrM.js line 2 > eval line 3061 > eval line 1 > eval line 1 > eval:1:374
wv@https://www.google.com/js/th/FHpo6pEqcSRgVdNkQyOrWf56osNa_SwdaUPxzrL5JrM.js line 2 > eval line 3061 > eval line 1 > eval line 1 > eval:1:151
h2@https://www.google.com/js/th/FHpo6pEqcSRgVdNkQyOrWf56osNa_SwdaUPxzrL5JrM.js line 2 > eval line 3061 > eval line 1 > eval line 1 > eval:1:119
y.prototype.W</<@https://www.google.com/js/th/FHpo6pEqcSRgVdNkQyOrWf56osNa_SwdaUPxzrL5JrM.js line 2 > eval:3061:35685
lT@https://www.google.com/js/th/FHpo6pEqcSRgVdNkQyOrWf56osNa_SwdaUPxzrL5JrM.js line 2 > eval:3061:20018
T@https://www.google.com/js/th/FHpo6pEqcSRgVdNkQyOrWf56osNa_SwdaUPxzrL5JrM.js line 2 > eval:3061:923
z@https://www.google.com/js/th/FHpo6pEqcSRgVdNkQyOrWf56osNa_SwdaUPxzrL5JrM.js line 2 > eval:3061:1638
P@https://www.google.com/js/th/FHpo6pEqcSRgVdNkQyOrWf56osNa_SwdaUPxzrL5JrM.js line 2 > eval line 3061 > eval line 1 > eval line 1 > eval:1:212
@https://www.google.com/js/th/FHpo6pEqcSRgVdNkQyOrWf56osNa_SwdaUPxzrL5JrM.js line 2 > eval:3061:35112
E@https://www.google.com/js/th/FHpo6pEqcSRgVdNkQyOrWf56osNa_SwdaUPxzrL5JrM.js line 2 > eval:3061:11981
@https://www.google.com/js/th/FHpo6pEqcSRgVdNkQyOrWf56osNa_SwdaUPxzrL5JrM.js line 2 > eval:3061:37577
An.prototype.r_@https://www.youtube.com/s/player/9d15588c/player_ias.vflset/en_US/base.js:7807:153
qI.prototype.z0@https://www.youtube.com/s/player/9d15588c/player_ias.vflset/en_US/base.js:8914:41
g.k.invoke@https://www.youtube.com/s/player/9d15588c/player_ias.vflset/en_US/base.js:8905:64
WKa@https://www.youtube.com/s/player/9d15588c/player_ias.vflset/en_US/base.js:3976:47
g.$Ka/a.c1a@https://www.youtube.com/s/player/9d15588c/player_ias.vflset/en_US/base.js:3982:276
g.aLa@https://www.youtube.com/s/player/9d15588c/player_ias.vflset/en_US/base.js:3985:167
g.k.CR@https://www.youtube.com/s/player/9d15588c/player_ias.vflset/en_US/base.js:12197:77
g.k.sendAbandonmentPing@https://www.youtube.com/s/player/9d15588c/player_ias.vflset/en_US/base.js:12086:102
g.k.sendAbandonmentPing@https://www.youtube.com/s/player/9d15588c/player_ias.vflset/en_US/base.js:10203:62
XT/a.state.j[b]@https://www.youtube.com/s/player/9d15588c/player_ias.vflset/en_US/base.js:4756:53
Ix/<@https://www.youtube.com/s/player/9d15588c/www-embed-player.vflset/www-embed-player.js:1834:107
Ux@https://www.youtube.com/s/player/9d15588c/www-embed-player.vflset/www-embed-player.js:1867:46
Yx<@https://www.youtube.com/s/player/9d15588c/www-embed-player.vflset/www-embed-player.js:1874:183
ll/<@https://www.youtube.com/s/player/9d15588c/www-embed-player.vflset/www-embed-player.js:868:63

JavaScript warning: https://www.google.com/js/th/FHpo6pEqcSRgVdNkQyOrWf56osNa_SwdaUPxzrL5JrM.js line 2 > eval line 2485 > eval line 1 > eval line 1 > eval, line 1: WEBGL_debug_renderer_info is deprecated in Firefox and will be removed. Please use RENDERER.
JavaScript warning: https://www.youtube.com/embed/uzsOrSzuMeI?autoplay=0&disablekb=1&modestbranding=1&rel=0&enablejsapi=1&origin=https%3A%2F%2Fwww.carwale.com&widgetid=5 line 851 > injectedScript line 2 > eval line 7264 > eval line 1 > eval line 1 > eval, line 1: WEBGL_debug_renderer_info is deprecated in Firefox and will be removed. Please use RENDERER.
JavaScript warning: https://www.google.com/js/th/FHpo6pEqcSRgVdNkQyOrWf56osNa_SwdaUPxzrL5JrM.js line 2 > eval line 6876 > eval line 1 > eval line 1 > eval, line 1: WEBGL_debug_renderer_info is deprecated in Firefox and will be removed. Please use RENDERER.
JavaScript error: resource://gre/actors/ContentMetaChild.sys.mjs, line 179: InvalidStateError: JSWindowActorChild.sendAsyncMessage: JSWindowActorChild cannot send at the moment
1699284685516	Marionette	WARN	Ignoring event 'DOMContentLoaded' because document has an invalid readyState of 'complete'.
JavaScript error: https://stc.aeplcdn.com/staticminv2/js/bootstrap.772ab6b527.en.js, line 1: ChunkLoadError: Loading chunk defaultvendors-c3fbfad5cf562e0215c3958bbc9898fc failed.
(error: https://stc.aeplcdn.com/staticminv2/js/defaultvendors-c3fbfad5cf562e0215c3958bbc9898fc.282de9a8cc.en.js)
JavaScript error: https://stc.aeplcdn.com/staticminv2/js/bootstrap.772ab6b527.en.js, line 1: ChunkLoadError: Loading chunk loadable-global-location-popup failed.
(error: https://stc.aeplcdn.com/staticminv2/js/loadable-global-location-popup.9fb9f9462b.en.js)
JavaScript error: https://stc.aeplcdn.com/staticminv2/js/bootstrap.772ab6b527.en.js, line 1: ChunkLoadError: Loading chunk defaultvendors-b64ad3764e669b46d34322d6b0b1679b failed.
(error: https://stc.aeplcdn.com/staticminv2/js/defaultvendors-b64ad3764e669b46d34322d6b0b1679b.b900415645.en.js)
JavaScript error: https://stc.aeplcdn.com/staticminv2/js/bootstrap.772ab6b527.en.js, line 1: ChunkLoadError: Loading chunk emicalculatorctapwa failed.
(error: https://stc.aeplcdn.com/staticminv2/js/emicalculatorctapwa.b9029238f4.en.js)
JavaScript error: https://stc.aeplcdn.com/staticminv2/js/bootstrap.772ab6b527.en.js, line 1: ChunkLoadError: Loading chunk defaultvendors-c3fbfad5cf562e0215c3958bbc9898fc failed.
(error: https://stc.aeplcdn.com/staticminv2/js/defaultvendors-c3fbfad5cf562e0215c3958bbc9898fc.282de9a8cc.en.js)
JavaScript error: https://stc.aeplcdn.com/staticminv2/js/bootstrap.772ab6b527.en.js, line 1: ChunkLoadError: Loading chunk loadable-global-location-popup failed.
(error: https://stc.aeplcdn.com/staticminv2/js/loadable-global-location-popup.9fb9f9462b.en.js)
1699284747552	Marionette	WARN	Ignoring event 'DOMContentLoaded' because document has an invalid readyState of 'complete'.
JavaScript error: https://stc.aeplcdn.com/staticminv2/js/bootstrap.772ab6b527.en.js, line 1: ChunkLoadError: Loading chunk defaultvendors-b64ad3764e669b46d34322d6b0b1679b failed.
(error: https://stc.aeplcdn.com/staticminv2/js/defaultvendors-b64ad3764e669b46d34322d6b0b1679b.b900415645.en.js)
JavaScript error: https://stc.aeplcdn.com/staticminv2/js/bootstrap.772ab6b527.en.js, line 1: ChunkLoadError: Loading chunk emicalculatorctapwa failed.
(error: https://stc.aeplcdn.com/staticminv2/js/emicalculatorctapwa.b9029238f4.en.js)
JavaScript error: https://stc.aeplcdn.com/staticminv2/js/bootstrap.772ab6b527.en.js, line 1: ChunkLoadError: Loading chunk defaultvendors-c3fbfad5cf562e0215c3958bbc9898fc failed.
(error: https://stc.aeplcdn.com/staticminv2/js/defaultvendors-c3fbfad5cf562e0215c3958bbc9898fc.282de9a8cc.en.js)
JavaScript error: https://stc.aeplcdn.com/staticminv2/js/bootstrap.772ab6b527.en.js, line 1: ChunkLoadError: Loading chunk loadable-global-location-popup failed.
(error: https://stc.aeplcdn.com/staticminv2/js/loadable-global-location-popup.9fb9f9462b.en.js)
1699284752328	Marionette	WARN	Ignoring event 'DOMContentLoaded' because document has an invalid readyState of 'complete'.
1699284864831	Marionette	WARN	Ignoring event 'DOMContentLoaded' because document has an invalid readyState of 'complete'.
JavaScript error: https://stc.aeplcdn.com/staticminv2/js/bootstrap.772ab6b527.en.js, line 1: ChunkLoadError: Loading chunk defaultvendors-c3fbfad5cf562e0215c3958bbc9898fc failed.
(error: https://stc.aeplcdn.com/staticminv2/js/defaultvendors-c3fbfad5cf562e0215c3958bbc9898fc.282de9a8cc.en.js)
JavaScript error: https://stc.aeplcdn.com/staticminv2/js/bootstrap.772ab6b527.en.js, line 1: ChunkLoadError: Loading chunk loadable-global-location-popup failed.
(error: https://stc.aeplcdn.com/staticminv2/js/loadable-global-location-popup.9fb9f9462b.en.js)
1699284882972	Marionette	WARN	Ignoring event 'DOMContentLoaded' because document has an invalid readyState of 'complete'.
JavaScript error: https://stc.aeplcdn.com/staticminv2/js/bootstrap.772ab6b527.en.js, line 1: ChunkLoadError: Loading chunk location-popup-content-pv2 failed.
(error: https://stc.aeplcdn.com/staticminv2/js/location-popup-content-pv2.9455f6862f.en.js)
JavaScript error: https://stc.aeplcdn.com/staticminv2/js/bootstrap.772ab6b527.en.js, line 1: ChunkLoadError: Loading chunk location-popup-content-pv2 failed.
(error: https://stc.aeplcdn.com/staticminv2/js/location-popup-content-pv2.9455f6862f.en.js)
1699284916714	Marionette	INFO	Stopped listening on port 52044
JavaScript warning: https://www.googletagmanager.com/gtm.js?id=GTM-W2Z3ZM, line 259: Script terminated by timeout at:
Jn@https://www.googletagmanager.com/gtm.js?id=GTM-W2Z3ZM:259:338
gz@https://www.googletagmanager.com/gtm.js?id=GTM-W2Z3ZM:428:507
@https://www.googletagmanager.com/gtm.js?id=GTM-W2Z3ZM:519:364
yf@https://www.googletagmanager.com/gtm.js?id=GTM-W2Z3ZM:125:199
zf@https://www.googletagmanager.com/gtm.js?id=GTM-W2Z3ZM:126:279
Af@https://www.googletagmanager.com/gtm.js?id=GTM-W2Z3ZM:125:424
Bf@https://www.googletagmanager.com/gtm.js?id=GTM-W2Z3ZM:128:139
If/<@https://www.googletagmanager.com/gtm.js?id=GTM-W2Z3ZM:129:192
Jf@https://www.googletagmanager.com/gtm.js?id=GTM-W2Z3ZM:128:1373
Kf@https://www.googletagmanager.com/gtm.js?id=GTM-W2Z3ZM:128:1133
Dw@https://www.googletagmanager.com/gtm.js?id=GTM-W2Z3ZM:394:135
Ox@https://www.googletagmanager.com/gtm.js?id=GTM-W2Z3ZM:414:272
Rx@https://www.googletagmanager.com/gtm.js?id=GTM-W2Z3ZM:419:57
Vx/b.push@https://www.googletagmanager.com/gtm.js?id=GTM-W2Z3ZM:423:315
Vx/b.push@https://www.googletagmanager.com/gtag/js?id=G-Z81QVQY510&l=dataLayer&cx=c:496:165
trackAction/<@https://stc.aeplcdn.com/staticminv2/js/v2/app/cwtracking-f208e0fca3.js:1:6918

Dynamically enable window occlusion 1
1699285151670	geckodriver	INFO	Listening on 127.0.0.1:56988
1699285154717	mozrunner::runner	INFO	Running command: "C:\\Program Files\\Mozilla Firefox\\firefox.exe" "--marionette" "--remote-debugging-port" "56989" "--remote-allow-hosts" "localhost" "-no-remote" "-profile" "C:\\Users\\siddh\\AppData\\Local\\Temp\\rust_mozprofileRlhpuC"
console.warn: services.settings: Ignoring preference override of remote settings server
console.warn: services.settings: Allow by setting MOZ_REMOTE_SETTINGS_DEVTOOLS=1 in the environment
1699285155314	Marionette	INFO	Marionette enabled
Dynamically enable window occlusion 0
1699285155382	Marionette	INFO	Listening on port 57034
WebDriver BiDi listening on ws://127.0.0.1:56989
Read port: 57034
1699285155597	RemoteAgent	WARN	TLS certificate errors will be ignored for this session
DevTools listening on ws://127.0.0.1:56989/devtools/browser/708a2819-c4bd-4ca9-af44-94835b7f6e4e
JavaScript warning: https://pagead2.googlesyndication.com/bg/4WwaGfWzeDAeGvs0ZrtmWMJUG7fu6zGPBJzQt4duOkA.js line 2 > eval line 482 > eval line 1 > eval line 1 > eval, line 1: WEBGL_debug_renderer_info is deprecated in Firefox and will be removed. Please use RENDERER.
JavaScript warning: https://www.googletagmanager.com/gtag/js?id=G-Z81QVQY510&l=dataLayer&cx=c, line 190: Script terminated by timeout at:
l@https://www.googletagmanager.com/gtag/js?id=G-Z81QVQY510&l=dataLayer&cx=c:190:17
lA@https://www.googletagmanager.com/gtag/js?id=G-Z81QVQY510&l=dataLayer&cx=c:513:134
mA/<@https://www.googletagmanager.com/gtag/js?id=G-Z81QVQY510&l=dataLayer&cx=c:513:111

JavaScript warning: https://www.googletagservices.com/activeview/js/current/rx_lidar.js?cache=r20110914, line 78: Script terminated by timeout at:
m.next@https://www.googletagservices.com/activeview/js/current/rx_lidar.js?cache=r20110914:78:810
m.yh@https://www.googletagservices.com/activeview/js/current/rx_lidar.js?cache=r20110914:80:1940
m.o@https://www.googletagservices.com/activeview/js/current/rx_lidar.js?cache=r20110914:73:223
m.next@https://www.googletagservices.com/activeview/js/current/rx_lidar.js?cache=r20110914:72:859
Kk/c/</</<@https://www.googletagservices.com/activeview/js/current/rx_lidar.js?cache=r20110914:198:320
Ta@https://www.googletagservices.com/activeview/js/current/rx_lidar.js?cache=r20110914:44:339
Qa.prototype.flush@https://www.googletagservices.com/activeview/js/current/rx_lidar.js?cache=r20110914:44:127
Sa@https://www.googletagservices.com/activeview/js/current/rx_lidar.js?cache=r20110914:43:466
Kk/c/</<@https://www.googletagservices.com/activeview/js/current/rx_lidar.js?cache=r20110914:198:292
m.pd@https://www.googletagservices.com/activeview/js/current/rx_lidar.js?cache=r20110914:75:425
m.next@https://www.googletagservices.com/activeview/js/current/rx_lidar.js?cache=r20110914:74:439
m.o@https://www.googletagservices.com/activeview/js/current/rx_lidar.js?cache=r20110914:73:223
m.next@https://www.googletagservices.com/activeview/js/current/rx_lidar.js?cache=r20110914:72:859
tk/</</</<@https://www.googletagservices.com/activeview/js/current/rx_lidar.js?cache=r20110914:190:362
rk/<@https://www.googletagservices.com/activeview/js/current/rx_lidar.js?cache=r20110914:189:1013
Oa.prototype.Oa/<@https://www.googletagservices.com/activeview/js/current/rx_lidar.js?cache=r20110914:43:298
tk/</</<@https://www.googletagservices.com/activeview/js/current/rx_lidar.js?cache=r20110914:190:371
m.pd@https://www.googletagservices.com/activeview/js/current/rx_lidar.js?cache=r20110914:75:425
m.next@https://www.googletagservices.com/activeview/js/current/rx_lidar.js?cache=r20110914:74:439
m.o@https://www.googletagservices.com/activeview/js/current/rx_lidar.js?cache=r20110914:73:223
m.next@https://www.googletagservices.com/activeview/js/current/rx_lidar.js?cache=r20110914:72:859
tk/</</</<@https://www.googletagservices.com/activeview/js/current/rx_lidar.js?cache=r20110914:190:362
rk/<@https://www.googletagservices.com/activeview/js/current/rx_lidar.js?cache=r20110914:189:1013
Oa.prototype.Oa/<@https://www.googletagservices.com/activeview/js/current/rx_lidar.js?cache=r20110914:43:298
tk/</</<@https://www.googletagservices.com/activeview/js/current/rx_lidar.js?cache=r20110914:190:371
m.pd@https://www.googletagservices.com/activeview/js/current/rx_lidar.js?cache=r20110914:75:425
m.next@https://www.googletagservices.com/activeview/js/current/rx_lidar.js?cache=r20110914:74:439
m.o@https://www.googletagservices.com/activeview/js/current/rx_lidar.js?cache=r20110914:73:223
m.next@https://www.googletagservices.com/activeview/js/current/rx_lidar.js?cache=r20110914:72:859
md/</<@https://www.googletagservices.com/activeview/js/current/rx_lidar.js?cache=r20110914:93:671

JavaScript error: , line 0: TypeError: NetworkError when attempting to fetch resource.
1699285185374	addons.xpi	ERROR	System addon update list error SyntaxError: XMLHttpRequest.open: 'http://%(server)s/dummy-system-addons.xml' is not a valid URL.
1699285227068	geckodriver	INFO	Listening on 127.0.0.1:57439
1699285230123	mozrunner::runner	INFO	Running command: "C:\\Program Files\\Mozilla Firefox\\firefox.exe" "--marionette" "--remote-debugging-port" "57440" "--remote-allow-hosts" "localhost" "-no-remote" "-profile" "C:\\Users\\siddh\\AppData\\Local\\Temp\\rust_mozprofile01JcQn"
console.warn: services.settings: Ignoring preference override of remote settings server
console.warn: services.settings: Allow by setting MOZ_REMOTE_SETTINGS_DEVTOOLS=1 in the environment
1699285230644	Marionette	INFO	Marionette enabled
Dynamically enable window occlusion 0
1699285230707	Marionette	INFO	Listening on port 57478
WebDriver BiDi listening on ws://127.0.0.1:57440
Read port: 57478
1699285230912	RemoteAgent	WARN	TLS certificate errors will be ignored for this session
DevTools listening on ws://127.0.0.1:57440/devtools/browser/b54078fd-fae9-414d-b222-43c0440b5da5
JavaScript error: https://stc.aeplcdn.com/staticminv2/js/bootstrap.772ab6b527.en.js, line 1: ChunkLoadError: Loading chunk adsense- failed.
(error: https://stc.aeplcdn.com/staticminv2/js/adsense-.f1be6155e1.en.js)
Marionette threw an error: TypeError: browsingContext.currentWindowGlobal is null
getMarionetteCommandsActorProxy/get/<@chrome://remote/content/marionette/actors/MarionetteCommandsParent.sys.mjs:352:17

console.error: "Marionette threw an error: TypeError: browsingContext.currentWindowGlobal is null\ngetMarionetteCommandsActorProxy/get/<@chrome://remote/content/marionette/actors/MarionetteCommandsParent.sys.mjs:352:17\n"
1699285264269	addons.xpi	ERROR	System addon update list error SyntaxError: XMLHttpRequest.open: 'http://%(server)s/dummy-system-addons.xml' is not a valid URL.
1699285268737	Marionette	INFO	Stopped listening on port 57478
Dynamically enable window occlusion 1
!!! error running onStopped callback: TypeError: callback is not a function
1699285315894	geckodriver	INFO	Listening on 127.0.0.1:57940
1699285318937	mozrunner::runner	INFO	Running command: "C:\\Program Files\\Mozilla Firefox\\firefox.exe" "--marionette" "--remote-debugging-port" "57941" "--remote-allow-hosts" "localhost" "-no-remote" "-profile" "C:\\Users\\siddh\\AppData\\Local\\Temp\\rust_mozprofilecKb586"
console.warn: services.settings: Ignoring preference override of remote settings server
console.warn: services.settings: Allow by setting MOZ_REMOTE_SETTINGS_DEVTOOLS=1 in the environment
1699285319438	Marionette	INFO	Marionette enabled
Dynamically enable window occlusion 0
1699285319506	Marionette	INFO	Listening on port 57990
WebDriver BiDi listening on ws://127.0.0.1:57941
Read port: 57990
1699285319702	RemoteAgent	WARN	TLS certificate errors will be ignored for this session
DevTools listening on ws://127.0.0.1:57941/devtools/browser/f7b63a84-f088-432c-a610-6563b43ec694
JavaScript warning: https://pagead2.googlesyndication.com/bg/4WwaGfWzeDAeGvs0ZrtmWMJUG7fu6zGPBJzQt4duOkA.js line 2 > eval line 2095 > eval line 1 > eval line 1 > eval, line 1: WEBGL_debug_renderer_info is deprecated in Firefox and will be removed. Please use RENDERER.
1699285349622	addons.xpi	ERROR	System addon update list error SyntaxError: XMLHttpRequest.open: 'http://%(server)s/dummy-system-addons.xml' is not a valid URL.
1699285371578	Marionette	WARN	Ignoring event 'DOMContentLoaded' because document has an invalid readyState of 'complete'.
JavaScript error: https://stc.aeplcdn.com/staticminv2/js/bootstrap.772ab6b527.en.js, line 1: ChunkLoadError: Loading chunk defaultvendors-b64ad3764e669b46d34322d6b0b1679b failed.
(error: https://stc.aeplcdn.com/staticminv2/js/defaultvendors-b64ad3764e669b46d34322d6b0b1679b.b900415645.en.js)
JavaScript error: https://stc.aeplcdn.com/staticminv2/js/bootstrap.772ab6b527.en.js, line 1: ChunkLoadError: Loading chunk emicalculatorctapwa failed.
(error: https://stc.aeplcdn.com/staticminv2/js/emicalculatorctapwa.b9029238f4.en.js)
JavaScript error: https://stc.aeplcdn.com/staticminv2/js/bootstrap.772ab6b527.en.js, line 1: ChunkLoadError: Loading chunk defaultvendors-c3fbfad5cf562e0215c3958bbc9898fc failed.
(error: https://stc.aeplcdn.com/staticminv2/js/defaultvendors-c3fbfad5cf562e0215c3958bbc9898fc.282de9a8cc.en.js)
JavaScript error: https://stc.aeplcdn.com/staticminv2/js/bootstrap.772ab6b527.en.js, line 1: ChunkLoadError: Loading chunk loadable-global-location-popup failed.
(error: https://stc.aeplcdn.com/staticminv2/js/loadable-global-location-popup.9fb9f9462b.en.js)
1699285390448	Marionette	WARN	Ignoring event 'DOMContentLoaded' because document has an invalid readyState of 'complete'.
JavaScript error: https://stc.aeplcdn.com/staticminv2/js/bootstrap.772ab6b527.en.js, line 1: ChunkLoadError: Loading chunk adsense- failed.
(error: https://stc.aeplcdn.com/staticminv2/js/adsense-.f1be6155e1.en.js)
JavaScript warning: https://www.google.com/js/th/FHpo6pEqcSRgVdNkQyOrWf56osNa_SwdaUPxzrL5JrM.js line 2 > eval, line 7451: Script terminated by timeout at:
G1<@https://www.google.com/js/th/FHpo6pEqcSRgVdNkQyOrWf56osNa_SwdaUPxzrL5JrM.js line 2 > eval:7451:25951
@https://www.google.com/js/th/FHpo6pEqcSRgVdNkQyOrWf56osNa_SwdaUPxzrL5JrM.js line 2 > eval:7451:26118
@https://www.google.com/js/th/FHpo6pEqcSRgVdNkQyOrWf56osNa_SwdaUPxzrL5JrM.js line 2 > eval:7451:37599
@https://www.google.com/js/th/FHpo6pEqcSRgVdNkQyOrWf56osNa_SwdaUPxzrL5JrM.js:2:305
@https://www.google.com/js/th/FHpo6pEqcSRgVdNkQyOrWf56osNa_SwdaUPxzrL5JrM.js:3:37638

JavaScript warning: https://www.youtube.com/embed/Zm-1GZm0VEI?autoplay=0&disablekb=1&modestbranding=1&rel=0&enablejsapi=1&origin=https%3A%2F%2Fwww.carwale.com&widgetid=3 line 851 > injectedScript line 2 > eval line 1802 > eval line 1 > eval line 1 > eval, line 1: WEBGL_debug_renderer_info is deprecated in Firefox and will be removed. Please use RENDERER.
JavaScript warning: https://www.google.com/js/th/FHpo6pEqcSRgVdNkQyOrWf56osNa_SwdaUPxzrL5JrM.js line 2 > eval line 1141 > eval line 1 > eval line 1 > eval, line 1: WEBGL_debug_renderer_info is deprecated in Firefox and will be removed. Please use RENDERER.
1699285527777	Marionette	WARN	Ignoring event 'DOMContentLoaded' because document has an invalid readyState of 'complete'.
JavaScript error: https://stc.aeplcdn.com/staticminv2/js/bootstrap.772ab6b527.en.js, line 1: ChunkLoadError: Loading chunk defaultvendors-b64ad3764e669b46d34322d6b0b1679b failed.
(error: https://stc.aeplcdn.com/staticminv2/js/defaultvendors-b64ad3764e669b46d34322d6b0b1679b.b900415645.en.js)
JavaScript error: https://stc.aeplcdn.com/staticminv2/js/bootstrap.772ab6b527.en.js, line 1: ChunkLoadError: Loading chunk emicalculatorctapwa failed.
(error: https://stc.aeplcdn.com/staticminv2/js/emicalculatorctapwa.b9029238f4.en.js)
JavaScript error: https://stc.aeplcdn.com/staticminv2/js/bootstrap.772ab6b527.en.js, line 1: ChunkLoadError: Loading chunk defaultvendors-c3fbfad5cf562e0215c3958bbc9898fc failed.
(error: https://stc.aeplcdn.com/staticminv2/js/defaultvendors-c3fbfad5cf562e0215c3958bbc9898fc.282de9a8cc.en.js)
JavaScript error: https://stc.aeplcdn.com/staticminv2/js/bootstrap.772ab6b527.en.js, line 1: ChunkLoadError: Loading chunk loadable-global-location-popup failed.
(error: https://stc.aeplcdn.com/staticminv2/js/loadable-global-location-popup.9fb9f9462b.en.js)
JavaScript warning: https://www.youtube.com/s/player/9d15588c/player_ias.vflset/en_US/base.js, line 7592: Script terminated by timeout at:
g.k.ON@https://www.youtube.com/s/player/9d15588c/player_ias.vflset/en_US/base.js:7592:16
g.k.O5@https://www.youtube.com/s/player/9d15588c/player_ias.vflset/en_US/base.js:7593:30
sb.prototype.C@https://www.youtube.com/s/player/9d15588c/player_ias.vflset/en_US/base.js:7595:160
g.k.FL@https://www.youtube.com/s/player/9d15588c/player_ias.vflset/en_US/base.js:7684:89
g.k.Yl@https://www.youtube.com/s/player/9d15588c/player_ias.vflset/en_US/base.js:7683:28
An.prototype.r_@https://www.youtube.com/s/player/9d15588c/player_ias.vflset/en_US/base.js:7807:109
qI.prototype.z0@https://www.youtube.com/s/player/9d15588c/player_ias.vflset/en_US/base.js:8914:41
g.k.invoke@https://www.youtube.com/s/player/9d15588c/player_ias.vflset/en_US/base.js:8905:64
WKa@https://www.youtube.com/s/player/9d15588c/player_ias.vflset/en_US/base.js:3976:47
g.$Ka/a.c1a@https://www.youtube.com/s/player/9d15588c/player_ias.vflset/en_US/base.js:3982:276
g.aLa@https://www.youtube.com/s/player/9d15588c/player_ias.vflset/en_US/base.js:3985:167
g.k.CR@https://www.youtube.com/s/player/9d15588c/player_ias.vflset/en_US/base.js:12197:77
g.k.sendAbandonmentPing@https://www.youtube.com/s/player/9d15588c/player_ias.vflset/en_US/base.js:12086:102
g.k.sendAbandonmentPing@https://www.youtube.com/s/player/9d15588c/player_ias.vflset/en_US/base.js:10203:62
XT/a.state.j[b]@https://www.youtube.com/s/player/9d15588c/player_ias.vflset/en_US/base.js:4756:53
Ix/<@https://www.youtube.com/s/player/9d15588c/www-embed-player.vflset/www-embed-player.js:1834:107
Ux@https://www.youtube.com/s/player/9d15588c/www-embed-player.vflset/www-embed-player.js:1867:46
Yx<@https://www.youtube.com/s/player/9d15588c/www-embed-player.vflset/www-embed-player.js:1874:183
ll/<@https://www.youtube.com/s/player/9d15588c/www-embed-player.vflset/www-embed-player.js:868:63

JavaScript warning: https://www.youtube.com/embed/lf0uANosiZw?autoplay=0&disablekb=1&modestbranding=1&rel=0&enablejsapi=1&origin=https%3A%2F%2Fwww.carwale.com&widgetid=1 line 851 > injectedScript line 2 > eval line 1309 > eval line 1 > eval line 1 > eval, line 1: WEBGL_debug_renderer_info is deprecated in Firefox and will be removed. Please use RENDERER.
JavaScript warning: https://www.youtube.com/embed/lf0uANosiZw?autoplay=0&disablekb=1&modestbranding=1&rel=0&enablejsapi=1&origin=https%3A%2F%2Fwww.carwale.com&widgetid=5 line 851 > injectedScript line 2 > eval line 3389 > eval line 1 > eval line 1 > eval, line 1: WEBGL_debug_renderer_info is deprecated in Firefox and will be removed. Please use RENDERER.
1699285546588	Marionette	WARN	Ignoring event 'DOMContentLoaded' because document has an invalid readyState of 'complete'.
JavaScript error: https://stc.aeplcdn.com/staticminv2/js/bootstrap.772ab6b527.en.js, line 1: ChunkLoadError: Loading chunk defaultvendors-b64ad3764e669b46d34322d6b0b1679b failed.
(error: https://stc.aeplcdn.com/staticminv2/js/defaultvendors-b64ad3764e669b46d34322d6b0b1679b.b900415645.en.js)
JavaScript error: https://stc.aeplcdn.com/staticminv2/js/bootstrap.772ab6b527.en.js, line 1: ChunkLoadError: Loading chunk emicalculatorctapwa failed.
(error: https://stc.aeplcdn.com/staticminv2/js/emicalculatorctapwa.b9029238f4.en.js)
JavaScript error: https://stc.aeplcdn.com/staticminv2/js/bootstrap.772ab6b527.en.js, line 1: ChunkLoadError: Loading chunk defaultvendors-c3fbfad5cf562e0215c3958bbc9898fc failed.
(error: https://stc.aeplcdn.com/staticminv2/js/defaultvendors-c3fbfad5cf562e0215c3958bbc9898fc.282de9a8cc.en.js)
JavaScript error: https://stc.aeplcdn.com/staticminv2/js/bootstrap.772ab6b527.en.js, line 1: ChunkLoadError: Loading chunk loadable-global-location-popup failed.
(error: https://stc.aeplcdn.com/staticminv2/js/loadable-global-location-popup.9fb9f9462b.en.js)
JavaScript warning: https://www.youtube.com/s/player/9d15588c/www-embed-player.vflset/www-embed-player.js, line 1030: Script terminated by timeout at:
c@https://www.youtube.com/s/player/9d15588c/www-embed-player.vflset/www-embed-player.js:1030:18
e@https://www.youtube.com/s/player/9d15588c/www-embed-player.vflset/www-embed-player.js:1041:15

JavaScript warning: https://www.google.com/js/th/FHpo6pEqcSRgVdNkQyOrWf56osNa_SwdaUPxzrL5JrM.js line 2 > eval line 6523 > eval line 1 > eval line 1 > eval, line 1: WEBGL_debug_renderer_info is deprecated in Firefox and will be removed. Please use RENDERER.
JavaScript warning: https://www.google.com/js/th/FHpo6pEqcSRgVdNkQyOrWf56osNa_SwdaUPxzrL5JrM.js line 2 > eval line 7116 > eval line 1 > eval line 1 > eval, line 1: WEBGL_debug_renderer_info is deprecated in Firefox and will be removed. Please use RENDERER.
1699285552444	Marionette	WARN	Ignoring event 'DOMContentLoaded' because document has an invalid readyState of 'complete'.
JavaScript error: https://stc.aeplcdn.com/staticminv2/js/bootstrap.772ab6b527.en.js, line 1: ChunkLoadError: Loading chunk defaultvendors-b64ad3764e669b46d34322d6b0b1679b failed.
(error: https://stc.aeplcdn.com/staticminv2/js/defaultvendors-b64ad3764e669b46d34322d6b0b1679b.b900415645.en.js)
JavaScript error: https://stc.aeplcdn.com/staticminv2/js/bootstrap.772ab6b527.en.js, line 1: ChunkLoadError: Loading chunk emicalculatorctapwa failed.
(error: https://stc.aeplcdn.com/staticminv2/js/emicalculatorctapwa.b9029238f4.en.js)
JavaScript error: https://stc.aeplcdn.com/staticminv2/js/bootstrap.772ab6b527.en.js, line 1: ChunkLoadError: Loading chunk defaultvendors-c3fbfad5cf562e0215c3958bbc9898fc failed.
(error: https://stc.aeplcdn.com/staticminv2/js/defaultvendors-c3fbfad5cf562e0215c3958bbc9898fc.282de9a8cc.en.js)
JavaScript error: https://stc.aeplcdn.com/staticminv2/js/bootstrap.772ab6b527.en.js, line 1: ChunkLoadError: Loading chunk loadable-global-location-popup failed.
(error: https://stc.aeplcdn.com/staticminv2/js/loadable-global-location-popup.9fb9f9462b.en.js)
JavaScript warning: https://www.youtube.com/s/player/9d15588c/www-embed-player.vflset/www-embed-player.js, line 884: Script terminated by timeout at:
R@https://www.youtube.com/s/player/9d15588c/www-embed-player.vflset/www-embed-player.js:884:131
Yx<@https://www.youtube.com/s/player/9d15588c/www-embed-player.vflset/www-embed-player.js:1874:98
ll/<@https://www.youtube.com/s/player/9d15588c/www-embed-player.vflset/www-embed-player.js:868:63

JavaScript warning: https://www.google.com/js/th/FHpo6pEqcSRgVdNkQyOrWf56osNa_SwdaUPxzrL5JrM.js line 2 > eval line 6158 > eval line 1 > eval line 1 > eval, line 1: WEBGL_debug_renderer_info is deprecated in Firefox and will be removed. Please use RENDERER.
JavaScript warning: https://www.youtube.com/embed/cjBXL3arSHw?autoplay=0&disablekb=1&modestbranding=1&rel=0&enablejsapi=1&origin=https%3A%2F%2Fwww.carwale.com&widgetid=5 line 851 > injectedScript line 2 > eval line 7234 > eval line 1 > eval line 1 > eval, line 1: WEBGL_debug_renderer_info is deprecated in Firefox and will be removed. Please use RENDERER.
JavaScript warning: https://www.google.com/js/th/FHpo6pEqcSRgVdNkQyOrWf56osNa_SwdaUPxzrL5JrM.js line 2 > eval line 2131 > eval line 1 > eval line 1 > eval, line 1: WEBGL_debug_renderer_info is deprecated in Firefox and will be removed. Please use RENDERER.
1699285625988	Marionette	WARN	Ignoring event 'DOMContentLoaded' because document has an invalid readyState of 'complete'.
JavaScript error: https://stc.aeplcdn.com/staticminv2/js/bootstrap.772ab6b527.en.js, line 1: ChunkLoadError: Loading chunk defaultvendors-c308d2cf88701799bdd53704299dc1f2 failed.
(error: https://stc.aeplcdn.com/staticminv2/js/defaultvendors-c308d2cf88701799bdd53704299dc1f2.af638972a1.en.js)
JavaScript error: https://stc.aeplcdn.com/staticminv2/js/bootstrap.772ab6b527.en.js, line 1: ChunkLoadError: Loading chunk defaultvendors-c308d2cf88701799bdd53704299dc1f2 failed.
(error: https://stc.aeplcdn.com/staticminv2/js/defaultvendors-c308d2cf88701799bdd53704299dc1f2.af638972a1.en.js)
JavaScript error: https://stc.aeplcdn.com/staticminv2/js/bootstrap.772ab6b527.en.js, line 1: ChunkLoadError: Loading chunk location-popup-content-pv2 failed.
(error: https://stc.aeplcdn.com/staticminv2/js/location-popup-content-pv2.9455f6862f.en.js)
JavaScript error: https://stc.aeplcdn.com/staticminv2/js/bootstrap.772ab6b527.en.js, line 1: ChunkLoadError: Loading chunk location-popup-content-pv2 failed.
(error: https://stc.aeplcdn.com/staticminv2/js/location-popup-content-pv2.9455f6862f.en.js)
1699286000591	Marionette	WARN	Ignoring event 'DOMContentLoaded' because document has an invalid readyState of 'complete'.
JavaScript error: https://stc.aeplcdn.com/staticminv2/js/bootstrap.772ab6b527.en.js, line 1: ChunkLoadError: Loading chunk defaultvendors-c3fbfad5cf562e0215c3958bbc9898fc failed.
(error: https://stc.aeplcdn.com/staticminv2/js/defaultvendors-c3fbfad5cf562e0215c3958bbc9898fc.282de9a8cc.en.js)
JavaScript error: https://stc.aeplcdn.com/staticminv2/js/bootstrap.772ab6b527.en.js, line 1: ChunkLoadError: Loading chunk loadable-global-location-popup failed.
(error: https://stc.aeplcdn.com/staticminv2/js/loadable-global-location-popup.9fb9f9462b.en.js)
JavaScript error: https://stc.aeplcdn.com/staticminv2/js/bootstrap.772ab6b527.en.js, line 1: ChunkLoadError: Loading chunk defaultvendors-c308d2cf88701799bdd53704299dc1f2 failed.
(error: https://stc.aeplcdn.com/staticminv2/js/defaultvendors-c308d2cf88701799bdd53704299dc1f2.af638972a1.en.js)
JavaScript error: https://stc.aeplcdn.com/staticminv2/js/bootstrap.772ab6b527.en.js, line 1: ChunkLoadError: Loading chunk defaultvendors-c308d2cf88701799bdd53704299dc1f2 failed.
(error: https://stc.aeplcdn.com/staticminv2/js/defaultvendors-c308d2cf88701799bdd53704299dc1f2.af638972a1.en.js)
JavaScript error: https://stc.aeplcdn.com/staticminv2/js/bootstrap.772ab6b527.en.js, line 1: ChunkLoadError: Loading chunk location-popup-content-pv2 failed.
(error: https://stc.aeplcdn.com/staticminv2/js/location-popup-content-pv2.9455f6862f.en.js)
JavaScript error: https://stc.aeplcdn.com/staticminv2/js/bootstrap.772ab6b527.en.js, line 1: ChunkLoadError: Loading chunk location-popup-content-pv2 failed.
(error: https://stc.aeplcdn.com/staticminv2/js/location-popup-content-pv2.9455f6862f.en.js)
JavaScript error: https://stc.aeplcdn.com/staticminv2/js/bootstrap.772ab6b527.en.js, line 1: ChunkLoadError: Loading chunk defaultvendors-c308d2cf88701799bdd53704299dc1f2 failed.
(error: https://stc.aeplcdn.com/staticminv2/js/defaultvendors-c308d2cf88701799bdd53704299dc1f2.af638972a1.en.js)
JavaScript error: https://stc.aeplcdn.com/staticminv2/js/bootstrap.772ab6b527.en.js, line 1: ChunkLoadError: Loading chunk defaultvendors-c308d2cf88701799bdd53704299dc1f2 failed.
(error: https://stc.aeplcdn.com/staticminv2/js/defaultvendors-c308d2cf88701799bdd53704299dc1f2.af638972a1.en.js)
JavaScript error: https://stc.aeplcdn.com/staticminv2/js/bootstrap.772ab6b527.en.js, line 1: ChunkLoadError: Loading chunk location-popup-content-pv2 failed.
(error: https://stc.aeplcdn.com/staticminv2/js/location-popup-content-pv2.9455f6862f.en.js)
JavaScript error: https://stc.aeplcdn.com/staticminv2/js/bootstrap.772ab6b527.en.js, line 1: ChunkLoadError: Loading chunk location-popup-content-pv2 failed.
(error: https://stc.aeplcdn.com/staticminv2/js/location-popup-content-pv2.9455f6862f.en.js)
JavaScript error: https://stc.aeplcdn.com/staticminv2/js/bootstrap.772ab6b527.en.js, line 1: ChunkLoadError: Loading chunk defaultvendors-c3fbfad5cf562e0215c3958bbc9898fc failed.
(error: https://stc.aeplcdn.com/staticminv2/js/defaultvendors-c3fbfad5cf562e0215c3958bbc9898fc.282de9a8cc.en.js)
JavaScript error: https://stc.aeplcdn.com/staticminv2/js/bootstrap.772ab6b527.en.js, line 1: ChunkLoadError: Loading chunk loadable-global-location-popup failed.
(error: https://stc.aeplcdn.com/staticminv2/js/loadable-global-location-popup.9fb9f9462b.en.js)
JavaScript error: https://stc.aeplcdn.com/staticminv2/js/bootstrap.772ab6b527.en.js, line 1: ChunkLoadError: Loading chunk adsense- failed.
(error: https://stc.aeplcdn.com/staticminv2/js/adsense-.f1be6155e1.en.js)
JavaScript error: https://stc.aeplcdn.com/staticminv2/js/bootstrap.772ab6b527.en.js, line 1: ChunkLoadError: Loading chunk defaultvendors-c308d2cf88701799bdd53704299dc1f2 failed.
(error: https://stc.aeplcdn.com/staticminv2/js/defaultvendors-c308d2cf88701799bdd53704299dc1f2.af638972a1.en.js)
JavaScript error: https://stc.aeplcdn.com/staticminv2/js/bootstrap.772ab6b527.en.js, line 1: ChunkLoadError: Loading chunk defaultvendors-c308d2cf88701799bdd53704299dc1f2 failed.
(error: https://stc.aeplcdn.com/staticminv2/js/defaultvendors-c308d2cf88701799bdd53704299dc1f2.af638972a1.en.js)
JavaScript error: https://stc.aeplcdn.com/staticminv2/js/bootstrap.772ab6b527.en.js, line 1: ChunkLoadError: Loading chunk location-popup-content-pv2 failed.
(error: https://stc.aeplcdn.com/staticminv2/js/location-popup-content-pv2.9455f6862f.en.js)
JavaScript error: https://stc.aeplcdn.com/staticminv2/js/bootstrap.772ab6b527.en.js, line 1: ChunkLoadError: Loading chunk location-popup-content-pv2 failed.
(error: https://stc.aeplcdn.com/staticminv2/js/location-popup-content-pv2.9455f6862f.en.js)
JavaScript error: https://stc.aeplcdn.com/staticminv2/js/bootstrap.772ab6b527.en.js, line 1: ChunkLoadError: Loading chunk loadable-global-location-popup failed.
(error: https://stc.aeplcdn.com/staticminv2/js/loadable-global-location-popup.9fb9f9462b.en.js)
JavaScript error: https://stc.aeplcdn.com/staticminv2/js/bootstrap.772ab6b527.en.js, line 1: ChunkLoadError: Loading chunk defaultvendors-c3fbfad5cf562e0215c3958bbc9898fc failed.
(error: https://stc.aeplcdn.com/staticminv2/js/defaultvendors-c3fbfad5cf562e0215c3958bbc9898fc.282de9a8cc.en.js)
1699286570483	Marionette	WARN	Ignoring event 'DOMContentLoaded' because document has an invalid readyState of 'complete'.
JavaScript error: https://stc.aeplcdn.com/staticminv2/js/bootstrap.772ab6b527.en.js, line 1: ChunkLoadError: Loading chunk defaultvendors-b64ad3764e669b46d34322d6b0b1679b failed.
(error: https://stc.aeplcdn.com/staticminv2/js/defaultvendors-b64ad3764e669b46d34322d6b0b1679b.b900415645.en.js)
JavaScript error: https://stc.aeplcdn.com/staticminv2/js/bootstrap.772ab6b527.en.js, line 1: ChunkLoadError: Loading chunk emicalculatorctapwa failed.
(error: https://stc.aeplcdn.com/staticminv2/js/emicalculatorctapwa.b9029238f4.en.js)
JavaScript error: https://stc.aeplcdn.com/staticminv2/js/bootstrap.772ab6b527.en.js, line 1: ChunkLoadError: Loading chunk defaultvendors-c3fbfad5cf562e0215c3958bbc9898fc failed.
(error: https://stc.aeplcdn.com/staticminv2/js/defaultvendors-c3fbfad5cf562e0215c3958bbc9898fc.282de9a8cc.en.js)
JavaScript error: https://stc.aeplcdn.com/staticminv2/js/bootstrap.772ab6b527.en.js, line 1: ChunkLoadError: Loading chunk loadable-global-location-popup failed.
(error: https://stc.aeplcdn.com/staticminv2/js/loadable-global-location-popup.9fb9f9462b.en.js)
1699286639209	Marionette	WARN	Ignoring event 'DOMContentLoaded' because document has an invalid readyState of 'complete'.
JavaScript error: https://stc.aeplcdn.com/staticminv2/js/bootstrap.772ab6b527.en.js, line 1: ChunkLoadError: Loading chunk defaultvendors-c308d2cf88701799bdd53704299dc1f2 failed.
(error: https://stc.aeplcdn.com/staticminv2/js/defaultvendors-c308d2cf88701799bdd53704299dc1f2.af638972a1.en.js)
JavaScript error: https://stc.aeplcdn.com/staticminv2/js/bootstrap.772ab6b527.en.js, line 1: ChunkLoadError: Loading chunk defaultvendors-c308d2cf88701799bdd53704299dc1f2 failed.
(error: https://stc.aeplcdn.com/staticminv2/js/defaultvendors-c308d2cf88701799bdd53704299dc1f2.af638972a1.en.js)
JavaScript error: https://stc.aeplcdn.com/staticminv2/js/bootstrap.772ab6b527.en.js, line 1: ChunkLoadError: Loading chunk location-popup-content-pv2 failed.
(error: https://stc.aeplcdn.com/staticminv2/js/location-popup-content-pv2.9455f6862f.en.js)
JavaScript error: https://stc.aeplcdn.com/staticminv2/js/bootstrap.772ab6b527.en.js, line 1: ChunkLoadError: Loading chunk location-popup-content-pv2 failed.
(error: https://stc.aeplcdn.com/staticminv2/js/location-popup-content-pv2.9455f6862f.en.js)
1699286693058	Marionette	WARN	Ignoring event 'DOMContentLoaded' because document has an invalid readyState of 'complete'.
JavaScript error: https://stc.aeplcdn.com/staticminv2/js/bootstrap.772ab6b527.en.js, line 1: ChunkLoadError: Loading chunk defaultvendors-b64ad3764e669b46d34322d6b0b1679b failed.
(error: https://stc.aeplcdn.com/staticminv2/js/defaultvendors-b64ad3764e669b46d34322d6b0b1679b.b900415645.en.js)
JavaScript error: https://stc.aeplcdn.com/staticminv2/js/bootstrap.772ab6b527.en.js, line 1: ChunkLoadError: Loading chunk emicalculatorctapwa failed.
(error: https://stc.aeplcdn.com/staticminv2/js/emicalculatorctapwa.b9029238f4.en.js)
JavaScript error: https://stc.aeplcdn.com/staticminv2/js/bootstrap.772ab6b527.en.js, line 1: ChunkLoadError: Loading chunk defaultvendors-c3fbfad5cf562e0215c3958bbc9898fc failed.
(error: https://stc.aeplcdn.com/staticminv2/js/defaultvendors-c3fbfad5cf562e0215c3958bbc9898fc.282de9a8cc.en.js)
JavaScript error: https://stc.aeplcdn.com/staticminv2/js/bootstrap.772ab6b527.en.js, line 1: ChunkLoadError: Loading chunk loadable-global-location-popup failed.
(error: https://stc.aeplcdn.com/staticminv2/js/loadable-global-location-popup.9fb9f9462b.en.js)
JavaScript error: https://stc.aeplcdn.com/staticminv2/js/bootstrap.772ab6b527.en.js, line 1: ChunkLoadError: Loading chunk defaultvendors-c308d2cf88701799bdd53704299dc1f2 failed.
(error: https://stc.aeplcdn.com/staticminv2/js/defaultvendors-c308d2cf88701799bdd53704299dc1f2.af638972a1.en.js)
JavaScript error: https://stc.aeplcdn.com/staticminv2/js/bootstrap.772ab6b527.en.js, line 1: ChunkLoadError: Loading chunk defaultvendors-c308d2cf88701799bdd53704299dc1f2 failed.
(error: https://stc.aeplcdn.com/staticminv2/js/defaultvendors-c308d2cf88701799bdd53704299dc1f2.af638972a1.en.js)
JavaScript error: https://stc.aeplcdn.com/staticminv2/js/bootstrap.772ab6b527.en.js, line 1: ChunkLoadError: Loading chunk location-popup-content-pv2 failed.
(error: https://stc.aeplcdn.com/staticminv2/js/location-popup-content-pv2.9455f6862f.en.js)
JavaScript error: https://stc.aeplcdn.com/staticminv2/js/bootstrap.772ab6b527.en.js, line 1: ChunkLoadError: Loading chunk location-popup-content-pv2 failed.
(error: https://stc.aeplcdn.com/staticminv2/js/location-popup-content-pv2.9455f6862f.en.js)
JavaScript error: https://stc.aeplcdn.com/staticminv2/js/bootstrap.772ab6b527.en.js, line 1: ChunkLoadError: Loading chunk defaultvendors-c3fbfad5cf562e0215c3958bbc9898fc failed.
(error: https://stc.aeplcdn.com/staticminv2/js/defaultvendors-c3fbfad5cf562e0215c3958bbc9898fc.282de9a8cc.en.js)
JavaScript error: https://stc.aeplcdn.com/staticminv2/js/bootstrap.772ab6b527.en.js, line 1: ChunkLoadError: Loading chunk loadable-global-location-popup failed.
(error: https://stc.aeplcdn.com/staticminv2/js/loadable-global-location-popup.9fb9f9462b.en.js)
JavaScript error: https://stc.aeplcdn.com/staticminv2/js/bootstrap.772ab6b527.en.js, line 1: ChunkLoadError: Loading chunk defaultvendors-c308d2cf88701799bdd53704299dc1f2 failed.
(error: https://stc.aeplcdn.com/staticminv2/js/defaultvendors-c308d2cf88701799bdd53704299dc1f2.af638972a1.en.js)
JavaScript error: https://stc.aeplcdn.com/staticminv2/js/bootstrap.772ab6b527.en.js, line 1: ChunkLoadError: Loading chunk defaultvendors-c308d2cf88701799bdd53704299dc1f2 failed.
(error: https://stc.aeplcdn.com/staticminv2/js/defaultvendors-c308d2cf88701799bdd53704299dc1f2.af638972a1.en.js)
JavaScript error: https://stc.aeplcdn.com/staticminv2/js/bootstrap.772ab6b527.en.js, line 1: ChunkLoadError: Loading chunk location-popup-content-pv2 failed.
(error: https://stc.aeplcdn.com/staticminv2/js/location-popup-content-pv2.9455f6862f.en.js)
JavaScript error: https://stc.aeplcdn.com/staticminv2/js/bootstrap.772ab6b527.en.js, line 1: ChunkLoadError: Loading chunk location-popup-content-pv2 failed.
(error: https://stc.aeplcdn.com/staticminv2/js/location-popup-content-pv2.9455f6862f.en.js)
JavaScript error: https://stc.aeplcdn.com/staticminv2/js/bootstrap.772ab6b527.en.js, line 1: ChunkLoadError: Loading chunk defaultvendors-c308d2cf88701799bdd53704299dc1f2 failed.
(error: https://stc.aeplcdn.com/staticminv2/js/defaultvendors-c308d2cf88701799bdd53704299dc1f2.af638972a1.en.js)
JavaScript error: https://stc.aeplcdn.com/staticminv2/js/bootstrap.772ab6b527.en.js, line 1: ChunkLoadError: Loading chunk defaultvendors-c308d2cf88701799bdd53704299dc1f2 failed.
(error: https://stc.aeplcdn.com/staticminv2/js/defaultvendors-c308d2cf88701799bdd53704299dc1f2.af638972a1.en.js)
JavaScript error: https://stc.aeplcdn.com/staticminv2/js/bootstrap.772ab6b527.en.js, line 1: ChunkLoadError: Loading chunk location-popup-content-pv2 failed.
(error: https://stc.aeplcdn.com/staticminv2/js/location-popup-content-pv2.9455f6862f.en.js)
JavaScript error: https://stc.aeplcdn.com/staticminv2/js/bootstrap.772ab6b527.en.js, line 1: ChunkLoadError: Loading chunk location-popup-content-pv2 failed.
(error: https://stc.aeplcdn.com/staticminv2/js/location-popup-content-pv2.9455f6862f.en.js)
JavaScript error: https://stc.aeplcdn.com/staticminv2/js/bootstrap.772ab6b527.en.js, line 1: ChunkLoadError: Loading chunk defaultvendors-c308d2cf88701799bdd53704299dc1f2 failed.
(error: https://stc.aeplcdn.com/staticminv2/js/defaultvendors-c308d2cf88701799bdd53704299dc1f2.af638972a1.en.js)
JavaScript error: https://stc.aeplcdn.com/staticminv2/js/bootstrap.772ab6b527.en.js, line 1: ChunkLoadError: Loading chunk defaultvendors-c308d2cf88701799bdd53704299dc1f2 failed.
(error: https://stc.aeplcdn.com/staticminv2/js/defaultvendors-c308d2cf88701799bdd53704299dc1f2.af638972a1.en.js)
JavaScript error: https://stc.aeplcdn.com/staticminv2/js/bootstrap.772ab6b527.en.js, line 1: ChunkLoadError: Loading chunk location-popup-content-pv2 failed.
(error: https://stc.aeplcdn.com/staticminv2/js/location-popup-content-pv2.9455f6862f.en.js)
JavaScript error: https://stc.aeplcdn.com/staticminv2/js/bootstrap.772ab6b527.en.js, line 1: ChunkLoadError: Loading chunk location-popup-content-pv2 failed.
(error: https://stc.aeplcdn.com/staticminv2/js/location-popup-content-pv2.9455f6862f.en.js)
1699286960371	Marionette	INFO	Stopped listening on port 57990
JavaScript warning: https://www.googletagmanager.com/gtag/js?id=AW-999894061, line 179: Script terminated by timeout at:
Ti@https://www.googletagmanager.com/gtag/js?id=AW-999894061:179:227
zw@https://www.googletagmanager.com/gtag/js?id=AW-999894061:405:434
Dw@https://www.googletagmanager.com/gtag/js?id=AW-999894061:404:106
Ox@https://www.googletagmanager.com/gtag/js?id=AW-999894061:425:272
Rx@https://www.googletagmanager.com/gtag/js?id=AW-999894061:430:57
Vx/b.push@https://www.googletagmanager.com/gtag/js?id=AW-999894061:434:315
Vx/b.push@https://www.googletagmanager.com/gtm.js?id=GTM-W2Z3ZM:435:165
Vx/b.push@https://www.googletagmanager.com/gtag/js?id=G-Z81QVQY510&l=dataLayer&cx=c:496:165
trackAction/<@https://stc.aeplcdn.com/staticminv2/js/v2/app/cwtracking-f208e0fca3.js:1:6918

Dynamically enable window occlusion 1
1699287859629	geckodriver	INFO	Listening on 127.0.0.1:58397
1699287862681	mozrunner::runner	INFO	Running command: "C:\\Program Files\\Mozilla Firefox\\firefox.exe" "--marionette" "--remote-debugging-port" "58398" "--remote-allow-hosts" "localhost" "-no-remote" "-profile" "C:\\Users\\siddh\\AppData\\Local\\Temp\\rust_mozprofileDHmMnY"
console.warn: services.settings: Ignoring preference override of remote settings server
console.warn: services.settings: Allow by setting MOZ_REMOTE_SETTINGS_DEVTOOLS=1 in the environment
1699287863374	Marionette	INFO	Marionette enabled
Dynamically enable window occlusion 0
1699287863469	Marionette	INFO	Listening on port 58443
WebDriver BiDi listening on ws://127.0.0.1:58398
Read port: 58443
1699287863757	RemoteAgent	WARN	TLS certificate errors will be ignored for this session
DevTools listening on ws://127.0.0.1:58398/devtools/browser/7159628f-e2d9-48e3-9561-bf98e1481c0b
JavaScript error: , line 0: TypeError: NetworkError when attempting to fetch resource.
JavaScript warning: https://pagead2.googlesyndication.com/bg/4WwaGfWzeDAeGvs0ZrtmWMJUG7fu6zGPBJzQt4duOkA.js line 2 > eval line 4324 > eval line 1 > eval line 1 > eval, line 1: WEBGL_debug_renderer_info is deprecated in Firefox and will be removed. Please use RENDERER.
1699287893496	addons.xpi	ERROR	System addon update list error SyntaxError: XMLHttpRequest.open: 'http://%(server)s/dummy-system-addons.xml' is not a valid URL.
JavaScript error: https://stc.aeplcdn.com/staticminv2/js/bootstrap.772ab6b527.en.js, line 1: ChunkLoadError: Loading chunk defaultvendors-c308d2cf88701799bdd53704299dc1f2 failed.
(error: https://stc.aeplcdn.com/staticminv2/js/defaultvendors-c308d2cf88701799bdd53704299dc1f2.af638972a1.en.js)
JavaScript error: https://stc.aeplcdn.com/staticminv2/js/bootstrap.772ab6b527.en.js, line 1: ChunkLoadError: Loading chunk defaultvendors-c308d2cf88701799bdd53704299dc1f2 failed.
(error: https://stc.aeplcdn.com/staticminv2/js/defaultvendors-c308d2cf88701799bdd53704299dc1f2.af638972a1.en.js)
JavaScript error: https://stc.aeplcdn.com/staticminv2/js/bootstrap.772ab6b527.en.js, line 1: ChunkLoadError: Loading chunk location-popup-content-pv2 failed.
(error: https://stc.aeplcdn.com/staticminv2/js/location-popup-content-pv2.9455f6862f.en.js)
JavaScript error: https://stc.aeplcdn.com/staticminv2/js/bootstrap.772ab6b527.en.js, line 1: ChunkLoadError: Loading chunk location-popup-content-pv2 failed.
(error: https://stc.aeplcdn.com/staticminv2/js/location-popup-content-pv2.9455f6862f.en.js)
1699287973537	Marionette	INFO	Stopped listening on port 58443
JavaScript warning: https://www.googletagmanager.com/gtm.js?id=GTM-W2Z3ZM, line 375: Script terminated by timeout at:
ou@https://www.googletagmanager.com/gtm.js?id=GTM-W2Z3ZM:375:35
qu@https://www.googletagmanager.com/gtm.js?id=GTM-W2Z3ZM:373:16
Dw@https://www.googletagmanager.com/gtm.js?id=GTM-W2Z3ZM:393:39
Ox@https://www.googletagmanager.com/gtm.js?id=GTM-W2Z3ZM:414:272
Rx@https://www.googletagmanager.com/gtm.js?id=GTM-W2Z3ZM:419:57
Vx/b.push@https://www.googletagmanager.com/gtm.js?id=GTM-W2Z3ZM:423:315
Vx/b.push@https://www.googletagmanager.com/gtag/js?id=G-Z81QVQY510&l=dataLayer&cx=c:496:165
trackAction/<@https://stc.aeplcdn.com/staticminv2/js/v2/app/cwtracking-f208e0fca3.js:1:6918

Dynamically enable window occlusion 1
JavaScript error: , line 0: TypeError: NetworkError when attempting to fetch resource.
1699288146117	geckodriver	INFO	Listening on 127.0.0.1:59667
1699288149163	mozrunner::runner	INFO	Running command: "C:\\Program Files\\Mozilla Firefox\\firefox.exe" "--marionette" "--remote-debugging-port" "59668" "--remote-allow-hosts" "localhost" "-no-remote" "-profile" "C:\\Users\\siddh\\AppData\\Local\\Temp\\rust_mozprofileIpjTVZ"
console.warn: services.settings: Ignoring preference override of remote settings server
console.warn: services.settings: Allow by setting MOZ_REMOTE_SETTINGS_DEVTOOLS=1 in the environment
1699288149694	Marionette	INFO	Marionette enabled
Dynamically enable window occlusion 0
1699288149761	Marionette	INFO	Listening on port 59715
WebDriver BiDi listening on ws://127.0.0.1:59668
Read port: 59715
1699288149951	RemoteAgent	WARN	TLS certificate errors will be ignored for this session
DevTools listening on ws://127.0.0.1:59668/devtools/browser/c964b736-55ad-4d37-9498-ddea9df8f7eb
JavaScript error: resource://devtools/client/jsonview/Sniffer.sys.mjs, line 53: NS_ERROR_NOT_AVAILABLE: Component returned failure code: 0x80040111 (NS_ERROR_NOT_AVAILABLE) [nsIChannel.contentType]
JavaScript warning: https://pagead2.googlesyndication.com/bg/4WwaGfWzeDAeGvs0ZrtmWMJUG7fu6zGPBJzQt4duOkA.js line 2 > eval line 3815 > eval line 1 > eval line 1 > eval, line 1: WEBGL_debug_renderer_info is deprecated in Firefox and will be removed. Please use RENDERER.
1699288180421	addons.xpi	ERROR	System addon update list error SyntaxError: XMLHttpRequest.open: 'http://%(server)s/dummy-system-addons.xml' is not a valid URL.
1699288202229	Marionette	WARN	Ignoring event 'DOMContentLoaded' because document has an invalid readyState of 'complete'.
