1699282526765	geckodriver	INFO	Listening on 127.0.0.1:60160
1699282529808	mozrunner::runner	INFO	Running command: "C:\\Program Files\\Mozilla Firefox\\firefox.exe" "--marionette" "--remote-debugging-port" "60161" "--remote-allow-hosts" "localhost" "-no-remote" "-profile" "C:\\Users\\siddh\\AppData\\Local\\Temp\\rust_mozprofileYENdkX"
console.warn: services.settings: Ignoring preference override of remote settings server
console.warn: services.settings: Allow by setting MOZ_REMOTE_SETTINGS_DEVTOOLS=1 in the environment
1699282530437	Marionette	INFO	Marionette enabled
Dynamically enable window occlusion 0
1699282530510	Marionette	INFO	Listening on port 60212
WebDriver BiDi listening on ws://127.0.0.1:60161
Read port: 60212
1699282530723	RemoteAgent	WARN	TLS certificate errors will be ignored for this session
DevTools listening on ws://127.0.0.1:60161/devtools/browser/4b6ac4c1-4441-44ea-83dc-96b8eb26aaa6
JavaScript warning: https://pagead2.googlesyndication.com/bg/4WwaGfWzeDAeGvs0ZrtmWMJUG7fu6zGPBJzQt4duOkA.js line 2 > eval line 3313 > eval line 1 > eval line 1 > eval, line 1: WEBGL_debug_renderer_info is deprecated in Firefox and will be removed. Please use RENDERER.
1699282560512	addons.xpi	ERROR	System addon update list error SyntaxError: XMLHttpRequest.open: 'http://%(server)s/dummy-system-addons.xml' is not a valid URL.
1699282627722	Marionette	INFO	Stopped listening on port 60212
JavaScript warning: https://surveys-static.survicate.com/widget_core-20.5.13.js, line 1: Script terminated by timeout at:
consumeRequests/<@https://surveys-static.survicate.com/widget_core-20.5.13.js:1:216111

Dynamically enable window occlusion 1
1699282640069	geckodriver	INFO	Listening on 127.0.0.1:60786
1699282643111	mozrunner::runner	INFO	Running command: "C:\\Program Files\\Mozilla Firefox\\firefox.exe" "--marionette" "--remote-debugging-port" "60787" "--remote-allow-hosts" "localhost" "-no-remote" "-profile" "C:\\Users\\siddh\\AppData\\Local\\Temp\\rust_mozprofilecImPXC"
console.warn: services.settings: Ignoring preference override of remote settings server
console.warn: services.settings: Allow by setting MOZ_REMOTE_SETTINGS_DEVTOOLS=1 in the environment
1699282644055	Marionette	INFO	Marionette enabled
Dynamically enable window occlusion 0
1699282644192	Marionette	INFO	Listening on port 60838
WebDriver BiDi listening on ws://127.0.0.1:60787
Read port: 60838
1699282644570	RemoteAgent	WARN	TLS certificate errors will be ignored for this session
DevTools listening on ws://127.0.0.1:60787/devtools/browser/817a128a-f34a-4c29-815d-187278a3b21b
console.error: (new InvalidStateError("JSWindowActorChild.sendAsyncMessage: JSWindowActorChild cannot send at the moment", (void 0), 565))
console.error: (new InvalidStateError("JSWindowActorChild.sendAsyncMessage: JSWindowActorChild cannot send at the moment", (void 0), 565))
JavaScript error: resource:///modules/FaviconLoader.sys.mjs, line 580: InvalidStateError: JSWindowActorChild.sendAsyncMessage: JSWindowActorChild cannot send at the moment
JavaScript error: resource:///modules/FaviconLoader.sys.mjs, line 580: InvalidStateError: JSWindowActorChild.sendAsyncMessage: JSWindowActorChild cannot send at the moment
JavaScript warning: https://pagead2.googlesyndication.com/bg/4WwaGfWzeDAeGvs0ZrtmWMJUG7fu6zGPBJzQt4duOkA.js line 2 > eval line 3580 > eval line 1 > eval line 1 > eval, line 1: WEBGL_debug_renderer_info is deprecated in Firefox and will be removed. Please use RENDERER.
1699282674101	addons.xpi	ERROR	System addon update list error SyntaxError: XMLHttpRequest.open: 'http://%(server)s/dummy-system-addons.xml' is not a valid URL.
1699282932078	geckodriver	INFO	Listening on 127.0.0.1:62770
1699282935125	mozrunner::runner	INFO	Running command: "C:\\Program Files\\Mozilla Firefox\\firefox.exe" "--marionette" "--remote-debugging-port" "62771" "--remote-allow-hosts" "localhost" "-no-remote" "-profile" "C:\\Users\\siddh\\AppData\\Local\\Temp\\rust_mozprofile95fM4u"
console.warn: services.settings: Ignoring preference override of remote settings server
console.warn: services.settings: Allow by setting MOZ_REMOTE_SETTINGS_DEVTOOLS=1 in the environment
1699282935735	Marionette	INFO	Marionette enabled
Dynamically enable window occlusion 0
1699282935836	Marionette	INFO	Listening on port 62815
WebDriver BiDi listening on ws://127.0.0.1:62771
Read port: 62815
1699282936063	RemoteAgent	WARN	TLS certificate errors will be ignored for this session
DevTools listening on ws://127.0.0.1:62771/devtools/browser/2fdc895a-de0b-4edb-b473-4db90e12c9c7
JavaScript warning: https://pagead2.googlesyndication.com/bg/4WwaGfWzeDAeGvs0ZrtmWMJUG7fu6zGPBJzQt4duOkA.js line 2 > eval line 692 > eval line 1 > eval line 1 > eval, line 1: WEBGL_debug_renderer_info is deprecated in Firefox and will be removed. Please use RENDERER.
1699282966028	addons.xpi	ERROR	System addon update list error SyntaxError: XMLHttpRequest.open: 'http://%(server)s/dummy-system-addons.xml' is not a valid URL.
JavaScript warning: https://pagead2.googlesyndication.com/bg/4WwaGfWzeDAeGvs0ZrtmWMJUG7fu6zGPBJzQt4duOkA.js line 2 > eval line 6436 > eval line 1 > eval line 1 > eval, line 1: WEBGL_debug_renderer_info is deprecated in Firefox and will be removed. Please use RENDERER.
1699283033946	Marionette	INFO	Stopped listening on port 62815
JavaScript warning: https://cdn.doubleverify.com/dv-measurements4866.js, line 2: Script terminated by timeout at:
2478/runSafelyWhenInvoked/<@https://cdn.doubleverify.com/dv-measurements4866.js:2:266478

JavaScript warning: https://surveys-static.survicate.com/widget_core-20.5.13.js, line 1: Script terminated by timeout at:
consumeRequests/<@https://surveys-static.survicate.com/widget_core-20.5.13.js:1:216111

Dynamically enable window occlusion 1
1699283045049	geckodriver	INFO	Listening on 127.0.0.1:50462
1699283048101	mozrunner::runner	INFO	Running command: "C:\\Program Files\\Mozilla Firefox\\firefox.exe" "--marionette" "--remote-debugging-port" "50463" "--remote-allow-hosts" "localhost" "-no-remote" "-profile" "C:\\Users\\siddh\\AppData\\Local\\Temp\\rust_mozprofileiDYrVd"
console.warn: services.settings: Ignoring preference override of remote settings server
console.warn: services.settings: Allow by setting MOZ_REMOTE_SETTINGS_DEVTOOLS=1 in the environment
1699283048729	Marionette	INFO	Marionette enabled
Dynamically enable window occlusion 0
1699283048802	Marionette	INFO	Listening on port 50509
WebDriver BiDi listening on ws://127.0.0.1:50463
Read port: 50509
1699283048998	RemoteAgent	WARN	TLS certificate errors will be ignored for this session
DevTools listening on ws://127.0.0.1:50463/devtools/browser/cdfb3eda-40e8-482d-9b93-04fb483f103d
JavaScript warning: https://pagead2.googlesyndication.com/bg/4WwaGfWzeDAeGvs0ZrtmWMJUG7fu6zGPBJzQt4duOkA.js line 2 > eval line 2968 > eval line 1 > eval line 1 > eval, line 1: WEBGL_debug_renderer_info is deprecated in Firefox and will be removed. Please use RENDERER.
1699283079253	addons.xpi	ERROR	System addon update list error SyntaxError: XMLHttpRequest.open: 'http://%(server)s/dummy-system-addons.xml' is not a valid URL.
1699283109480	Marionette	WARN	Ignoring event 'DOMContentLoaded' because document has an invalid readyState of 'complete'.
JavaScript error: https://stc.aeplcdn.com/staticminv2/js/bootstrap.772ab6b527.en.js, line 1: ChunkLoadError: Loading chunk defaultvendors-b64ad3764e669b46d34322d6b0b1679b failed.
(error: https://stc.aeplcdn.com/staticminv2/js/defaultvendors-b64ad3764e669b46d34322d6b0b1679b.b900415645.en.js)
JavaScript error: https://stc.aeplcdn.com/staticminv2/js/bootstrap.772ab6b527.en.js, line 1: ChunkLoadError: Loading chunk emicalculatorctapwa failed.
(error: https://stc.aeplcdn.com/staticminv2/js/emicalculatorctapwa.b9029238f4.en.js)
JavaScript error: https://stc.aeplcdn.com/staticminv2/js/bootstrap.772ab6b527.en.js, line 1: ChunkLoadError: Loading chunk defaultvendors-c3fbfad5cf562e0215c3958bbc9898fc failed.
(error: https://stc.aeplcdn.com/staticminv2/js/defaultvendors-c3fbfad5cf562e0215c3958bbc9898fc.282de9a8cc.en.js)
JavaScript error: https://stc.aeplcdn.com/staticminv2/js/bootstrap.772ab6b527.en.js, line 1: ChunkLoadError: Loading chunk loadable-global-location-popup failed.
(error: https://stc.aeplcdn.com/staticminv2/js/loadable-global-location-popup.9fb9f9462b.en.js)
JavaScript warning: https://www.youtube.com/s/player/9d15588c/player_ias.vflset/en_US/base.js, line 1916: Script terminated by timeout at:
QB@https://www.youtube.com/s/player/9d15588c/player_ias.vflset/en_US/base.js:1916:18
SB@https://www.youtube.com/s/player/9d15588c/player_ias.vflset/en_US/base.js:1919:57
g.$Ka@https://www.youtube.com/s/player/9d15588c/player_ias.vflset/en_US/base.js:3984:42
g.k.CR@https://www.youtube.com/s/player/9d15588c/player_ias.vflset/en_US/base.js:12196:126
g.k.sendAbandonmentPing@https://www.youtube.com/s/player/9d15588c/player_ias.vflset/en_US/base.js:12086:102
g.k.sendAbandonmentPing@https://www.youtube.com/s/player/9d15588c/player_ias.vflset/en_US/base.js:10203:62
XT/a.state.j[b]@https://www.youtube.com/s/player/9d15588c/player_ias.vflset/en_US/base.js:4756:53
Ix/<@https://www.youtube.com/s/player/9d15588c/www-embed-player.vflset/www-embed-player.js:1834:107
Ux@https://www.youtube.com/s/player/9d15588c/www-embed-player.vflset/www-embed-player.js:1867:46
Yx<@https://www.youtube.com/s/player/9d15588c/www-embed-player.vflset/www-embed-player.js:1874:183
ll/<@https://www.youtube.com/s/player/9d15588c/www-embed-player.vflset/www-embed-player.js:868:63

JavaScript warning: https://www.google.com/js/th/FHpo6pEqcSRgVdNkQyOrWf56osNa_SwdaUPxzrL5JrM.js line 2 > eval line 3511 > eval line 1 > eval line 1 > eval, line 1: WEBGL_debug_renderer_info is deprecated in Firefox and will be removed. Please use RENDERER.
JavaScript warning: https://www.google.com/js/th/FHpo6pEqcSRgVdNkQyOrWf56osNa_SwdaUPxzrL5JrM.js line 2 > eval line 405 > eval line 1 > eval line 1 > eval, line 1: WEBGL_debug_renderer_info is deprecated in Firefox and will be removed. Please use RENDERER.
JavaScript warning: https://www.google.com/js/th/FHpo6pEqcSRgVdNkQyOrWf56osNa_SwdaUPxzrL5JrM.js line 2 > eval line 7756 > eval line 1 > eval line 1 > eval, line 1: WEBGL_debug_renderer_info is deprecated in Firefox and will be removed. Please use RENDERER.
1699283358208	geckodriver	INFO	Listening on 127.0.0.1:52746
1699283361265	mozrunner::runner	INFO	Running command: "C:\\Program Files\\Mozilla Firefox\\firefox.exe" "--marionette" "--remote-debugging-port" "52747" "--remote-allow-hosts" "localhost" "-no-remote" "-profile" "C:\\Users\\siddh\\AppData\\Local\\Temp\\rust_mozprofileuqJGH5"
console.warn: services.settings: Ignoring preference override of remote settings server
console.warn: services.settings: Allow by setting MOZ_REMOTE_SETTINGS_DEVTOOLS=1 in the environment
1699283362398	Marionette	INFO	Marionette enabled
Dynamically enable window occlusion 0
1699283362516	Marionette	INFO	Listening on port 52800
WebDriver BiDi listening on ws://127.0.0.1:52747
Read port: 52800
1699283362809	RemoteAgent	WARN	TLS certificate errors will be ignored for this session
DevTools listening on ws://127.0.0.1:52747/devtools/browser/290fa5dc-0604-4275-8eaf-f641575023f3
JavaScript error: resource://gre/actors/ContentMetaChild.sys.mjs, line 179: InvalidStateError: JSWindowActorChild.sendAsyncMessage: JSWindowActorChild cannot send at the moment
JavaScript warning: https://pagead2.googlesyndication.com/bg/4WwaGfWzeDAeGvs0ZrtmWMJUG7fu6zGPBJzQt4duOkA.js line 2 > eval line 3613 > eval line 1 > eval line 1 > eval, line 1: WEBGL_debug_renderer_info is deprecated in Firefox and will be removed. Please use RENDERER.
1699283393054	addons.xpi	ERROR	System addon update list error SyntaxError: XMLHttpRequest.open: 'http://%(server)s/dummy-system-addons.xml' is not a valid URL.
JavaScript error: https://stc.aeplcdn.com/staticminv2/js/bootstrap.772ab6b527.en.js, line 1: ChunkLoadError: Loading chunk defaultvendors-b64ad3764e669b46d34322d6b0b1679b failed.
(error: https://stc.aeplcdn.com/staticminv2/js/defaultvendors-b64ad3764e669b46d34322d6b0b1679b.b900415645.en.js)
JavaScript error: https://stc.aeplcdn.com/staticminv2/js/bootstrap.772ab6b527.en.js, line 1: ChunkLoadError: Loading chunk emicalculatorctapwa failed.
(error: https://stc.aeplcdn.com/staticminv2/js/emicalculatorctapwa.b9029238f4.en.js)
JavaScript error: https://stc.aeplcdn.com/staticminv2/js/bootstrap.772ab6b527.en.js, line 1: ChunkLoadError: Loading chunk defaultvendors-c3fbfad5cf562e0215c3958bbc9898fc failed.
(error: https://stc.aeplcdn.com/staticminv2/js/defaultvendors-c3fbfad5cf562e0215c3958bbc9898fc.282de9a8cc.en.js)
JavaScript error: https://stc.aeplcdn.com/staticminv2/js/bootstrap.772ab6b527.en.js, line 1: ChunkLoadError: Loading chunk loadable-global-location-popup failed.
(error: https://stc.aeplcdn.com/staticminv2/js/loadable-global-location-popup.9fb9f9462b.en.js)
1699283444292	Marionette	WARN	Ignoring event 'DOMContentLoaded' because document has an invalid readyState of 'complete'.
JavaScript error: https://stc.aeplcdn.com/staticminv2/js/bootstrap.772ab6b527.en.js, line 1: ChunkLoadError: Loading chunk defaultvendors-b64ad3764e669b46d34322d6b0b1679b failed.
(error: https://stc.aeplcdn.com/staticminv2/js/defaultvendors-b64ad3764e669b46d34322d6b0b1679b.b900415645.en.js)
JavaScript error: https://stc.aeplcdn.com/staticminv2/js/bootstrap.772ab6b527.en.js, line 1: ChunkLoadError: Loading chunk emicalculatorctapwa failed.
(error: https://stc.aeplcdn.com/staticminv2/js/emicalculatorctapwa.b9029238f4.en.js)
JavaScript error: https://stc.aeplcdn.com/staticminv2/js/bootstrap.772ab6b527.en.js, line 1: ChunkLoadError: Loading chunk defaultvendors-c3fbfad5cf562e0215c3958bbc9898fc failed.
(error: https://stc.aeplcdn.com/staticminv2/js/defaultvendors-c3fbfad5cf562e0215c3958bbc9898fc.282de9a8cc.en.js)
JavaScript error: https://stc.aeplcdn.com/staticminv2/js/bootstrap.772ab6b527.en.js, line 1: ChunkLoadError: Loading chunk loadable-global-location-popup failed.
(error: https://stc.aeplcdn.com/staticminv2/js/loadable-global-location-popup.9fb9f9462b.en.js)
JavaScript warning: https://www.youtube.com/s/player/9d15588c/player_ias.vflset/en_US/base.js, line 7595: Script terminated by timeout at:
g.k.getKey@https://www.youtube.com/s/player/9d15588c/player_ias.vflset/en_US/base.js:7595:20
g.k.ON@https://www.youtube.com/s/player/9d15588c/player_ias.vflset/en_US/base.js:7592:30
g.k.O5@https://www.youtube.com/s/player/9d15588c/player_ias.vflset/en_US/base.js:7593:30
sb.prototype.C@https://www.youtube.com/s/player/9d15588c/player_ias.vflset/en_US/base.js:7595:160
g.k.FL@https://www.youtube.com/s/player/9d15588c/player_ias.vflset/en_US/base.js:7684:89
g.k.Yl@https://www.youtube.com/s/player/9d15588c/player_ias.vflset/en_US/base.js:7683:28
An.prototype.r_@https://www.youtube.com/s/player/9d15588c/player_ias.vflset/en_US/base.js:7807:109
qI.prototype.z0@https://www.youtube.com/s/player/9d15588c/player_ias.vflset/en_US/base.js:8914:41
g.k.invoke@https://www.youtube.com/s/player/9d15588c/player_ias.vflset/en_US/base.js:8905:64
WKa@https://www.youtube.com/s/player/9d15588c/player_ias.vflset/en_US/base.js:3976:47
g.$Ka/a.c1a@https://www.youtube.com/s/player/9d15588c/player_ias.vflset/en_US/base.js:3982:276
g.aLa@https://www.youtube.com/s/player/9d15588c/player_ias.vflset/en_US/base.js:3985:167
g.k.CR@https://www.youtube.com/s/player/9d15588c/player_ias.vflset/en_US/base.js:12197:77
g.k.sendAbandonmentPing@https://www.youtube.com/s/player/9d15588c/player_ias.vflset/en_US/base.js:12086:102
g.k.sendAbandonmentPing@https://www.youtube.com/s/player/9d15588c/player_ias.vflset/en_US/base.js:10203:62
XT/a.state.j[b]@https://www.youtube.com/s/player/9d15588c/player_ias.vflset/en_US/base.js:4756:53
Ix/<@https://www.youtube.com/s/player/9d15588c/www-embed-player.vflset/www-embed-player.js:1834:107
Ux@https://www.youtube.com/s/player/9d15588c/www-embed-player.vflset/www-embed-player.js:1867:46
Yx<@https://www.youtube.com/s/player/9d15588c/www-embed-player.vflset/www-embed-player.js:1874:183
ll/<@https://www.youtube.com/s/player/9d15588c/www-embed-player.vflset/www-embed-player.js:868:63

JavaScript warning: https://www.google.com/js/th/FHpo6pEqcSRgVdNkQyOrWf56osNa_SwdaUPxzrL5JrM.js line 2 > eval line 4328 > eval line 1 > eval line 1 > eval, line 1: WEBGL_debug_renderer_info is deprecated in Firefox and will be removed. Please use RENDERER.
JavaScript warning: https://www.google.com/js/th/FHpo6pEqcSRgVdNkQyOrWf56osNa_SwdaUPxzrL5JrM.js line 2 > eval line 5169 > eval line 1 > eval line 1 > eval, line 1: WEBGL_debug_renderer_info is deprecated in Firefox and will be removed. Please use RENDERER.
JavaScript warning: https://www.google.com/js/th/FHpo6pEqcSRgVdNkQyOrWf56osNa_SwdaUPxzrL5JrM.js line 2 > eval line 2266 > eval line 1 > eval line 1 > eval, line 1: WEBGL_debug_renderer_info is deprecated in Firefox and will be removed. Please use RENDERER.
JavaScript warning: https://www.youtube.com/s/player/9d15588c/player_ias.vflset/en_US/base.js, line 814: Script terminated by timeout at:
xn@https://www.youtube.com/s/player/9d15588c/player_ias.vflset/en_US/base.js:814:127
An.prototype.r_@https://www.youtube.com/s/player/9d15588c/player_ias.vflset/en_US/base.js:7807:77
qI.prototype.z0@https://www.youtube.com/s/player/9d15588c/player_ias.vflset/en_US/base.js:8914:41
g.k.invoke@https://www.youtube.com/s/player/9d15588c/player_ias.vflset/en_US/base.js:8905:64
WKa@https://www.youtube.com/s/player/9d15588c/player_ias.vflset/en_US/base.js:3976:47
g.$Ka/a.c1a@https://www.youtube.com/s/player/9d15588c/player_ias.vflset/en_US/base.js:3982:276
g.aLa@https://www.youtube.com/s/player/9d15588c/player_ias.vflset/en_US/base.js:3985:167
g.k.CR@https://www.youtube.com/s/player/9d15588c/player_ias.vflset/en_US/base.js:12197:77
g.k.sendAbandonmentPing@https://www.youtube.com/s/player/9d15588c/player_ias.vflset/en_US/base.js:12086:102
g.k.sendAbandonmentPing@https://www.youtube.com/s/player/9d15588c/player_ias.vflset/en_US/base.js:10203:62
XT/a.state.j[b]@https://www.youtube.com/s/player/9d15588c/player_ias.vflset/en_US/base.js:4756:53
Ix/<@https://www.youtube.com/s/player/9d15588c/www-embed-player.vflset/www-embed-player.js:1834:107
Ux@https://www.youtube.com/s/player/9d15588c/www-embed-player.vflset/www-embed-player.js:1867:46
Yx<@https://www.youtube.com/s/player/9d15588c/www-embed-player.vflset/www-embed-player.js:1874:183
ll/<@https://www.youtube.com/s/player/9d15588c/www-embed-player.vflset/www-embed-player.js:868:63

JavaScript warning: https://www.google.com/js/th/FHpo6pEqcSRgVdNkQyOrWf56osNa_SwdaUPxzrL5JrM.js line 2 > eval line 1798 > eval line 1 > eval line 1 > eval, line 1: WEBGL_debug_renderer_info is deprecated in Firefox and will be removed. Please use RENDERER.
JavaScript warning: https://www.google.com/js/th/FHpo6pEqcSRgVdNkQyOrWf56osNa_SwdaUPxzrL5JrM.js line 2 > eval line 3752 > eval line 1 > eval line 1 > eval, line 1: WEBGL_debug_renderer_info is deprecated in Firefox and will be removed. Please use RENDERER.
JavaScript warning: https://www.google.com/js/th/FHpo6pEqcSRgVdNkQyOrWf56osNa_SwdaUPxzrL5JrM.js line 2 > eval line 3005 > eval line 1 > eval line 1 > eval, line 1: WEBGL_debug_renderer_info is deprecated in Firefox and will be removed. Please use RENDERER.
JavaScript error: https://stc.aeplcdn.com/staticminv2/js/bootstrap.772ab6b527.en.js, line 1: ChunkLoadError: Loading chunk defaultvendors-b64ad3764e669b46d34322d6b0b1679b failed.
(error: https://stc.aeplcdn.com/staticminv2/js/defaultvendors-b64ad3764e669b46d34322d6b0b1679b.b900415645.en.js)
JavaScript error: https://stc.aeplcdn.com/staticminv2/js/bootstrap.772ab6b527.en.js, line 1: ChunkLoadError: Loading chunk emicalculatorctapwa failed.
(error: https://stc.aeplcdn.com/staticminv2/js/emicalculatorctapwa.b9029238f4.en.js)
JavaScript error: https://stc.aeplcdn.com/staticminv2/js/bootstrap.772ab6b527.en.js, line 1: ChunkLoadError: Loading chunk defaultvendors-c3fbfad5cf562e0215c3958bbc9898fc failed.
(error: https://stc.aeplcdn.com/staticminv2/js/defaultvendors-c3fbfad5cf562e0215c3958bbc9898fc.282de9a8cc.en.js)
JavaScript error: https://stc.aeplcdn.com/staticminv2/js/bootstrap.772ab6b527.en.js, line 1: ChunkLoadError: Loading chunk loadable-global-location-popup failed.
(error: https://stc.aeplcdn.com/staticminv2/js/loadable-global-location-popup.9fb9f9462b.en.js)
1699283603081	Marionette	WARN	Ignoring event 'DOMContentLoaded' because document has an invalid readyState of 'complete'.
JavaScript error: https://stc.aeplcdn.com/staticminv2/js/bootstrap.772ab6b527.en.js, line 1: ChunkLoadError: Loading chunk defaultvendors-b64ad3764e669b46d34322d6b0b1679b failed.
(error: https://stc.aeplcdn.com/staticminv2/js/defaultvendors-b64ad3764e669b46d34322d6b0b1679b.b900415645.en.js)
JavaScript error: https://stc.aeplcdn.com/staticminv2/js/bootstrap.772ab6b527.en.js, line 1: ChunkLoadError: Loading chunk emicalculatorctapwa failed.
(error: https://stc.aeplcdn.com/staticminv2/js/emicalculatorctapwa.b9029238f4.en.js)
JavaScript error: https://stc.aeplcdn.com/staticminv2/js/bootstrap.772ab6b527.en.js, line 1: ChunkLoadError: Loading chunk defaultvendors-c3fbfad5cf562e0215c3958bbc9898fc failed.
(error: https://stc.aeplcdn.com/staticminv2/js/defaultvendors-c3fbfad5cf562e0215c3958bbc9898fc.282de9a8cc.en.js)
JavaScript error: https://stc.aeplcdn.com/staticminv2/js/bootstrap.772ab6b527.en.js, line 1: ChunkLoadError: Loading chunk loadable-global-location-popup failed.
(error: https://stc.aeplcdn.com/staticminv2/js/loadable-global-location-popup.9fb9f9462b.en.js)
JavaScript error: https://stc.aeplcdn.com/staticminv2/js/bootstrap.772ab6b527.en.js, line 1: ChunkLoadError: Loading chunk defaultvendors-b64ad3764e669b46d34322d6b0b1679b failed.
(error: https://stc.aeplcdn.com/staticminv2/js/defaultvendors-b64ad3764e669b46d34322d6b0b1679b.b900415645.en.js)
JavaScript error: https://stc.aeplcdn.com/staticminv2/js/bootstrap.772ab6b527.en.js, line 1: ChunkLoadError: Loading chunk emicalculatorctapwa failed.
(error: https://stc.aeplcdn.com/staticminv2/js/emicalculatorctapwa.b9029238f4.en.js)
JavaScript error: https://stc.aeplcdn.com/staticminv2/js/bootstrap.772ab6b527.en.js, line 1: ChunkLoadError: Loading chunk defaultvendors-c3fbfad5cf562e0215c3958bbc9898fc failed.
(error: https://stc.aeplcdn.com/staticminv2/js/defaultvendors-c3fbfad5cf562e0215c3958bbc9898fc.282de9a8cc.en.js)
JavaScript error: https://stc.aeplcdn.com/staticminv2/js/bootstrap.772ab6b527.en.js, line 1: ChunkLoadError: Loading chunk loadable-global-location-popup failed.
(error: https://stc.aeplcdn.com/staticminv2/js/loadable-global-location-popup.9fb9f9462b.en.js)
JavaScript warning: https://www.google.com/js/th/FHpo6pEqcSRgVdNkQyOrWf56osNa_SwdaUPxzrL5JrM.js line 2 > eval, line 1254: Script terminated by timeout at:
y.prototype.W</<@https://www.google.com/js/th/FHpo6pEqcSRgVdNkQyOrWf56osNa_SwdaUPxzrL5JrM.js line 2 > eval:1254:35215
lT@https://www.google.com/js/th/FHpo6pEqcSRgVdNkQyOrWf56osNa_SwdaUPxzrL5JrM.js line 2 > eval:1254:20018
T@https://www.google.com/js/th/FHpo6pEqcSRgVdNkQyOrWf56osNa_SwdaUPxzrL5JrM.js line 2 > eval:1254:923
z@https://www.google.com/js/th/FHpo6pEqcSRgVdNkQyOrWf56osNa_SwdaUPxzrL5JrM.js line 2 > eval:1254:1638
P@https://www.google.com/js/th/FHpo6pEqcSRgVdNkQyOrWf56osNa_SwdaUPxzrL5JrM.js line 2 > eval line 1254 > eval line 1 > eval line 1 > eval:1:212
@https://www.google.com/js/th/FHpo6pEqcSRgVdNkQyOrWf56osNa_SwdaUPxzrL5JrM.js line 2 > eval:1254:35112
E@https://www.google.com/js/th/FHpo6pEqcSRgVdNkQyOrWf56osNa_SwdaUPxzrL5JrM.js line 2 > eval:1254:11981
@https://www.google.com/js/th/FHpo6pEqcSRgVdNkQyOrWf56osNa_SwdaUPxzrL5JrM.js line 2 > eval:1254:37577
An.prototype.r_@https://www.youtube.com/s/player/9d15588c/player_ias.vflset/en_US/base.js:7807:153
qI.prototype.z0@https://www.youtube.com/s/player/9d15588c/player_ias.vflset/en_US/base.js:8914:41
g.k.invoke@https://www.youtube.com/s/player/9d15588c/player_ias.vflset/en_US/base.js:8905:64
WKa@https://www.youtube.com/s/player/9d15588c/player_ias.vflset/en_US/base.js:3976:47
g.$Ka/a.c1a@https://www.youtube.com/s/player/9d15588c/player_ias.vflset/en_US/base.js:3982:276
g.aLa@https://www.youtube.com/s/player/9d15588c/player_ias.vflset/en_US/base.js:3985:167
g.k.CR@https://www.youtube.com/s/player/9d15588c/player_ias.vflset/en_US/base.js:12197:77
g.k.sendAbandonmentPing@https://www.youtube.com/s/player/9d15588c/player_ias.vflset/en_US/base.js:12086:102
g.k.sendAbandonmentPing@https://www.youtube.com/s/player/9d15588c/player_ias.vflset/en_US/base.js:10203:62
XT/a.state.j[b]@https://www.youtube.com/s/player/9d15588c/player_ias.vflset/en_US/base.js:4756:53
Ix/<@https://www.youtube.com/s/player/9d15588c/www-embed-player.vflset/www-embed-player.js:1834:107
Ux@https://www.youtube.com/s/player/9d15588c/www-embed-player.vflset/www-embed-player.js:1867:46
Yx<@https://www.youtube.com/s/player/9d15588c/www-embed-player.vflset/www-embed-player.js:1874:183
ll/<@https://www.youtube.com/s/player/9d15588c/www-embed-player.vflset/www-embed-player.js:868:63

JavaScript warning: https://www.google.com/js/th/FHpo6pEqcSRgVdNkQyOrWf56osNa_SwdaUPxzrL5JrM.js line 2 > eval line 5136 > eval line 1 > eval line 1 > eval, line 1: WEBGL_debug_renderer_info is deprecated in Firefox and will be removed. Please use RENDERER.
JavaScript warning: https://www.youtube.com/embed/EWqh0Cn0Nlc?autoplay=0&disablekb=1&modestbranding=1&rel=0&enablejsapi=1&origin=https%3A%2F%2Fwww.carwale.com&widgetid=5 line 851 > injectedScript line 2 > eval line 6215 > eval line 1 > eval line 1 > eval, line 1: WEBGL_debug_renderer_info is deprecated in Firefox and will be removed. Please use RENDERER.
JavaScript warning: https://www.google.com/js/th/FHpo6pEqcSRgVdNkQyOrWf56osNa_SwdaUPxzrL5JrM.js line 2 > eval line 4045 > eval line 1 > eval line 1 > eval, line 1: WEBGL_debug_renderer_info is deprecated in Firefox and will be removed. Please use RENDERER.
JavaScript warning: https://www.youtube.com/embed/EWqh0Cn0Nlc?autoplay=0&disablekb=1&modestbranding=1&rel=0&enablejsapi=1&origin=https%3A%2F%2Fwww.carwale.com&widgetid=9 line 851 > injectedScript line 2 > eval line 5064 > eval line 1 > eval line 1 > eval, line 1: WEBGL_debug_renderer_info is deprecated in Firefox and will be removed. Please use RENDERER.
1699283671709	Marionette	WARN	Ignoring event 'DOMContentLoaded' because document has an invalid readyState of 'complete'.
JavaScript error: https://stc.aeplcdn.com/staticminv2/js/bootstrap.772ab6b527.en.js, line 1: ChunkLoadError: Loading chunk defaultvendors-b64ad3764e669b46d34322d6b0b1679b failed.
(error: https://stc.aeplcdn.com/staticminv2/js/defaultvendors-b64ad3764e669b46d34322d6b0b1679b.b900415645.en.js)
JavaScript error: https://stc.aeplcdn.com/staticminv2/js/bootstrap.772ab6b527.en.js, line 1: ChunkLoadError: Loading chunk emicalculatorctapwa failed.
(error: https://stc.aeplcdn.com/staticminv2/js/emicalculatorctapwa.b9029238f4.en.js)
JavaScript error: https://stc.aeplcdn.com/staticminv2/js/bootstrap.772ab6b527.en.js, line 1: ChunkLoadError: Loading chunk defaultvendors-c3fbfad5cf562e0215c3958bbc9898fc failed.
(error: https://stc.aeplcdn.com/staticminv2/js/defaultvendors-c3fbfad5cf562e0215c3958bbc9898fc.282de9a8cc.en.js)
JavaScript error: https://stc.aeplcdn.com/staticminv2/js/bootstrap.772ab6b527.en.js, line 1: ChunkLoadError: Loading chunk loadable-global-location-popup failed.
(error: https://stc.aeplcdn.com/staticminv2/js/loadable-global-location-popup.9fb9f9462b.en.js)
1699283675524	Marionette	WARN	Ignoring event 'DOMContentLoaded' because document has an invalid readyState of 'complete'.
JavaScript error: https://stc.aeplcdn.com/staticminv2/js/bootstrap.772ab6b527.en.js, line 1: ChunkLoadError: Loading chunk defaultvendors-b64ad3764e669b46d34322d6b0b1679b failed.
(error: https://stc.aeplcdn.com/staticminv2/js/defaultvendors-b64ad3764e669b46d34322d6b0b1679b.b900415645.en.js)
JavaScript error: https://stc.aeplcdn.com/staticminv2/js/bootstrap.772ab6b527.en.js, line 1: ChunkLoadError: Loading chunk emicalculatorctapwa failed.
(error: https://stc.aeplcdn.com/staticminv2/js/emicalculatorctapwa.b9029238f4.en.js)
JavaScript error: https://stc.aeplcdn.com/staticminv2/js/bootstrap.772ab6b527.en.js, line 1: ChunkLoadError: Loading chunk defaultvendors-c3fbfad5cf562e0215c3958bbc9898fc failed.
(error: https://stc.aeplcdn.com/staticminv2/js/defaultvendors-c3fbfad5cf562e0215c3958bbc9898fc.282de9a8cc.en.js)
JavaScript error: https://stc.aeplcdn.com/staticminv2/js/bootstrap.772ab6b527.en.js, line 1: ChunkLoadError: Loading chunk loadable-global-location-popup failed.
(error: https://stc.aeplcdn.com/staticminv2/js/loadable-global-location-popup.9fb9f9462b.en.js)
JavaScript warning: https://www.youtube.com/s/player/9d15588c/player_ias.vflset/en_US/base.js, line 7595: Script terminated by timeout at:
g.J.prototype.isDisposed@https://www.youtube.com/s/player/9d15588c/player_ias.vflset/en_US/base.js:7595:321
g.k.ZY@https://www.youtube.com/s/player/9d15588c/player_ias.vflset/en_US/base.js:7771:24

JavaScript warning: https://www.google.com/js/th/FHpo6pEqcSRgVdNkQyOrWf56osNa_SwdaUPxzrL5JrM.js line 2 > eval line 4315 > eval line 1 > eval line 1 > eval, line 1: WEBGL_debug_renderer_info is deprecated in Firefox and will be removed. Please use RENDERER.
JavaScript warning: https://www.google.com/js/th/FHpo6pEqcSRgVdNkQyOrWf56osNa_SwdaUPxzrL5JrM.js line 2 > eval line 3760 > eval line 1 > eval line 1 > eval, line 1: WEBGL_debug_renderer_info is deprecated in Firefox and will be removed. Please use RENDERER.
1699283711301	Marionette	WARN	Ignoring event 'DOMContentLoaded' because document has an invalid readyState of 'complete'.
JavaScript error: https://stc.aeplcdn.com/staticminv2/js/bootstrap.772ab6b527.en.js, line 1: ChunkLoadError: Loading chunk defaultvendors-b64ad3764e669b46d34322d6b0b1679b failed.
(error: https://stc.aeplcdn.com/staticminv2/js/defaultvendors-b64ad3764e669b46d34322d6b0b1679b.b900415645.en.js)
JavaScript error: https://stc.aeplcdn.com/staticminv2/js/bootstrap.772ab6b527.en.js, line 1: ChunkLoadError: Loading chunk emicalculatorctapwa failed.
(error: https://stc.aeplcdn.com/staticminv2/js/emicalculatorctapwa.b9029238f4.en.js)
JavaScript error: https://stc.aeplcdn.com/staticminv2/js/bootstrap.772ab6b527.en.js, line 1: ChunkLoadError: Loading chunk defaultvendors-c3fbfad5cf562e0215c3958bbc9898fc failed.
(error: https://stc.aeplcdn.com/staticminv2/js/defaultvendors-c3fbfad5cf562e0215c3958bbc9898fc.282de9a8cc.en.js)
JavaScript error: https://stc.aeplcdn.com/staticminv2/js/bootstrap.772ab6b527.en.js, line 1: ChunkLoadError: Loading chunk loadable-global-location-popup failed.
(error: https://stc.aeplcdn.com/staticminv2/js/loadable-global-location-popup.9fb9f9462b.en.js)
1699283715668	Marionette	WARN	Ignoring event 'DOMContentLoaded' because document has an invalid readyState of 'complete'.
JavaScript error: https://stc.aeplcdn.com/staticminv2/js/bootstrap.772ab6b527.en.js, line 1: ChunkLoadError: Loading chunk defaultvendors-b64ad3764e669b46d34322d6b0b1679b failed.
(error: https://stc.aeplcdn.com/staticminv2/js/defaultvendors-b64ad3764e669b46d34322d6b0b1679b.b900415645.en.js)
JavaScript error: https://stc.aeplcdn.com/staticminv2/js/bootstrap.772ab6b527.en.js, line 1: ChunkLoadError: Loading chunk emicalculatorctapwa failed.
(error: https://stc.aeplcdn.com/staticminv2/js/emicalculatorctapwa.b9029238f4.en.js)
JavaScript error: https://stc.aeplcdn.com/staticminv2/js/bootstrap.772ab6b527.en.js, line 1: ChunkLoadError: Loading chunk defaultvendors-c3fbfad5cf562e0215c3958bbc9898fc failed.
(error: https://stc.aeplcdn.com/staticminv2/js/defaultvendors-c3fbfad5cf562e0215c3958bbc9898fc.282de9a8cc.en.js)
JavaScript error: https://stc.aeplcdn.com/staticminv2/js/bootstrap.772ab6b527.en.js, line 1: ChunkLoadError: Loading chunk loadable-global-location-popup failed.
(error: https://stc.aeplcdn.com/staticminv2/js/loadable-global-location-popup.9fb9f9462b.en.js)
JavaScript error: https://stc.aeplcdn.com/staticminv2/js/bootstrap.772ab6b527.en.js, line 1: ChunkLoadError: Loading chunk defaultvendors-b64ad3764e669b46d34322d6b0b1679b failed.
(error: https://stc.aeplcdn.com/staticminv2/js/defaultvendors-b64ad3764e669b46d34322d6b0b1679b.b900415645.en.js)
JavaScript error: https://stc.aeplcdn.com/staticminv2/js/bootstrap.772ab6b527.en.js, line 1: ChunkLoadError: Loading chunk emicalculatorctapwa failed.
(error: https://stc.aeplcdn.com/staticminv2/js/emicalculatorctapwa.b9029238f4.en.js)
JavaScript error: https://stc.aeplcdn.com/staticminv2/js/bootstrap.772ab6b527.en.js, line 1: ChunkLoadError: Loading chunk defaultvendors-c3fbfad5cf562e0215c3958bbc9898fc failed.
(error: https://stc.aeplcdn.com/staticminv2/js/defaultvendors-c3fbfad5cf562e0215c3958bbc9898fc.282de9a8cc.en.js)
JavaScript error: https://stc.aeplcdn.com/staticminv2/js/bootstrap.772ab6b527.en.js, line 1: ChunkLoadError: Loading chunk loadable-global-location-popup failed.
(error: https://stc.aeplcdn.com/staticminv2/js/loadable-global-location-popup.9fb9f9462b.en.js)
JavaScript error: resource://gre/actors/ContentMetaChild.sys.mjs, line 179: InvalidStateError: JSWindowActorChild.sendAsyncMessage: JSWindowActorChild cannot send at the moment
1699283891100	Marionette	WARN	Ignoring event 'DOMContentLoaded' because document has an invalid readyState of 'complete'.
JavaScript error: https://stc.aeplcdn.com/staticminv2/js/bootstrap.772ab6b527.en.js, line 1: ChunkLoadError: Loading chunk defaultvendors-b64ad3764e669b46d34322d6b0b1679b failed.
(error: https://stc.aeplcdn.com/staticminv2/js/defaultvendors-b64ad3764e669b46d34322d6b0b1679b.b900415645.en.js)
JavaScript error: https://stc.aeplcdn.com/staticminv2/js/bootstrap.772ab6b527.en.js, line 1: ChunkLoadError: Loading chunk emicalculatorctapwa failed.
(error: https://stc.aeplcdn.com/staticminv2/js/emicalculatorctapwa.b9029238f4.en.js)
JavaScript error: https://stc.aeplcdn.com/staticminv2/js/bootstrap.772ab6b527.en.js, line 1: ChunkLoadError: Loading chunk defaultvendors-c3fbfad5cf562e0215c3958bbc9898fc failed.
(error: https://stc.aeplcdn.com/staticminv2/js/defaultvendors-c3fbfad5cf562e0215c3958bbc9898fc.282de9a8cc.en.js)
JavaScript error: https://stc.aeplcdn.com/staticminv2/js/bootstrap.772ab6b527.en.js, line 1: ChunkLoadError: Loading chunk loadable-global-location-popup failed.
(error: https://stc.aeplcdn.com/staticminv2/js/loadable-global-location-popup.9fb9f9462b.en.js)
JavaScript error: https://stc.aeplcdn.com/staticminv2/js/bootstrap.772ab6b527.en.js, line 1: ChunkLoadError: Loading chunk defaultvendors-b64ad3764e669b46d34322d6b0b1679b failed.
(error: https://stc.aeplcdn.com/staticminv2/js/defaultvendors-b64ad3764e669b46d34322d6b0b1679b.b900415645.en.js)
JavaScript error: https://stc.aeplcdn.com/staticminv2/js/bootstrap.772ab6b527.en.js, line 1: ChunkLoadError: Loading chunk emicalculatorctapwa failed.
(error: https://stc.aeplcdn.com/staticminv2/js/emicalculatorctapwa.b9029238f4.en.js)
JavaScript error: https://stc.aeplcdn.com/staticminv2/js/bootstrap.772ab6b527.en.js, line 1: ChunkLoadError: Loading chunk defaultvendors-c3fbfad5cf562e0215c3958bbc9898fc failed.
(error: https://stc.aeplcdn.com/staticminv2/js/defaultvendors-c3fbfad5cf562e0215c3958bbc9898fc.282de9a8cc.en.js)
JavaScript error: https://stc.aeplcdn.com/staticminv2/js/bootstrap.772ab6b527.en.js, line 1: ChunkLoadError: Loading chunk loadable-global-location-popup failed.
(error: https://stc.aeplcdn.com/staticminv2/js/loadable-global-location-popup.9fb9f9462b.en.js)
1699283965371	Marionette	WARN	Ignoring event 'DOMContentLoaded' because document has an invalid readyState of 'complete'.
JavaScript error: https://stc.aeplcdn.com/staticminv2/js/bootstrap.772ab6b527.en.js, line 1: ChunkLoadError: Loading chunk defaultvendors-b64ad3764e669b46d34322d6b0b1679b failed.
(error: https://stc.aeplcdn.com/staticminv2/js/defaultvendors-b64ad3764e669b46d34322d6b0b1679b.b900415645.en.js)
JavaScript error: https://stc.aeplcdn.com/staticminv2/js/bootstrap.772ab6b527.en.js, line 1: ChunkLoadError: Loading chunk emicalculatorctapwa failed.
(error: https://stc.aeplcdn.com/staticminv2/js/emicalculatorctapwa.b9029238f4.en.js)
JavaScript error: https://stc.aeplcdn.com/staticminv2/js/bootstrap.772ab6b527.en.js, line 1: ChunkLoadError: Loading chunk defaultvendors-c3fbfad5cf562e0215c3958bbc9898fc failed.
(error: https://stc.aeplcdn.com/staticminv2/js/defaultvendors-c3fbfad5cf562e0215c3958bbc9898fc.282de9a8cc.en.js)
JavaScript error: https://stc.aeplcdn.com/staticminv2/js/bootstrap.772ab6b527.en.js, line 1: ChunkLoadError: Loading chunk loadable-global-location-popup failed.
(error: https://stc.aeplcdn.com/staticminv2/js/loadable-global-location-popup.9fb9f9462b.en.js)
JavaScript error: resource://gre/actors/ContentMetaChild.sys.mjs, line 179: InvalidStateError: JSWindowActorChild.sendAsyncMessage: JSWindowActorChild cannot send at the moment
JavaScript error: https://stc.aeplcdn.com/staticminv2/js/bootstrap.772ab6b527.en.js, line 1: ChunkLoadError: Loading chunk defaultvendors-b64ad3764e669b46d34322d6b0b1679b failed.
(error: https://stc.aeplcdn.com/staticminv2/js/defaultvendors-b64ad3764e669b46d34322d6b0b1679b.b900415645.en.js)
JavaScript error: https://stc.aeplcdn.com/staticminv2/js/bootstrap.772ab6b527.en.js, line 1: ChunkLoadError: Loading chunk emicalculatorctapwa failed.
(error: https://stc.aeplcdn.com/staticminv2/js/emicalculatorctapwa.b9029238f4.en.js)
JavaScript error: https://stc.aeplcdn.com/staticminv2/js/bootstrap.772ab6b527.en.js, line 1: ChunkLoadError: Loading chunk defaultvendors-c3fbfad5cf562e0215c3958bbc9898fc failed.
(error: https://stc.aeplcdn.com/staticminv2/js/defaultvendors-c3fbfad5cf562e0215c3958bbc9898fc.282de9a8cc.en.js)
JavaScript error: https://stc.aeplcdn.com/staticminv2/js/bootstrap.772ab6b527.en.js, line 1: ChunkLoadError: Loading chunk loadable-global-location-popup failed.
(error: https://stc.aeplcdn.com/staticminv2/js/loadable-global-location-popup.9fb9f9462b.en.js)
1699284001240	Marionette	WARN	Ignoring event 'DOMContentLoaded' because document has an invalid readyState of 'complete'.
JavaScript error: https://stc.aeplcdn.com/staticminv2/js/bootstrap.772ab6b527.en.js, line 1: ChunkLoadError: Loading chunk defaultvendors-b64ad3764e669b46d34322d6b0b1679b failed.
(error: https://stc.aeplcdn.com/staticminv2/js/defaultvendors-b64ad3764e669b46d34322d6b0b1679b.b900415645.en.js)
JavaScript error: https://stc.aeplcdn.com/staticminv2/js/bootstrap.772ab6b527.en.js, line 1: ChunkLoadError: Loading chunk emicalculatorctapwa failed.
(error: https://stc.aeplcdn.com/staticminv2/js/emicalculatorctapwa.b9029238f4.en.js)
JavaScript error: https://stc.aeplcdn.com/staticminv2/js/bootstrap.772ab6b527.en.js, line 1: ChunkLoadError: Loading chunk defaultvendors-c3fbfad5cf562e0215c3958bbc9898fc failed.
(error: https://stc.aeplcdn.com/staticminv2/js/defaultvendors-c3fbfad5cf562e0215c3958bbc9898fc.282de9a8cc.en.js)
JavaScript error: https://stc.aeplcdn.com/staticminv2/js/bootstrap.772ab6b527.en.js, line 1: ChunkLoadError: Loading chunk loadable-global-location-popup failed.
(error: https://stc.aeplcdn.com/staticminv2/js/loadable-global-location-popup.9fb9f9462b.en.js)
1699284039532	Marionette	WARN	Ignoring event 'DOMContentLoaded' because document has an invalid readyState of 'complete'.
JavaScript error: https://stc.aeplcdn.com/staticminv2/js/bootstrap.772ab6b527.en.js, line 1: ChunkLoadError: Loading chunk defaultvendors-b64ad3764e669b46d34322d6b0b1679b failed.
(error: https://stc.aeplcdn.com/staticminv2/js/defaultvendors-b64ad3764e669b46d34322d6b0b1679b.b900415645.en.js)
JavaScript error: https://stc.aeplcdn.com/staticminv2/js/bootstrap.772ab6b527.en.js, line 1: ChunkLoadError: Loading chunk emicalculatorctapwa failed.
(error: https://stc.aeplcdn.com/staticminv2/js/emicalculatorctapwa.b9029238f4.en.js)
JavaScript error: https://stc.aeplcdn.com/staticminv2/js/bootstrap.772ab6b527.en.js, line 1: ChunkLoadError: Loading chunk defaultvendors-c3fbfad5cf562e0215c3958bbc9898fc failed.
(error: https://stc.aeplcdn.com/staticminv2/js/defaultvendors-c3fbfad5cf562e0215c3958bbc9898fc.282de9a8cc.en.js)
JavaScript error: https://stc.aeplcdn.com/staticminv2/js/bootstrap.772ab6b527.en.js, line 1: ChunkLoadError: Loading chunk loadable-global-location-popup failed.
(error: https://stc.aeplcdn.com/staticminv2/js/loadable-global-location-popup.9fb9f9462b.en.js)
1699284073104	Marionette	WARN	Ignoring event 'DOMContentLoaded' because document has an invalid readyState of 'complete'.
JavaScript error: https://stc.aeplcdn.com/staticminv2/js/bootstrap.772ab6b527.en.js, line 1: ChunkLoadError: Loading chunk defaultvendors-b64ad3764e669b46d34322d6b0b1679b failed.
(error: https://stc.aeplcdn.com/staticminv2/js/defaultvendors-b64ad3764e669b46d34322d6b0b1679b.b900415645.en.js)
JavaScript error: https://stc.aeplcdn.com/staticminv2/js/bootstrap.772ab6b527.en.js, line 1: ChunkLoadError: Loading chunk emicalculatorctapwa failed.
(error: https://stc.aeplcdn.com/staticminv2/js/emicalculatorctapwa.b9029238f4.en.js)
JavaScript error: https://stc.aeplcdn.com/staticminv2/js/bootstrap.772ab6b527.en.js, line 1: ChunkLoadError: Loading chunk defaultvendors-c3fbfad5cf562e0215c3958bbc9898fc failed.
(error: https://stc.aeplcdn.com/staticminv2/js/defaultvendors-c3fbfad5cf562e0215c3958bbc9898fc.282de9a8cc.en.js)
JavaScript error: https://stc.aeplcdn.com/staticminv2/js/bootstrap.772ab6b527.en.js, line 1: ChunkLoadError: Loading chunk loadable-global-location-popup failed.
(error: https://stc.aeplcdn.com/staticminv2/js/loadable-global-location-popup.9fb9f9462b.en.js)
1699284078564	Marionette	WARN	Ignoring event 'DOMContentLoaded' because document has an invalid readyState of 'complete'.
JavaScript error: https://stc.aeplcdn.com/staticminv2/js/bootstrap.772ab6b527.en.js, line 1: ChunkLoadError: Loading chunk defaultvendors-b64ad3764e669b46d34322d6b0b1679b failed.
(error: https://stc.aeplcdn.com/staticminv2/js/defaultvendors-b64ad3764e669b46d34322d6b0b1679b.b900415645.en.js)
JavaScript error: https://stc.aeplcdn.com/staticminv2/js/bootstrap.772ab6b527.en.js, line 1: ChunkLoadError: Loading chunk emicalculatorctapwa failed.
(error: https://stc.aeplcdn.com/staticminv2/js/emicalculatorctapwa.b9029238f4.en.js)
JavaScript error: https://stc.aeplcdn.com/staticminv2/js/bootstrap.772ab6b527.en.js, line 1: ChunkLoadError: Loading chunk defaultvendors-c3fbfad5cf562e0215c3958bbc9898fc failed.
(error: https://stc.aeplcdn.com/staticminv2/js/defaultvendors-c3fbfad5cf562e0215c3958bbc9898fc.282de9a8cc.en.js)
JavaScript error: https://stc.aeplcdn.com/staticminv2/js/bootstrap.772ab6b527.en.js, line 1: ChunkLoadError: Loading chunk loadable-global-location-popup failed.
(error: https://stc.aeplcdn.com/staticminv2/js/loadable-global-location-popup.9fb9f9462b.en.js)
1699284092058	Marionette	WARN	Ignoring event 'DOMContentLoaded' because document has an invalid readyState of 'complete'.
1699284106916	Marionette	WARN	Ignoring event 'DOMContentLoaded' because document has an invalid readyState of 'complete'.
JavaScript error: https://stc.aeplcdn.com/staticminv2/js/bootstrap.772ab6b527.en.js, line 1: ChunkLoadError: Loading chunk defaultvendors-b64ad3764e669b46d34322d6b0b1679b failed.
(error: https://stc.aeplcdn.com/staticminv2/js/defaultvendors-b64ad3764e669b46d34322d6b0b1679b.b900415645.en.js)
JavaScript error: https://stc.aeplcdn.com/staticminv2/js/bootstrap.772ab6b527.en.js, line 1: ChunkLoadError: Loading chunk emicalculatorctapwa failed.
(error: https://stc.aeplcdn.com/staticminv2/js/emicalculatorctapwa.b9029238f4.en.js)
JavaScript error: https://stc.aeplcdn.com/staticminv2/js/bootstrap.772ab6b527.en.js, line 1: ChunkLoadError: Loading chunk defaultvendors-c3fbfad5cf562e0215c3958bbc9898fc failed.
(error: https://stc.aeplcdn.com/staticminv2/js/defaultvendors-c3fbfad5cf562e0215c3958bbc9898fc.282de9a8cc.en.js)
JavaScript error: https://stc.aeplcdn.com/staticminv2/js/bootstrap.772ab6b527.en.js, line 1: ChunkLoadError: Loading chunk loadable-global-location-popup failed.
(error: https://stc.aeplcdn.com/staticminv2/js/loadable-global-location-popup.9fb9f9462b.en.js)
JavaScript error: resource://gre/actors/ContentMetaChild.sys.mjs, line 179: InvalidStateError: JSWindowActorChild.sendAsyncMessage: JSWindowActorChild cannot send at the moment
1699284134975	Marionette	WARN	Ignoring event 'DOMContentLoaded' because document has an invalid readyState of 'complete'.
JavaScript error: https://stc.aeplcdn.com/staticminv2/js/bootstrap.772ab6b527.en.js, line 1: ChunkLoadError: Loading chunk defaultvendors-b64ad3764e669b46d34322d6b0b1679b failed.
(error: https://stc.aeplcdn.com/staticminv2/js/defaultvendors-b64ad3764e669b46d34322d6b0b1679b.b900415645.en.js)
JavaScript error: https://stc.aeplcdn.com/staticminv2/js/bootstrap.772ab6b527.en.js, line 1: ChunkLoadError: Loading chunk emicalculatorctapwa failed.
(error: https://stc.aeplcdn.com/staticminv2/js/emicalculatorctapwa.b9029238f4.en.js)
JavaScript error: https://stc.aeplcdn.com/staticminv2/js/bootstrap.772ab6b527.en.js, line 1: ChunkLoadError: Loading chunk defaultvendors-c3fbfad5cf562e0215c3958bbc9898fc failed.
(error: https://stc.aeplcdn.com/staticminv2/js/defaultvendors-c3fbfad5cf562e0215c3958bbc9898fc.282de9a8cc.en.js)
JavaScript error: https://stc.aeplcdn.com/staticminv2/js/bootstrap.772ab6b527.en.js, line 1: ChunkLoadError: Loading chunk loadable-global-location-popup failed.
(error: https://stc.aeplcdn.com/staticminv2/js/loadable-global-location-popup.9fb9f9462b.en.js)
JavaScript error: https://stc.aeplcdn.com/staticminv2/js/bootstrap.772ab6b527.en.js, line 1: ChunkLoadError: Loading chunk defaultvendors-b64ad3764e669b46d34322d6b0b1679b failed.
(error: https://stc.aeplcdn.com/staticminv2/js/defaultvendors-b64ad3764e669b46d34322d6b0b1679b.b900415645.en.js)
JavaScript error: https://stc.aeplcdn.com/staticminv2/js/bootstrap.772ab6b527.en.js, line 1: ChunkLoadError: Loading chunk emicalculatorctapwa failed.
(error: https://stc.aeplcdn.com/staticminv2/js/emicalculatorctapwa.b9029238f4.en.js)
JavaScript error: https://stc.aeplcdn.com/staticminv2/js/bootstrap.772ab6b527.en.js, line 1: ChunkLoadError: Loading chunk defaultvendors-c3fbfad5cf562e0215c3958bbc9898fc failed.
(error: https://stc.aeplcdn.com/staticminv2/js/defaultvendors-c3fbfad5cf562e0215c3958bbc9898fc.282de9a8cc.en.js)
JavaScript error: https://stc.aeplcdn.com/staticminv2/js/bootstrap.772ab6b527.en.js, line 1: ChunkLoadError: Loading chunk loadable-global-location-popup failed.
(error: https://stc.aeplcdn.com/staticminv2/js/loadable-global-location-popup.9fb9f9462b.en.js)
JavaScript error: https://stc.aeplcdn.com/staticminv2/js/bootstrap.772ab6b527.en.js, line 1: ChunkLoadError: Loading chunk defaultvendors-b64ad3764e669b46d34322d6b0b1679b failed.
(error: https://stc.aeplcdn.com/staticminv2/js/defaultvendors-b64ad3764e669b46d34322d6b0b1679b.b900415645.en.js)
JavaScript error: https://stc.aeplcdn.com/staticminv2/js/bootstrap.772ab6b527.en.js, line 1: ChunkLoadError: Loading chunk emicalculatorctapwa failed.
(error: https://stc.aeplcdn.com/staticminv2/js/emicalculatorctapwa.b9029238f4.en.js)
JavaScript error: https://stc.aeplcdn.com/staticminv2/js/bootstrap.772ab6b527.en.js, line 1: ChunkLoadError: Loading chunk defaultvendors-c3fbfad5cf562e0215c3958bbc9898fc failed.
(error: https://stc.aeplcdn.com/staticminv2/js/defaultvendors-c3fbfad5cf562e0215c3958bbc9898fc.282de9a8cc.en.js)
JavaScript error: https://stc.aeplcdn.com/staticminv2/js/bootstrap.772ab6b527.en.js, line 1: ChunkLoadError: Loading chunk loadable-global-location-popup failed.
(error: https://stc.aeplcdn.com/staticminv2/js/loadable-global-location-popup.9fb9f9462b.en.js)
JavaScript error: https://stc.aeplcdn.com/staticminv2/js/bootstrap.772ab6b527.en.js, line 1: ChunkLoadError: Loading chunk defaultvendors-c308d2cf88701799bdd53704299dc1f2 failed.
(error: https://stc.aeplcdn.com/staticminv2/js/defaultvendors-c308d2cf88701799bdd53704299dc1f2.af638972a1.en.js)
JavaScript error: https://stc.aeplcdn.com/staticminv2/js/bootstrap.772ab6b527.en.js, line 1: ChunkLoadError: Loading chunk defaultvendors-c308d2cf88701799bdd53704299dc1f2 failed.
(error: https://stc.aeplcdn.com/staticminv2/js/defaultvendors-c308d2cf88701799bdd53704299dc1f2.af638972a1.en.js)
JavaScript error: https://stc.aeplcdn.com/staticminv2/js/bootstrap.772ab6b527.en.js, line 1: ChunkLoadError: Loading chunk location-popup-content-pv2 failed.
(error: https://stc.aeplcdn.com/staticminv2/js/location-popup-content-pv2.9455f6862f.en.js)
JavaScript error: https://stc.aeplcdn.com/staticminv2/js/bootstrap.772ab6b527.en.js, line 1: ChunkLoadError: Loading chunk location-popup-content-pv2 failed.
(error: https://stc.aeplcdn.com/staticminv2/js/location-popup-content-pv2.9455f6862f.en.js)
1699284340400	Marionette	WARN	Ignoring event 'DOMContentLoaded' because document has an invalid readyState of 'complete'.
JavaScript error: https://stc.aeplcdn.com/staticminv2/js/bootstrap.772ab6b527.en.js, line 1: ChunkLoadError: Loading chunk defaultvendors-b64ad3764e669b46d34322d6b0b1679b failed.
(error: https://stc.aeplcdn.com/staticminv2/js/defaultvendors-b64ad3764e669b46d34322d6b0b1679b.b900415645.en.js)
JavaScript error: https://stc.aeplcdn.com/staticminv2/js/bootstrap.772ab6b527.en.js, line 1: ChunkLoadError: Loading chunk emicalculatorctapwa failed.
(error: https://stc.aeplcdn.com/staticminv2/js/emicalculatorctapwa.b9029238f4.en.js)
JavaScript error: https://stc.aeplcdn.com/staticminv2/js/bootstrap.772ab6b527.en.js, line 1: ChunkLoadError: Loading chunk defaultvendors-c3fbfad5cf562e0215c3958bbc9898fc failed.
(error: https://stc.aeplcdn.com/staticminv2/js/defaultvendors-c3fbfad5cf562e0215c3958bbc9898fc.282de9a8cc.en.js)
JavaScript error: https://stc.aeplcdn.com/staticminv2/js/bootstrap.772ab6b527.en.js, line 1: ChunkLoadError: Loading chunk loadable-global-location-popup failed.
(error: https://stc.aeplcdn.com/staticminv2/js/loadable-global-location-popup.9fb9f9462b.en.js)
1699284374988	Marionette	WARN	Ignoring event 'DOMContentLoaded' because document has an invalid readyState of 'complete'.
JavaScript error: https://stc.aeplcdn.com/staticminv2/js/bootstrap.772ab6b527.en.js, line 1: ChunkLoadError: Loading chunk defaultvendors-b64ad3764e669b46d34322d6b0b1679b failed.
(error: https://stc.aeplcdn.com/staticminv2/js/defaultvendors-b64ad3764e669b46d34322d6b0b1679b.b900415645.en.js)
JavaScript error: https://stc.aeplcdn.com/staticminv2/js/bootstrap.772ab6b527.en.js, line 1: ChunkLoadError: Loading chunk emicalculatorctapwa failed.
(error: https://stc.aeplcdn.com/staticminv2/js/emicalculatorctapwa.b9029238f4.en.js)
JavaScript error: https://stc.aeplcdn.com/staticminv2/js/bootstrap.772ab6b527.en.js, line 1: ChunkLoadError: Loading chunk defaultvendors-c3fbfad5cf562e0215c3958bbc9898fc failed.
(error: https://stc.aeplcdn.com/staticminv2/js/defaultvendors-c3fbfad5cf562e0215c3958bbc9898fc.282de9a8cc.en.js)
JavaScript error: https://stc.aeplcdn.com/staticminv2/js/bootstrap.772ab6b527.en.js, line 1: ChunkLoadError: Loading chunk loadable-global-location-popup failed.
(error: https://stc.aeplcdn.com/staticminv2/js/loadable-global-location-popup.9fb9f9462b.en.js)
1699284385465	Marionette	WARN	Ignoring event 'DOMContentLoaded' because document has an invalid readyState of 'complete'.
1699284397021	Marionette	WARN	Ignoring event 'DOMContentLoaded' because document has an invalid readyState of 'complete'.
JavaScript error: https://stc.aeplcdn.com/staticminv2/js/bootstrap.772ab6b527.en.js, line 1: ChunkLoadError: Loading chunk defaultvendors-c3fbfad5cf562e0215c3958bbc9898fc failed.
(error: https://stc.aeplcdn.com/staticminv2/js/defaultvendors-c3fbfad5cf562e0215c3958bbc9898fc.282de9a8cc.en.js)
JavaScript error: https://stc.aeplcdn.com/staticminv2/js/bootstrap.772ab6b527.en.js, line 1: ChunkLoadError: Loading chunk loadable-global-location-popup failed.
(error: https://stc.aeplcdn.com/staticminv2/js/loadable-global-location-popup.9fb9f9462b.en.js)
JavaScript error: resource://gre/actors/ContentMetaChild.sys.mjs, line 179: InvalidStateError: JSWindowActorChild.sendAsyncMessage: JSWindowActorChild cannot send at the moment
1699284432674	Marionette	WARN	Ignoring event 'DOMContentLoaded' because document has an invalid readyState of 'complete'.
JavaScript error: https://stc.aeplcdn.com/staticminv2/js/bootstrap.772ab6b527.en.js, line 1: ChunkLoadError: Loading chunk defaultvendors-b64ad3764e669b46d34322d6b0b1679b failed.
(error: https://stc.aeplcdn.com/staticminv2/js/defaultvendors-b64ad3764e669b46d34322d6b0b1679b.b900415645.en.js)
JavaScript error: https://stc.aeplcdn.com/staticminv2/js/bootstrap.772ab6b527.en.js, line 1: ChunkLoadError: Loading chunk emicalculatorctapwa failed.
(error: https://stc.aeplcdn.com/staticminv2/js/emicalculatorctapwa.b9029238f4.en.js)
JavaScript error: https://stc.aeplcdn.com/staticminv2/js/bootstrap.772ab6b527.en.js, line 1: ChunkLoadError: Loading chunk defaultvendors-c3fbfad5cf562e0215c3958bbc9898fc failed.
(error: https://stc.aeplcdn.com/staticminv2/js/defaultvendors-c3fbfad5cf562e0215c3958bbc9898fc.282de9a8cc.en.js)
JavaScript error: https://stc.aeplcdn.com/staticminv2/js/bootstrap.772ab6b527.en.js, line 1: ChunkLoadError: Loading chunk loadable-global-location-popup failed.
(error: https://stc.aeplcdn.com/staticminv2/js/loadable-global-location-popup.9fb9f9462b.en.js)
1699284507557	Marionette	WARN	Ignoring event 'DOMContentLoaded' because document has an invalid readyState of 'complete'.
JavaScript error: https://stc.aeplcdn.com/staticminv2/js/bootstrap.772ab6b527.en.js, line 1: ChunkLoadError: Loading chunk defaultvendors-b64ad3764e669b46d34322d6b0b1679b failed.
(error: https://stc.aeplcdn.com/staticminv2/js/defaultvendors-b64ad3764e669b46d34322d6b0b1679b.b900415645.en.js)
JavaScript error: https://stc.aeplcdn.com/staticminv2/js/bootstrap.772ab6b527.en.js, line 1: ChunkLoadError: Loading chunk emicalculatorctapwa failed.
(error: https://stc.aeplcdn.com/staticminv2/js/emicalculatorctapwa.b9029238f4.en.js)
JavaScript error: https://stc.aeplcdn.com/staticminv2/js/bootstrap.772ab6b527.en.js, line 1: ChunkLoadError: Loading chunk defaultvendors-c3fbfad5cf562e0215c3958bbc9898fc failed.
(error: https://stc.aeplcdn.com/staticminv2/js/defaultvendors-c3fbfad5cf562e0215c3958bbc9898fc.282de9a8cc.en.js)
JavaScript error: https://stc.aeplcdn.com/staticminv2/js/bootstrap.772ab6b527.en.js, line 1: ChunkLoadError: Loading chunk loadable-global-location-popup failed.
(error: https://stc.aeplcdn.com/staticminv2/js/loadable-global-location-popup.9fb9f9462b.en.js)
1699284535941	Marionette	WARN	Ignoring event 'DOMContentLoaded' because document has an invalid readyState of 'complete'.
JavaScript error: https://stc.aeplcdn.com/staticminv2/js/bootstrap.772ab6b527.en.js, line 1: ChunkLoadError: Loading chunk defaultvendors-c3fbfad5cf562e0215c3958bbc9898fc failed.
(error: https://stc.aeplcdn.com/staticminv2/js/defaultvendors-c3fbfad5cf562e0215c3958bbc9898fc.282de9a8cc.en.js)
JavaScript error: https://stc.aeplcdn.com/staticminv2/js/bootstrap.772ab6b527.en.js, line 1: ChunkLoadError: Loading chunk loadable-global-location-popup failed.
(error: https://stc.aeplcdn.com/staticminv2/js/loadable-global-location-popup.9fb9f9462b.en.js)
1699284565608	Marionette	WARN	Ignoring event 'DOMContentLoaded' because document has an invalid readyState of 'complete'.
JavaScript error: https://stc.aeplcdn.com/staticminv2/js/bootstrap.772ab6b527.en.js, line 1: ChunkLoadError: Loading chunk defaultvendors-b64ad3764e669b46d34322d6b0b1679b failed.
(error: https://stc.aeplcdn.com/staticminv2/js/defaultvendors-b64ad3764e669b46d34322d6b0b1679b.b900415645.en.js)
JavaScript error: https://stc.aeplcdn.com/staticminv2/js/bootstrap.772ab6b527.en.js, line 1: ChunkLoadError: Loading chunk emicalculatorctapwa failed.
(error: https://stc.aeplcdn.com/staticminv2/js/emicalculatorctapwa.b9029238f4.en.js)
JavaScript error: https://stc.aeplcdn.com/staticminv2/js/bootstrap.772ab6b527.en.js, line 1: ChunkLoadError: Loading chunk defaultvendors-c3fbfad5cf562e0215c3958bbc9898fc failed.
(error: https://stc.aeplcdn.com/staticminv2/js/defaultvendors-c3fbfad5cf562e0215c3958bbc9898fc.282de9a8cc.en.js)
JavaScript error: https://stc.aeplcdn.com/staticminv2/js/bootstrap.772ab6b527.en.js, line 1: ChunkLoadError: Loading chunk loadable-global-location-popup failed.
(error: https://stc.aeplcdn.com/staticminv2/js/loadable-global-location-popup.9fb9f9462b.en.js)
JavaScript error: https://stc.aeplcdn.com/staticminv2/js/bootstrap.772ab6b527.en.js, line 1: ChunkLoadError: Loading chunk defaultvendors-b64ad3764e669b46d34322d6b0b1679b failed.
(error: https://stc.aeplcdn.com/staticminv2/js/defaultvendors-b64ad3764e669b46d34322d6b0b1679b.b900415645.en.js)
JavaScript error: https://stc.aeplcdn.com/staticminv2/js/bootstrap.772ab6b527.en.js, line 1: ChunkLoadError: Loading chunk emicalculatorctapwa failed.
(error: https://stc.aeplcdn.com/staticminv2/js/emicalculatorctapwa.b9029238f4.en.js)
JavaScript error: https://stc.aeplcdn.com/staticminv2/js/bootstrap.772ab6b527.en.js, line 1: ChunkLoadError: Loading chunk defaultvendors-c3fbfad5cf562e0215c3958bbc9898fc failed.
(error: https://stc.aeplcdn.com/staticminv2/js/defaultvendors-c3fbfad5cf562e0215c3958bbc9898fc.282de9a8cc.en.js)
JavaScript error: https://stc.aeplcdn.com/staticminv2/js/bootstrap.772ab6b527.en.js, line 1: ChunkLoadError: Loading chunk loadable-global-location-popup failed.
(error: https://stc.aeplcdn.com/staticminv2/js/loadable-global-location-popup.9fb9f9462b.en.js)
1699284622634	Marionette	WARN	Ignoring event 'DOMContentLoaded' because document has an invalid readyState of 'complete'.
JavaScript error: https://stc.aeplcdn.com/staticminv2/js/bootstrap.772ab6b527.en.js, line 1: ChunkLoadError: Loading chunk defaultvendors-b64ad3764e669b46d34322d6b0b1679b failed.
(error: https://stc.aeplcdn.com/staticminv2/js/defaultvendors-b64ad3764e669b46d34322d6b0b1679b.b900415645.en.js)
JavaScript error: https://stc.aeplcdn.com/staticminv2/js/bootstrap.772ab6b527.en.js, line 1: ChunkLoadError: Loading chunk emicalculatorctapwa failed.
(error: https://stc.aeplcdn.com/staticminv2/js/emicalculatorctapwa.b9029238f4.en.js)
JavaScript error: https://stc.aeplcdn.com/staticminv2/js/bootstrap.772ab6b527.en.js, line 1: ChunkLoadError: Loading chunk defaultvendors-c3fbfad5cf562e0215c3958bbc9898fc failed.
(error: https://stc.aeplcdn.com/staticminv2/js/defaultvendors-c3fbfad5cf562e0215c3958bbc9898fc.282de9a8cc.en.js)
JavaScript error: https://stc.aeplcdn.com/staticminv2/js/bootstrap.772ab6b527.en.js, line 1: ChunkLoadError: Loading chunk loadable-global-location-popup failed.
(error: https://stc.aeplcdn.com/staticminv2/js/loadable-global-location-popup.9fb9f9462b.en.js)
1699284635547	Marionette	WARN	Ignoring event 'DOMContentLoaded' because document has an invalid readyState of 'complete'.
JavaScript error: https://stc.aeplcdn.com/staticminv2/js/bootstrap.772ab6b527.en.js, line 1: ChunkLoadError: Loading chunk defaultvendors-b64ad3764e669b46d34322d6b0b1679b failed.
(error: https://stc.aeplcdn.com/staticminv2/js/defaultvendors-b64ad3764e669b46d34322d6b0b1679b.b900415645.en.js)
JavaScript error: https://stc.aeplcdn.com/staticminv2/js/bootstrap.772ab6b527.en.js, line 1: ChunkLoadError: Loading chunk emicalculatorctapwa failed.
(error: https://stc.aeplcdn.com/staticminv2/js/emicalculatorctapwa.b9029238f4.en.js)
JavaScript error: https://stc.aeplcdn.com/staticminv2/js/bootstrap.772ab6b527.en.js, line 1: ChunkLoadError: Loading chunk defaultvendors-c3fbfad5cf562e0215c3958bbc9898fc failed.
(error: https://stc.aeplcdn.com/staticminv2/js/defaultvendors-c3fbfad5cf562e0215c3958bbc9898fc.282de9a8cc.en.js)
JavaScript error: https://stc.aeplcdn.com/staticminv2/js/bootstrap.772ab6b527.en.js, line 1: ChunkLoadError: Loading chunk loadable-global-location-popup failed.
(error: https://stc.aeplcdn.com/staticminv2/js/loadable-global-location-popup.9fb9f9462b.en.js)
1699284657104	Marionette	WARN	Ignoring event 'DOMContentLoaded' because document has an invalid readyState of 'complete'.
JavaScript error: https://stc.aeplcdn.com/staticminv2/js/bootstrap.772ab6b527.en.js, line 1: ChunkLoadError: Loading chunk defaultvendors-b64ad3764e669b46d34322d6b0b1679b failed.
(error: https://stc.aeplcdn.com/staticminv2/js/defaultvendors-b64ad3764e669b46d34322d6b0b1679b.b900415645.en.js)
JavaScript error: https://stc.aeplcdn.com/staticminv2/js/bootstrap.772ab6b527.en.js, line 1: ChunkLoadError: Loading chunk emicalculatorctapwa failed.
(error: https://stc.aeplcdn.com/staticminv2/js/emicalculatorctapwa.b9029238f4.en.js)
JavaScript error: https://stc.aeplcdn.com/staticminv2/js/bootstrap.772ab6b527.en.js, line 1: ChunkLoadError: Loading chunk defaultvendors-c3fbfad5cf562e0215c3958bbc9898fc failed.
(error: https://stc.aeplcdn.com/staticminv2/js/defaultvendors-c3fbfad5cf562e0215c3958bbc9898fc.282de9a8cc.en.js)
JavaScript error: https://stc.aeplcdn.com/staticminv2/js/bootstrap.772ab6b527.en.js, line 1: ChunkLoadError: Loading chunk loadable-global-location-popup failed.
(error: https://stc.aeplcdn.com/staticminv2/js/loadable-global-location-popup.9fb9f9462b.en.js)
JavaScript warning: https://pagead2.googlesyndication.com/bg/4WwaGfWzeDAeGvs0ZrtmWMJUG7fu6zGPBJzQt4duOkA.js line 2 > eval line 6500 > eval line 1 > eval line 1 > eval, line 1: WEBGL_debug_renderer_info is deprecated in Firefox and will be removed. Please use RENDERER.
JavaScript error: https://stc.aeplcdn.com/staticminv2/js/bootstrap.772ab6b527.en.js, line 1: ChunkLoadError: Loading chunk defaultvendors-b64ad3764e669b46d34322d6b0b1679b failed.
(error: https://stc.aeplcdn.com/staticminv2/js/defaultvendors-b64ad3764e669b46d34322d6b0b1679b.b900415645.en.js)
JavaScript error: https://stc.aeplcdn.com/staticminv2/js/bootstrap.772ab6b527.en.js, line 1: ChunkLoadError: Loading chunk emicalculatorctapwa failed.
(error: https://stc.aeplcdn.com/staticminv2/js/emicalculatorctapwa.b9029238f4.en.js)
JavaScript error: https://stc.aeplcdn.com/staticminv2/js/bootstrap.772ab6b527.en.js, line 1: ChunkLoadError: Loading chunk defaultvendors-c3fbfad5cf562e0215c3958bbc9898fc failed.
(error: https://stc.aeplcdn.com/staticminv2/js/defaultvendors-c3fbfad5cf562e0215c3958bbc9898fc.282de9a8cc.en.js)
JavaScript error: https://stc.aeplcdn.com/staticminv2/js/bootstrap.772ab6b527.en.js, line 1: ChunkLoadError: Loading chunk loadable-global-location-popup failed.
(error: https://stc.aeplcdn.com/staticminv2/js/loadable-global-location-popup.9fb9f9462b.en.js)
1699284692931	Marionette	WARN	Ignoring event 'DOMContentLoaded' because document has an invalid readyState of 'complete'.
JavaScript warning: https://pagead2.googlesyndication.com/bg/4WwaGfWzeDAeGvs0ZrtmWMJUG7fu6zGPBJzQt4duOkA.js line 2 > eval line 3591 > eval line 1 > eval line 1 > eval, line 1: WEBGL_debug_renderer_info is deprecated in Firefox and will be removed. Please use RENDERER.
1699284714698	Marionette	WARN	Ignoring event 'DOMContentLoaded' because document has an invalid readyState of 'complete'.
1699284785695	Marionette	INFO	Stopped listening on port 52800
Dynamically enable window occlusion 1
1699285411633	geckodriver	INFO	Listening on 127.0.0.1:58614
1699285414662	mozrunner::runner	INFO	Running command: "C:\\Program Files\\Mozilla Firefox\\firefox.exe" "--marionette" "--remote-debugging-port" "58615" "--remote-allow-hosts" "localhost" "-no-remote" "-profile" "C:\\Users\\siddh\\AppData\\Local\\Temp\\rust_mozprofileNIwEu8"
console.warn: services.settings: Ignoring preference override of remote settings server
console.warn: services.settings: Allow by setting MOZ_REMOTE_SETTINGS_DEVTOOLS=1 in the environment
1699285415583	Marionette	INFO	Marionette enabled
Dynamically enable window occlusion 0
1699285415673	Marionette	INFO	Listening on port 58697
WebDriver BiDi listening on ws://127.0.0.1:58615
Read port: 58697
1699285416140	RemoteAgent	WARN	TLS certificate errors will be ignored for this session
DevTools listening on ws://127.0.0.1:58615/devtools/browser/5434296b-92d2-43c5-8c22-e67f4487a1bb
JavaScript warning: https://pagead2.googlesyndication.com/bg/4WwaGfWzeDAeGvs0ZrtmWMJUG7fu6zGPBJzQt4duOkA.js line 2 > eval line 3597 > eval line 1 > eval line 1 > eval, line 1: WEBGL_debug_renderer_info is deprecated in Firefox and will be removed. Please use RENDERER.
1699285447380	addons.xpi	ERROR	System addon update list error SyntaxError: XMLHttpRequest.open: 'http://%(server)s/dummy-system-addons.xml' is not a valid URL.
1699285529684	Marionette	WARN	Ignoring event 'DOMContentLoaded' because document has an invalid readyState of 'complete'.
JavaScript error: https://stc.aeplcdn.com/staticminv2/js/bootstrap.772ab6b527.en.js, line 1: ChunkLoadError: Loading chunk defaultvendors-b64ad3764e669b46d34322d6b0b1679b failed.
(error: https://stc.aeplcdn.com/staticminv2/js/defaultvendors-b64ad3764e669b46d34322d6b0b1679b.b900415645.en.js)
JavaScript error: https://stc.aeplcdn.com/staticminv2/js/bootstrap.772ab6b527.en.js, line 1: ChunkLoadError: Loading chunk emicalculatorctapwa failed.
(error: https://stc.aeplcdn.com/staticminv2/js/emicalculatorctapwa.b9029238f4.en.js)
JavaScript error: https://stc.aeplcdn.com/staticminv2/js/bootstrap.772ab6b527.en.js, line 1: ChunkLoadError: Loading chunk defaultvendors-c3fbfad5cf562e0215c3958bbc9898fc failed.
(error: https://stc.aeplcdn.com/staticminv2/js/defaultvendors-c3fbfad5cf562e0215c3958bbc9898fc.282de9a8cc.en.js)
JavaScript error: https://stc.aeplcdn.com/staticminv2/js/bootstrap.772ab6b527.en.js, line 1: ChunkLoadError: Loading chunk loadable-global-location-popup failed.
(error: https://stc.aeplcdn.com/staticminv2/js/loadable-global-location-popup.9fb9f9462b.en.js)
1699285533175	Marionette	WARN	Ignoring event 'DOMContentLoaded' because document has an invalid readyState of 'complete'.
JavaScript error: https://stc.aeplcdn.com/staticminv2/js/bootstrap.772ab6b527.en.js, line 1: ChunkLoadError: Loading chunk defaultvendors-b64ad3764e669b46d34322d6b0b1679b failed.
(error: https://stc.aeplcdn.com/staticminv2/js/defaultvendors-b64ad3764e669b46d34322d6b0b1679b.b900415645.en.js)
JavaScript error: https://stc.aeplcdn.com/staticminv2/js/bootstrap.772ab6b527.en.js, line 1: ChunkLoadError: Loading chunk emicalculatorctapwa failed.
(error: https://stc.aeplcdn.com/staticminv2/js/emicalculatorctapwa.b9029238f4.en.js)
JavaScript error: https://stc.aeplcdn.com/staticminv2/js/bootstrap.772ab6b527.en.js, line 1: ChunkLoadError: Loading chunk defaultvendors-c3fbfad5cf562e0215c3958bbc9898fc failed.
(error: https://stc.aeplcdn.com/staticminv2/js/defaultvendors-c3fbfad5cf562e0215c3958bbc9898fc.282de9a8cc.en.js)
JavaScript error: https://stc.aeplcdn.com/staticminv2/js/bootstrap.772ab6b527.en.js, line 1: ChunkLoadError: Loading chunk loadable-global-location-popup failed.
(error: https://stc.aeplcdn.com/staticminv2/js/loadable-global-location-popup.9fb9f9462b.en.js)
JavaScript error: https://stc.aeplcdn.com/staticminv2/js/bootstrap.772ab6b527.en.js, line 1: ChunkLoadError: Loading chunk defaultvendors-c3fbfad5cf562e0215c3958bbc9898fc failed.
(error: https://stc.aeplcdn.com/staticminv2/js/defaultvendors-c3fbfad5cf562e0215c3958bbc9898fc.282de9a8cc.en.js)
JavaScript error: https://stc.aeplcdn.com/staticminv2/js/bootstrap.772ab6b527.en.js, line 1: ChunkLoadError: Loading chunk loadable-global-location-popup failed.
(error: https://stc.aeplcdn.com/staticminv2/js/loadable-global-location-popup.9fb9f9462b.en.js)
JavaScript error: https://stc.aeplcdn.com/staticminv2/js/bootstrap.772ab6b527.en.js, line 1: ChunkLoadError: Loading chunk defaultvendors-b64ad3764e669b46d34322d6b0b1679b failed.
(error: https://stc.aeplcdn.com/staticminv2/js/defaultvendors-b64ad3764e669b46d34322d6b0b1679b.b900415645.en.js)
JavaScript error: https://stc.aeplcdn.com/staticminv2/js/bootstrap.772ab6b527.en.js, line 1: ChunkLoadError: Loading chunk emicalculatorctapwa failed.
(error: https://stc.aeplcdn.com/staticminv2/js/emicalculatorctapwa.b9029238f4.en.js)
JavaScript error: https://stc.aeplcdn.com/staticminv2/js/bootstrap.772ab6b527.en.js, line 1: ChunkLoadError: Loading chunk defaultvendors-c3fbfad5cf562e0215c3958bbc9898fc failed.
(error: https://stc.aeplcdn.com/staticminv2/js/defaultvendors-c3fbfad5cf562e0215c3958bbc9898fc.282de9a8cc.en.js)
JavaScript error: https://stc.aeplcdn.com/staticminv2/js/bootstrap.772ab6b527.en.js, line 1: ChunkLoadError: Loading chunk loadable-global-location-popup failed.
(error: https://stc.aeplcdn.com/staticminv2/js/loadable-global-location-popup.9fb9f9462b.en.js)
JavaScript error: resource://gre/actors/ContentMetaChild.sys.mjs, line 179: InvalidStateError: JSWindowActorChild.sendAsyncMessage: JSWindowActorChild cannot send at the moment
1699285594456	Marionette	WARN	Ignoring event 'DOMContentLoaded' because document has an invalid readyState of 'complete'.
JavaScript error: https://stc.aeplcdn.com/staticminv2/js/bootstrap.772ab6b527.en.js, line 1: ChunkLoadError: Loading chunk defaultvendors-b64ad3764e669b46d34322d6b0b1679b failed.
(error: https://stc.aeplcdn.com/staticminv2/js/defaultvendors-b64ad3764e669b46d34322d6b0b1679b.b900415645.en.js)
JavaScript error: https://stc.aeplcdn.com/staticminv2/js/bootstrap.772ab6b527.en.js, line 1: ChunkLoadError: Loading chunk emicalculatorctapwa failed.
(error: https://stc.aeplcdn.com/staticminv2/js/emicalculatorctapwa.b9029238f4.en.js)
JavaScript error: https://stc.aeplcdn.com/staticminv2/js/bootstrap.772ab6b527.en.js, line 1: ChunkLoadError: Loading chunk defaultvendors-c3fbfad5cf562e0215c3958bbc9898fc failed.
(error: https://stc.aeplcdn.com/staticminv2/js/defaultvendors-c3fbfad5cf562e0215c3958bbc9898fc.282de9a8cc.en.js)
JavaScript error: https://stc.aeplcdn.com/staticminv2/js/bootstrap.772ab6b527.en.js, line 1: ChunkLoadError: Loading chunk loadable-global-location-popup failed.
(error: https://stc.aeplcdn.com/staticminv2/js/loadable-global-location-popup.9fb9f9462b.en.js)
1699285611924	Marionette	WARN	Ignoring event 'DOMContentLoaded' because document has an invalid readyState of 'complete'.
JavaScript error: https://stc.aeplcdn.com/staticminv2/js/bootstrap.772ab6b527.en.js, line 1: ChunkLoadError: Loading chunk defaultvendors-b64ad3764e669b46d34322d6b0b1679b failed.
(error: https://stc.aeplcdn.com/staticminv2/js/defaultvendors-b64ad3764e669b46d34322d6b0b1679b.b900415645.en.js)
JavaScript error: https://stc.aeplcdn.com/staticminv2/js/bootstrap.772ab6b527.en.js, line 1: ChunkLoadError: Loading chunk emicalculatorctapwa failed.
(error: https://stc.aeplcdn.com/staticminv2/js/emicalculatorctapwa.b9029238f4.en.js)
JavaScript error: https://stc.aeplcdn.com/staticminv2/js/bootstrap.772ab6b527.en.js, line 1: ChunkLoadError: Loading chunk defaultvendors-c3fbfad5cf562e0215c3958bbc9898fc failed.
(error: https://stc.aeplcdn.com/staticminv2/js/defaultvendors-c3fbfad5cf562e0215c3958bbc9898fc.282de9a8cc.en.js)
JavaScript error: https://stc.aeplcdn.com/staticminv2/js/bootstrap.772ab6b527.en.js, line 1: ChunkLoadError: Loading chunk loadable-global-location-popup failed.
(error: https://stc.aeplcdn.com/staticminv2/js/loadable-global-location-popup.9fb9f9462b.en.js)
1699285620910	Marionette	WARN	Ignoring event 'DOMContentLoaded' because document has an invalid readyState of 'complete'.
1699285743446	Marionette	WARN	Ignoring event 'DOMContentLoaded' because document has an invalid readyState of 'complete'.
JavaScript error: https://stc.aeplcdn.com/staticminv2/js/bootstrap.772ab6b527.en.js, line 1: ChunkLoadError: Loading chunk defaultvendors-b64ad3764e669b46d34322d6b0b1679b failed.
(error: https://stc.aeplcdn.com/staticminv2/js/defaultvendors-b64ad3764e669b46d34322d6b0b1679b.b900415645.en.js)
JavaScript error: https://stc.aeplcdn.com/staticminv2/js/bootstrap.772ab6b527.en.js, line 1: ChunkLoadError: Loading chunk emicalculatorctapwa failed.
(error: https://stc.aeplcdn.com/staticminv2/js/emicalculatorctapwa.b9029238f4.en.js)
JavaScript error: https://stc.aeplcdn.com/staticminv2/js/bootstrap.772ab6b527.en.js, line 1: ChunkLoadError: Loading chunk defaultvendors-c3fbfad5cf562e0215c3958bbc9898fc failed.
(error: https://stc.aeplcdn.com/staticminv2/js/defaultvendors-c3fbfad5cf562e0215c3958bbc9898fc.282de9a8cc.en.js)
JavaScript error: https://stc.aeplcdn.com/staticminv2/js/bootstrap.772ab6b527.en.js, line 1: ChunkLoadError: Loading chunk loadable-global-location-popup failed.
(error: https://stc.aeplcdn.com/staticminv2/js/loadable-global-location-popup.9fb9f9462b.en.js)
JavaScript error: https://stc.aeplcdn.com/staticminv2/js/bootstrap.772ab6b527.en.js, line 1: ChunkLoadError: Loading chunk defaultvendors-c308d2cf88701799bdd53704299dc1f2 failed.
(error: https://stc.aeplcdn.com/staticminv2/js/defaultvendors-c308d2cf88701799bdd53704299dc1f2.af638972a1.en.js)
JavaScript error: https://stc.aeplcdn.com/staticminv2/js/bootstrap.772ab6b527.en.js, line 1: ChunkLoadError: Loading chunk defaultvendors-c308d2cf88701799bdd53704299dc1f2 failed.
(error: https://stc.aeplcdn.com/staticminv2/js/defaultvendors-c308d2cf88701799bdd53704299dc1f2.af638972a1.en.js)
JavaScript error: https://stc.aeplcdn.com/staticminv2/js/bootstrap.772ab6b527.en.js, line 1: ChunkLoadError: Loading chunk location-popup-content-pv2 failed.
(error: https://stc.aeplcdn.com/staticminv2/js/location-popup-content-pv2.9455f6862f.en.js)
JavaScript error: https://stc.aeplcdn.com/staticminv2/js/bootstrap.772ab6b527.en.js, line 1: ChunkLoadError: Loading chunk location-popup-content-pv2 failed.
(error: https://stc.aeplcdn.com/staticminv2/js/location-popup-content-pv2.9455f6862f.en.js)
1699285793291	Marionette	WARN	Ignoring event 'DOMContentLoaded' because document has an invalid readyState of 'complete'.
1699285806072	Marionette	WARN	Ignoring event 'DOMContentLoaded' because document has an invalid readyState of 'complete'.
JavaScript error: https://stc.aeplcdn.com/staticminv2/js/bootstrap.772ab6b527.en.js, line 1: ChunkLoadError: Loading chunk defaultvendors-b64ad3764e669b46d34322d6b0b1679b failed.
(error: https://stc.aeplcdn.com/staticminv2/js/defaultvendors-b64ad3764e669b46d34322d6b0b1679b.b900415645.en.js)
JavaScript error: https://stc.aeplcdn.com/staticminv2/js/bootstrap.772ab6b527.en.js, line 1: ChunkLoadError: Loading chunk emicalculatorctapwa failed.
(error: https://stc.aeplcdn.com/staticminv2/js/emicalculatorctapwa.b9029238f4.en.js)
JavaScript error: https://stc.aeplcdn.com/staticminv2/js/bootstrap.772ab6b527.en.js, line 1: ChunkLoadError: Loading chunk defaultvendors-c3fbfad5cf562e0215c3958bbc9898fc failed.
(error: https://stc.aeplcdn.com/staticminv2/js/defaultvendors-c3fbfad5cf562e0215c3958bbc9898fc.282de9a8cc.en.js)
JavaScript error: https://stc.aeplcdn.com/staticminv2/js/bootstrap.772ab6b527.en.js, line 1: ChunkLoadError: Loading chunk loadable-global-location-popup failed.
(error: https://stc.aeplcdn.com/staticminv2/js/loadable-global-location-popup.9fb9f9462b.en.js)
JavaScript warning: https://www.youtube.com/s/player/9d15588c/player_ias.vflset/en_US/base.js, line 8218: Script terminated by timeout at:
g.k.oa@https://www.youtube.com/s/player/9d15588c/player_ias.vflset/en_US/base.js:8218:16
g.cG.prototype.oa@https://www.youtube.com/s/player/9d15588c/player_ias.vflset/en_US/base.js:8600:72
g.k.sendAbandonmentPing@https://www.youtube.com/s/player/9d15588c/player_ias.vflset/en_US/base.js:12086:75
g.k.sendAbandonmentPing@https://www.youtube.com/s/player/9d15588c/player_ias.vflset/en_US/base.js:10203:62
XT/a.state.j[b]@https://www.youtube.com/s/player/9d15588c/player_ias.vflset/en_US/base.js:4756:53
Ix/<@https://www.youtube.com/s/player/9d15588c/www-embed-player.vflset/www-embed-player.js:1834:107
Ux@https://www.youtube.com/s/player/9d15588c/www-embed-player.vflset/www-embed-player.js:1867:46
Yx<@https://www.youtube.com/s/player/9d15588c/www-embed-player.vflset/www-embed-player.js:1874:183
ll/<@https://www.youtube.com/s/player/9d15588c/www-embed-player.vflset/www-embed-player.js:868:63

JavaScript warning: https://www.youtube.com/embed/jzB_MTnUi-k?autoplay=0&disablekb=1&modestbranding=1&rel=0&enablejsapi=1&origin=https%3A%2F%2Fwww.carwale.com&widgetid=1 line 851 > injectedScript line 2 > eval line 3008 > eval line 1 > eval line 1 > eval, line 1: WEBGL_debug_renderer_info is deprecated in Firefox and will be removed. Please use RENDERER.
JavaScript warning: https://www.google.com/js/th/FHpo6pEqcSRgVdNkQyOrWf56osNa_SwdaUPxzrL5JrM.js line 2 > eval line 6051 > eval line 1 > eval line 1 > eval, line 1: WEBGL_debug_renderer_info is deprecated in Firefox and will be removed. Please use RENDERER.
JavaScript warning: https://www.google.com/js/th/FHpo6pEqcSRgVdNkQyOrWf56osNa_SwdaUPxzrL5JrM.js line 2 > eval line 2119 > eval line 1 > eval line 1 > eval, line 1: WEBGL_debug_renderer_info is deprecated in Firefox and will be removed. Please use RENDERER.
1699285820758	Marionette	WARN	Ignoring event 'DOMContentLoaded' because document has an invalid readyState of 'complete'.
1699285856075	Marionette	WARN	Ignoring event 'DOMContentLoaded' because document has an invalid readyState of 'complete'.
JavaScript error: https://stc.aeplcdn.com/staticminv2/js/bootstrap.772ab6b527.en.js, line 1: ChunkLoadError: Loading chunk defaultvendors-c3fbfad5cf562e0215c3958bbc9898fc failed.
(error: https://stc.aeplcdn.com/staticminv2/js/defaultvendors-c3fbfad5cf562e0215c3958bbc9898fc.282de9a8cc.en.js)
JavaScript error: https://stc.aeplcdn.com/staticminv2/js/bootstrap.772ab6b527.en.js, line 1: ChunkLoadError: Loading chunk loadable-global-location-popup failed.
(error: https://stc.aeplcdn.com/staticminv2/js/loadable-global-location-popup.9fb9f9462b.en.js)
JavaScript error: https://stc.aeplcdn.com/staticminv2/js/bootstrap.772ab6b527.en.js, line 1: ChunkLoadError: Loading chunk adsense- failed.
(error: https://stc.aeplcdn.com/staticminv2/js/adsense-.f1be6155e1.en.js)
1699285922183	Marionette	WARN	Ignoring event 'DOMContentLoaded' because document has an invalid readyState of 'complete'.
JavaScript error: https://stc.aeplcdn.com/staticminv2/js/bootstrap.772ab6b527.en.js, line 1: ChunkLoadError: Loading chunk defaultvendors-b64ad3764e669b46d34322d6b0b1679b failed.
(error: https://stc.aeplcdn.com/staticminv2/js/defaultvendors-b64ad3764e669b46d34322d6b0b1679b.b900415645.en.js)
JavaScript error: https://stc.aeplcdn.com/staticminv2/js/bootstrap.772ab6b527.en.js, line 1: ChunkLoadError: Loading chunk emicalculatorctapwa failed.
(error: https://stc.aeplcdn.com/staticminv2/js/emicalculatorctapwa.b9029238f4.en.js)
JavaScript error: https://stc.aeplcdn.com/staticminv2/js/bootstrap.772ab6b527.en.js, line 1: ChunkLoadError: Loading chunk defaultvendors-c3fbfad5cf562e0215c3958bbc9898fc failed.
(error: https://stc.aeplcdn.com/staticminv2/js/defaultvendors-c3fbfad5cf562e0215c3958bbc9898fc.282de9a8cc.en.js)
JavaScript error: https://stc.aeplcdn.com/staticminv2/js/bootstrap.772ab6b527.en.js, line 1: ChunkLoadError: Loading chunk loadable-global-location-popup failed.
(error: https://stc.aeplcdn.com/staticminv2/js/loadable-global-location-popup.9fb9f9462b.en.js)
JavaScript error: https://stc.aeplcdn.com/staticminv2/js/bootstrap.772ab6b527.en.js, line 1: ChunkLoadError: Loading chunk defaultvendors-b64ad3764e669b46d34322d6b0b1679b failed.
(error: https://stc.aeplcdn.com/staticminv2/js/defaultvendors-b64ad3764e669b46d34322d6b0b1679b.b900415645.en.js)
JavaScript error: https://stc.aeplcdn.com/staticminv2/js/bootstrap.772ab6b527.en.js, line 1: ChunkLoadError: Loading chunk emicalculatorctapwa failed.
(error: https://stc.aeplcdn.com/staticminv2/js/emicalculatorctapwa.b9029238f4.en.js)
JavaScript error: https://stc.aeplcdn.com/staticminv2/js/bootstrap.772ab6b527.en.js, line 1: ChunkLoadError: Loading chunk defaultvendors-c3fbfad5cf562e0215c3958bbc9898fc failed.
(error: https://stc.aeplcdn.com/staticminv2/js/defaultvendors-c3fbfad5cf562e0215c3958bbc9898fc.282de9a8cc.en.js)
JavaScript error: https://stc.aeplcdn.com/staticminv2/js/bootstrap.772ab6b527.en.js, line 1: ChunkLoadError: Loading chunk loadable-global-location-popup failed.
(error: https://stc.aeplcdn.com/staticminv2/js/loadable-global-location-popup.9fb9f9462b.en.js)
JavaScript error: resource://gre/actors/ContentMetaChild.sys.mjs, line 179: InvalidStateError: JSWindowActorChild.sendAsyncMessage: JSWindowActorChild cannot send at the moment
1699286006703	Marionette	WARN	Ignoring event 'DOMContentLoaded' because document has an invalid readyState of 'complete'.
JavaScript error: https://stc.aeplcdn.com/staticminv2/js/bootstrap.772ab6b527.en.js, line 1: ChunkLoadError: Loading chunk defaultvendors-b64ad3764e669b46d34322d6b0b1679b failed.
(error: https://stc.aeplcdn.com/staticminv2/js/defaultvendors-b64ad3764e669b46d34322d6b0b1679b.b900415645.en.js)
JavaScript error: https://stc.aeplcdn.com/staticminv2/js/bootstrap.772ab6b527.en.js, line 1: ChunkLoadError: Loading chunk emicalculatorctapwa failed.
(error: https://stc.aeplcdn.com/staticminv2/js/emicalculatorctapwa.b9029238f4.en.js)
JavaScript error: https://stc.aeplcdn.com/staticminv2/js/bootstrap.772ab6b527.en.js, line 1: ChunkLoadError: Loading chunk defaultvendors-c3fbfad5cf562e0215c3958bbc9898fc failed.
(error: https://stc.aeplcdn.com/staticminv2/js/defaultvendors-c3fbfad5cf562e0215c3958bbc9898fc.282de9a8cc.en.js)
JavaScript error: https://stc.aeplcdn.com/staticminv2/js/bootstrap.772ab6b527.en.js, line 1: ChunkLoadError: Loading chunk loadable-global-location-popup failed.
(error: https://stc.aeplcdn.com/staticminv2/js/loadable-global-location-popup.9fb9f9462b.en.js)
1699286029797	Marionette	WARN	Ignoring event 'DOMContentLoaded' because document has an invalid readyState of 'complete'.
JavaScript error: https://stc.aeplcdn.com/staticminv2/js/bootstrap.772ab6b527.en.js, line 1: ChunkLoadError: Loading chunk defaultvendors-c3fbfad5cf562e0215c3958bbc9898fc failed.
(error: https://stc.aeplcdn.com/staticminv2/js/defaultvendors-c3fbfad5cf562e0215c3958bbc9898fc.282de9a8cc.en.js)
JavaScript error: https://stc.aeplcdn.com/staticminv2/js/bootstrap.772ab6b527.en.js, line 1: ChunkLoadError: Loading chunk loadable-global-location-popup failed.
(error: https://stc.aeplcdn.com/staticminv2/js/loadable-global-location-popup.9fb9f9462b.en.js)
JavaScript error: https://stc.aeplcdn.com/staticminv2/js/bootstrap.772ab6b527.en.js, line 1: ChunkLoadError: Loading chunk defaultvendors-c3fbfad5cf562e0215c3958bbc9898fc failed.
(error: https://stc.aeplcdn.com/staticminv2/js/defaultvendors-c3fbfad5cf562e0215c3958bbc9898fc.282de9a8cc.en.js)
JavaScript error: https://stc.aeplcdn.com/staticminv2/js/bootstrap.772ab6b527.en.js, line 1: ChunkLoadError: Loading chunk loadable-global-location-popup failed.
(error: https://stc.aeplcdn.com/staticminv2/js/loadable-global-location-popup.9fb9f9462b.en.js)
1699286173953	Marionette	WARN	Ignoring event 'DOMContentLoaded' because document has an invalid readyState of 'complete'.
JavaScript error: https://stc.aeplcdn.com/staticminv2/js/bootstrap.772ab6b527.en.js, line 1: ChunkLoadError: Loading chunk defaultvendors-c3fbfad5cf562e0215c3958bbc9898fc failed.
(error: https://stc.aeplcdn.com/staticminv2/js/defaultvendors-c3fbfad5cf562e0215c3958bbc9898fc.282de9a8cc.en.js)
JavaScript error: https://stc.aeplcdn.com/staticminv2/js/bootstrap.772ab6b527.en.js, line 1: ChunkLoadError: Loading chunk loadable-global-location-popup failed.
(error: https://stc.aeplcdn.com/staticminv2/js/loadable-global-location-popup.9fb9f9462b.en.js)
1699286191547	Marionette	WARN	Ignoring event 'DOMContentLoaded' because document has an invalid readyState of 'complete'.
1699286259926	Marionette	WARN	Ignoring event 'DOMContentLoaded' because document has an invalid readyState of 'complete'.
JavaScript error: https://stc.aeplcdn.com/staticminv2/js/bootstrap.772ab6b527.en.js, line 1: ChunkLoadError: Loading chunk defaultvendors-c3fbfad5cf562e0215c3958bbc9898fc failed.
(error: https://stc.aeplcdn.com/staticminv2/js/defaultvendors-c3fbfad5cf562e0215c3958bbc9898fc.282de9a8cc.en.js)
JavaScript error: https://stc.aeplcdn.com/staticminv2/js/bootstrap.772ab6b527.en.js, line 1: ChunkLoadError: Loading chunk loadable-global-location-popup failed.
(error: https://stc.aeplcdn.com/staticminv2/js/loadable-global-location-popup.9fb9f9462b.en.js)
1699286315751	Marionette	WARN	Ignoring event 'DOMContentLoaded' because document has an invalid readyState of 'complete'.
JavaScript error: https://stc.aeplcdn.com/staticminv2/js/bootstrap.772ab6b527.en.js, line 1: ChunkLoadError: Loading chunk defaultvendors-c3fbfad5cf562e0215c3958bbc9898fc failed.
(error: https://stc.aeplcdn.com/staticminv2/js/defaultvendors-c3fbfad5cf562e0215c3958bbc9898fc.282de9a8cc.en.js)
JavaScript error: https://stc.aeplcdn.com/staticminv2/js/bootstrap.772ab6b527.en.js, line 1: ChunkLoadError: Loading chunk loadable-global-location-popup failed.
(error: https://stc.aeplcdn.com/staticminv2/js/loadable-global-location-popup.9fb9f9462b.en.js)
JavaScript error: https://stc.aeplcdn.com/staticminv2/js/bootstrap.772ab6b527.en.js, line 1: ChunkLoadError: Loading chunk adsense- failed.
(error: https://stc.aeplcdn.com/staticminv2/js/adsense-.f1be6155e1.en.js)
JavaScript error: https://stc.aeplcdn.com/staticminv2/js/bootstrap.772ab6b527.en.js, line 1: ChunkLoadError: Loading chunk defaultvendors-c308d2cf88701799bdd53704299dc1f2 failed.
(error: https://stc.aeplcdn.com/staticminv2/js/defaultvendors-c308d2cf88701799bdd53704299dc1f2.af638972a1.en.js)
JavaScript error: https://stc.aeplcdn.com/staticminv2/js/bootstrap.772ab6b527.en.js, line 1: ChunkLoadError: Loading chunk defaultvendors-c308d2cf88701799bdd53704299dc1f2 failed.
(error: https://stc.aeplcdn.com/staticminv2/js/defaultvendors-c308d2cf88701799bdd53704299dc1f2.af638972a1.en.js)
JavaScript error: https://stc.aeplcdn.com/staticminv2/js/bootstrap.772ab6b527.en.js, line 1: ChunkLoadError: Loading chunk location-popup-content-pv2 failed.
(error: https://stc.aeplcdn.com/staticminv2/js/location-popup-content-pv2.9455f6862f.en.js)
JavaScript error: https://stc.aeplcdn.com/staticminv2/js/bootstrap.772ab6b527.en.js, line 1: ChunkLoadError: Loading chunk location-popup-content-pv2 failed.
(error: https://stc.aeplcdn.com/staticminv2/js/location-popup-content-pv2.9455f6862f.en.js)
1699286398690	Marionette	WARN	Ignoring event 'DOMContentLoaded' because document has an invalid readyState of 'complete'.
JavaScript error: https://stc.aeplcdn.com/staticminv2/js/bootstrap.772ab6b527.en.js, line 1: ChunkLoadError: Loading chunk defaultvendors-c3fbfad5cf562e0215c3958bbc9898fc failed.
(error: https://stc.aeplcdn.com/staticminv2/js/defaultvendors-c3fbfad5cf562e0215c3958bbc9898fc.282de9a8cc.en.js)
JavaScript error: https://stc.aeplcdn.com/staticminv2/js/bootstrap.772ab6b527.en.js, line 1: ChunkLoadError: Loading chunk loadable-global-location-popup failed.
(error: https://stc.aeplcdn.com/staticminv2/js/loadable-global-location-popup.9fb9f9462b.en.js)
1699286426584	Marionette	WARN	Ignoring event 'DOMContentLoaded' because document has an invalid readyState of 'complete'.
1699286541995	Marionette	WARN	Ignoring event 'DOMContentLoaded' because document has an invalid readyState of 'complete'.
JavaScript error: https://stc.aeplcdn.com/staticminv2/js/bootstrap.772ab6b527.en.js, line 1: ChunkLoadError: Loading chunk defaultvendors-c3fbfad5cf562e0215c3958bbc9898fc failed.
(error: https://stc.aeplcdn.com/staticminv2/js/defaultvendors-c3fbfad5cf562e0215c3958bbc9898fc.282de9a8cc.en.js)
JavaScript error: https://stc.aeplcdn.com/staticminv2/js/bootstrap.772ab6b527.en.js, line 1: ChunkLoadError: Loading chunk loadable-global-location-popup failed.
(error: https://stc.aeplcdn.com/staticminv2/js/loadable-global-location-popup.9fb9f9462b.en.js)
1699286614907	Marionette	INFO	Stopped listening on port 58697
Dynamically enable window occlusion 1
1699286808272	geckodriver	INFO	Listening on 127.0.0.1:54081
1699286811314	mozrunner::runner	INFO	Running command: "C:\\Program Files\\Mozilla Firefox\\firefox.exe" "--marionette" "--remote-debugging-port" "54082" "--remote-allow-hosts" "localhost" "-no-remote" "-profile" "C:\\Users\\siddh\\AppData\\Local\\Temp\\rust_mozprofile5cqNbH"
console.warn: services.settings: Ignoring preference override of remote settings server
console.warn: services.settings: Allow by setting MOZ_REMOTE_SETTINGS_DEVTOOLS=1 in the environment
1699286811897	Marionette	INFO	Marionette enabled
Dynamically enable window occlusion 0
1699286811978	Marionette	INFO	Listening on port 54124
WebDriver BiDi listening on ws://127.0.0.1:54082
Read port: 54124
1699286812172	RemoteAgent	WARN	TLS certificate errors will be ignored for this session
DevTools listening on ws://127.0.0.1:54082/devtools/browser/80d2bab3-e013-493f-bf11-3d03eff16cde
JavaScript error: , line 0: TypeError: NetworkError when attempting to fetch resource.
JavaScript error: , line 0: TypeError: NetworkError when attempting to fetch resource.
JavaScript warning: https://pagead2.googlesyndication.com/bg/4WwaGfWzeDAeGvs0ZrtmWMJUG7fu6zGPBJzQt4duOkA.js line 2 > eval line 5690 > eval line 1 > eval line 1 > eval, line 1: WEBGL_debug_renderer_info is deprecated in Firefox and will be removed. Please use RENDERER.
1699286842830	addons.xpi	ERROR	System addon update list error SyntaxError: XMLHttpRequest.open: 'http://%(server)s/dummy-system-addons.xml' is not a valid URL.
1699287634559	geckodriver	INFO	Listening on 127.0.0.1:57134
1699287637602	mozrunner::runner	INFO	Running command: "C:\\Program Files\\Mozilla Firefox\\firefox.exe" "--marionette" "--remote-debugging-port" "57135" "--remote-allow-hosts" "localhost" "-no-remote" "-profile" "C:\\Users\\siddh\\AppData\\Local\\Temp\\rust_mozprofile8oH9dU"
console.warn: services.settings: Ignoring preference override of remote settings server
console.warn: services.settings: Allow by setting MOZ_REMOTE_SETTINGS_DEVTOOLS=1 in the environment
1699287638195	Marionette	INFO	Marionette enabled
Dynamically enable window occlusion 0
1699287638258	Marionette	INFO	Listening on port 57185
Read port: 57185
WebDriver BiDi listening on ws://127.0.0.1:57135
1699287638344	RemoteAgent	WARN	TLS certificate errors will be ignored for this session
DevTools listening on ws://127.0.0.1:57135/devtools/browser/79f7bfa5-864f-4646-a66c-80d3f2695091
JavaScript warning: https://pagead2.googlesyndication.com/bg/4WwaGfWzeDAeGvs0ZrtmWMJUG7fu6zGPBJzQt4duOkA.js line 2 > eval line 7227 > eval line 1 > eval line 1 > eval, line 1: WEBGL_debug_renderer_info is deprecated in Firefox and will be removed. Please use RENDERER.
1699287668894	addons.xpi	ERROR	System addon update list error SyntaxError: XMLHttpRequest.open: 'http://%(server)s/dummy-system-addons.xml' is not a valid URL.
JavaScript warning: https://www.googletagmanager.com/gtag/js?id=G-Z81QVQY510&l=dataLayer&cx=c, line 190: Script terminated by timeout at:
l@https://www.googletagmanager.com/gtag/js?id=G-Z81QVQY510&l=dataLayer&cx=c:190:17
lA@https://www.googletagmanager.com/gtag/js?id=G-Z81QVQY510&l=dataLayer&cx=c:513:134
mA/<@https://www.googletagmanager.com/gtag/js?id=G-Z81QVQY510&l=dataLayer&cx=c:513:111

JavaScript error: , line 0: TypeError: NetworkError when attempting to fetch resource.
1699287698271	Marionette	INFO	Stopped listening on port 57185
Dynamically enable window occlusion 1
*** UTM:SVC TimerManager:registerTimer called after profile-before-change notification. Ignoring timer registration for id: telemetry_modules_ping
*** UTM:SVC TimerManager:registerTimer called after profile-before-change notification. Ignoring timer registration for id: telemetry_untrustedmodules_ping
1699287747909	geckodriver	INFO	Listening on 127.0.0.1:57685
1699287750959	mozrunner::runner	INFO	Running command: "C:\\Program Files\\Mozilla Firefox\\firefox.exe" "--marionette" "--remote-debugging-port" "57686" "--remote-allow-hosts" "localhost" "-no-remote" "-profile" "C:\\Users\\siddh\\AppData\\Local\\Temp\\rust_mozprofilekC5Lup"
console.warn: services.settings: Ignoring preference override of remote settings server
console.warn: services.settings: Allow by setting MOZ_REMOTE_SETTINGS_DEVTOOLS=1 in the environment
1699287751488	Marionette	INFO	Marionette enabled
Dynamically enable window occlusion 0
1699287751549	Marionette	INFO	Listening on port 57716
WebDriver BiDi listening on ws://127.0.0.1:57686
Read port: 57716
1699287751756	RemoteAgent	WARN	TLS certificate errors will be ignored for this session
DevTools listening on ws://127.0.0.1:57686/devtools/browser/b61dc5db-a1c9-46e8-9402-11dce5afeff2
JavaScript warning: https://pagead2.googlesyndication.com/bg/4WwaGfWzeDAeGvs0ZrtmWMJUG7fu6zGPBJzQt4duOkA.js line 2 > eval line 6748 > eval line 1 > eval line 1 > eval, line 1: WEBGL_debug_renderer_info is deprecated in Firefox and will be removed. Please use RENDERER.
1699287781580	addons.xpi	ERROR	System addon update list error SyntaxError: XMLHttpRequest.open: 'http://%(server)s/dummy-system-addons.xml' is not a valid URL.
JavaScript error: https://stc.aeplcdn.com/staticminv2/js/bootstrap.772ab6b527.en.js, line 1: ChunkLoadError: Loading chunk loadable-global-location-popup failed.
(error: https://stc.aeplcdn.com/staticminv2/js/loadable-global-location-popup.9fb9f9462b.en.js)
JavaScript error: https://stc.aeplcdn.com/staticminv2/js/bootstrap.772ab6b527.en.js, line 1: ChunkLoadError: Loading chunk adsense- failed.
(error: https://stc.aeplcdn.com/staticminv2/js/adsense-.f1be6155e1.en.js)
1699287888010	Marionette	INFO	Stopped listening on port 57716
JavaScript warning: https://www.googletagmanager.com/gtag/js?id=AW-999894061, line 87: Script terminated by timeout at:
La.prototype.get@https://www.googletagmanager.com/gtag/js?id=AW-999894061:87:173
Oi@https://www.googletagmanager.com/gtag/js?id=AW-999894061:178:349
qu@https://www.googletagmanager.com/gtag/js?id=AW-999894061:383:432
Dw@https://www.googletagmanager.com/gtag/js?id=AW-999894061:404:39
Ox@https://www.googletagmanager.com/gtag/js?id=AW-999894061:425:272
Rx@https://www.googletagmanager.com/gtag/js?id=AW-999894061:430:57
Vx/b.push@https://www.googletagmanager.com/gtag/js?id=AW-999894061:434:315
Vx/b.push@https://www.googletagmanager.com/gtm.js?id=GTM-W2Z3ZM:423:165
Vx/b.push@https://www.googletagmanager.com/gtag/js?id=G-Z81QVQY510&l=dataLayer&cx=c:496:165
trackAction/<@https://stc.aeplcdn.com/staticminv2/js/v2/app/cwtracking-f208e0fca3.js:1:6918

Dynamically enable window occlusion 1
